Copyright 1986-2019 Xilinx, Inc. All Rights Reserved.
------------------------------------------------------------------------------------------
| Tool Version : Vivado v.2019.2 (win64) Build 2708876 Wed Nov  6 21:40:23 MST 2019
| Date         : Thu Nov 21 15:47:12 2024
| Host         : ES2167 running 64-bit major release  (build 9200)
| Command      : report_control_sets -verbose -file AES_F_wrapper_control_sets_placed.rpt
| Design       : AES_F_wrapper
| Device       : xc7z010
------------------------------------------------------------------------------------------

Control Set Information

Table of Contents
-----------------
1. Summary
2. Histogram
3. Flip-Flop Distribution
4. Detailed Control Set Information

1. Summary
----------

+----------------------------------------------------------+-------+
|                          Status                          | Count |
+----------------------------------------------------------+-------+
| Total control sets                                       |   143 |
|    Minimum number of control sets                        |   143 |
|    Addition due to synthesis replication                 |     0 |
|    Addition due to physical synthesis replication        |     0 |
| Unused register locations in slices containing registers |   116 |
+----------------------------------------------------------+-------+
* Control sets can be merged at opt_design using control_set_merge or merge_equivalent_drivers
** Run report_qor_suggestions for automated merging and remapping suggestions


2. Histogram
------------

+--------------------+-------+
|       Fanout       | Count |
+--------------------+-------+
| Total control sets |   143 |
| >= 0 to < 4        |     1 |
| >= 4 to < 6        |    13 |
| >= 6 to < 8        |     3 |
| >= 8 to < 10       |   101 |
| >= 10 to < 12      |     2 |
| >= 12 to < 14      |     1 |
| >= 14 to < 16      |     2 |
| >= 16              |    20 |
+--------------------+-------+
* Control sets can be remapped at either synth_design or opt_design


3. Flip-Flop Distribution
-------------------------

+--------------+-----------------------+------------------------+-----------------+--------------+
| Clock Enable | Synchronous Set/Reset | Asynchronous Set/Reset | Total Registers | Total Slices |
+--------------+-----------------------+------------------------+-----------------+--------------+
| No           | No                    | No                     |             158 |           48 |
| No           | No                    | Yes                    |               8 |            5 |
| No           | Yes                   | No                     |              45 |           21 |
| Yes          | No                    | No                     |             783 |          380 |
| Yes          | No                    | Yes                    |             268 |          214 |
| Yes          | Yes                   | No                     |             902 |          426 |
+--------------+-----------------------+------------------------+-----------------+--------------+


4. Detailed Control Set Information
-----------------------------------

+----------------------------------------------+-------------------------------------------------------------------------------------------------------------------------------------------------------------+----------------------------------------------------------------------------------------------------------------------------------------------------+------------------+----------------+
|                 Clock Signal                 |                                                                        Enable Signal                                                                        |                                                                  Set/Reset Signal                                                                  | Slice Load Count | Bel Load Count |
+----------------------------------------------+-------------------------------------------------------------------------------------------------------------------------------------------------------------+----------------------------------------------------------------------------------------------------------------------------------------------------+------------------+----------------+
|  AES_F_i/processing_system7_0/inst/FCLK_CLK0 | AES_F_i/ps7_0_axi_periph/s00_couplers/auto_pc/inst/gen_axilite.gen_b2s_conv.axilite_b2s/WR.b_channel_0/bid_fifo_0/bresp_push                                |                                                                                                                                                    |                1 |              2 |
|  AES_F_i/processing_system7_0/inst/FCLK_CLK0 | AES_F_i/AES_ENC_0/U0/AES_ENC_v1_0_S00_AXI_inst/axi_awready0                                                                                                 | AES_F_i/AES_ENC_0/U0/axi_awready_i_1_n_0                                                                                                           |                1 |              4 |
|  AES_F_i/processing_system7_0/inst/FCLK_CLK0 |                                                                                                                                                             | AES_F_i/AES_DEC_0/U0/AES_DEC_v1_0_S00_AXI_inst/slv_reg12[0]                                                                                        |                3 |              4 |
|  AES_F_i/processing_system7_0/inst/FCLK_CLK0 |                                                                                                                                                             | AES_F_i/AES_ENC_0/U0/AES_ENC_v1_0_S00_AXI_inst/slv_reg12[0]                                                                                        |                2 |              4 |
|  AES_F_i/processing_system7_0/inst/FCLK_CLK0 |                                                                                                                                                             | AES_F_i/rst_ps7_0_50M/U0/EXT_LPF/lpf_int                                                                                                           |                2 |              4 |
|  AES_F_i/processing_system7_0/inst/FCLK_CLK0 |                                                                                                                                                             | AES_F_i/ps7_0_axi_periph/s00_couplers/auto_pc/inst/gen_axilite.gen_b2s_conv.axilite_b2s/SI_REG/ar.ar_pipe/aresetn_d_reg[1]_inv_0                   |                3 |              4 |
|  AES_F_i/processing_system7_0/inst/FCLK_CLK0 |                                                                                                                                                             | AES_F_i/ps7_0_axi_periph/s00_couplers/auto_pc/inst/gen_axilite.gen_b2s_conv.axilite_b2s/SI_REG/aw.aw_pipe/aresetn_d_reg[0]_0                       |                3 |              4 |
|  AES_F_i/processing_system7_0/inst/FCLK_CLK0 | AES_F_i/AES_DEC_0/U0/AES_DEC_v1_0_S00_AXI_inst/axi_arready0                                                                                                 | AES_F_i/AES_DEC_0/U0/axi_awready_i_1_n_0                                                                                                           |                1 |              4 |
|  AES_F_i/processing_system7_0/inst/FCLK_CLK0 | AES_F_i/AES_DEC_0/U0/AES_DEC_v1_0_S00_AXI_inst/axi_awready0                                                                                                 | AES_F_i/AES_DEC_0/U0/axi_awready_i_1_n_0                                                                                                           |                1 |              4 |
|  AES_F_i/processing_system7_0/inst/FCLK_CLK0 | AES_F_i/AES_ENC_0/U0/AES_ENC_v1_0_S00_AXI_inst/axi_arready0                                                                                                 | AES_F_i/AES_ENC_0/U0/axi_awready_i_1_n_0                                                                                                           |                1 |              4 |
|  AES_F_i/processing_system7_0/inst/FCLK_CLK0 | AES_F_i/ps7_0_axi_periph/s00_couplers/auto_pc/inst/gen_axilite.gen_b2s_conv.axilite_b2s/RD.r_channel_0/transaction_fifo_0/cnt_read[4]_i_1__0_n_0            | AES_F_i/ps7_0_axi_periph/s00_couplers/auto_pc/inst/gen_axilite.gen_b2s_conv.axilite_b2s/areset_d1                                                  |                1 |              5 |
|  AES_F_i/processing_system7_0/inst/FCLK_CLK0 | AES_F_i/ps7_0_axi_periph/s00_couplers/auto_pc/inst/gen_axilite.gen_b2s_conv.axilite_b2s/WR.aw_channel_0/aw_cmd_fsm_0/m_valid_i_reg_0                        | AES_F_i/ps7_0_axi_periph/s00_couplers/auto_pc/inst/gen_axilite.gen_b2s_conv.axilite_b2s/WR.aw_channel_0/aw_cmd_fsm_0/m_valid_i_reg                 |                2 |              5 |
|  AES_F_i/processing_system7_0/inst/FCLK_CLK0 | AES_F_i/ps7_0_axi_periph/s00_couplers/auto_pc/inst/gen_axilite.gen_b2s_conv.axilite_b2s/RD.ar_channel_0/ar_cmd_fsm_0/m_axi_arready_0                        | AES_F_i/ps7_0_axi_periph/s00_couplers/auto_pc/inst/gen_axilite.gen_b2s_conv.axilite_b2s/RD.ar_channel_0/ar_cmd_fsm_0/FSM_sequential_state_reg[1]_0 |                2 |              5 |
|  AES_F_i/processing_system7_0/inst/FCLK_CLK0 | AES_F_i/ps7_0_axi_periph/s00_couplers/auto_pc/inst/gen_axilite.gen_b2s_conv.axilite_b2s/RD.r_channel_0/transaction_fifo_0/E[0]                              | AES_F_i/ps7_0_axi_periph/s00_couplers/auto_pc/inst/gen_axilite.gen_b2s_conv.axilite_b2s/areset_d1                                                  |                2 |              5 |
|  AES_F_i/processing_system7_0/inst/FCLK_CLK0 |                                                                                                                                                             | AES_F_i/AES_DEC_0/U0/axi_awready_i_1_n_0                                                                                                           |                2 |              6 |
|  AES_F_i/processing_system7_0/inst/FCLK_CLK0 |                                                                                                                                                             | AES_F_i/AES_ENC_0/U0/axi_awready_i_1_n_0                                                                                                           |                2 |              6 |
|  AES_F_i/processing_system7_0/inst/FCLK_CLK0 | AES_F_i/rst_ps7_0_50M/U0/SEQ/seq_cnt_en                                                                                                                     | AES_F_i/rst_ps7_0_50M/U0/SEQ/SEQ_COUNTER/clear                                                                                                     |                1 |              6 |
|  AES_F_i/processing_system7_0/inst/FCLK_CLK0 | AES_F_i/AES_DEC_0/U0/AES_DEC_v1_0_S00_AXI_inst/slv_reg5[23]_i_1_n_0                                                                                         | AES_F_i/AES_DEC_0/U0/axi_awready_i_1_n_0                                                                                                           |                4 |              8 |
|  AES_F_i/processing_system7_0/inst/FCLK_CLK0 | AES_F_i/ps7_0_axi_periph/s00_couplers/auto_pc/inst/gen_axilite.gen_b2s_conv.axilite_b2s/WR.aw_channel_0/aw_cmd_fsm_0/E[0]                                   |                                                                                                                                                    |                2 |              8 |
|  AES_F_i/processing_system7_0/inst/FCLK_CLK0 | AES_F_i/AES_DEC_0/U0/AES_DEC_v1_0_S00_AXI_inst/slv_reg12[15]_i_1_n_0                                                                                        | AES_F_i/AES_DEC_0/U0/axi_awready_i_1_n_0                                                                                                           |                1 |              8 |
|  AES_F_i/processing_system7_0/inst/FCLK_CLK0 | AES_F_i/AES_DEC_0/U0/AES_DEC_v1_0_S00_AXI_inst/slv_reg12[23]_i_1_n_0                                                                                        | AES_F_i/AES_DEC_0/U0/axi_awready_i_1_n_0                                                                                                           |                3 |              8 |
|  AES_F_i/processing_system7_0/inst/FCLK_CLK0 | AES_F_i/AES_DEC_0/U0/AES_DEC_v1_0_S00_AXI_inst/slv_reg4[31]_i_1_n_0                                                                                         | AES_F_i/AES_DEC_0/U0/axi_awready_i_1_n_0                                                                                                           |                6 |              8 |
|  AES_F_i/processing_system7_0/inst/FCLK_CLK0 | AES_F_i/AES_DEC_0/U0/AES_DEC_v1_0_S00_AXI_inst/slv_reg15[15]_i_1_n_0                                                                                        | AES_F_i/AES_DEC_0/U0/axi_awready_i_1_n_0                                                                                                           |                3 |              8 |
|  AES_F_i/processing_system7_0/inst/FCLK_CLK0 | AES_F_i/AES_DEC_0/U0/AES_DEC_v1_0_S00_AXI_inst/slv_reg15[7]_i_1_n_0                                                                                         | AES_F_i/AES_DEC_0/U0/axi_awready_i_1_n_0                                                                                                           |                3 |              8 |
|  AES_F_i/processing_system7_0/inst/FCLK_CLK0 | AES_F_i/AES_DEC_0/U0/AES_DEC_v1_0_S00_AXI_inst/slv_reg12[31]_i_1_n_0                                                                                        | AES_F_i/AES_DEC_0/U0/axi_awready_i_1_n_0                                                                                                           |                2 |              8 |
|  AES_F_i/processing_system7_0/inst/FCLK_CLK0 | AES_F_i/AES_DEC_0/U0/AES_DEC_v1_0_S00_AXI_inst/slv_reg2[23]_i_1_n_0                                                                                         | AES_F_i/AES_DEC_0/U0/axi_awready_i_1_n_0                                                                                                           |                3 |              8 |
|  AES_F_i/processing_system7_0/inst/FCLK_CLK0 | AES_F_i/AES_DEC_0/U0/AES_DEC_v1_0_S00_AXI_inst/slv_reg6[15]_i_1_n_0                                                                                         | AES_F_i/AES_DEC_0/U0/axi_awready_i_1_n_0                                                                                                           |                7 |              8 |
|  AES_F_i/processing_system7_0/inst/FCLK_CLK0 | AES_F_i/AES_DEC_0/U0/AES_DEC_v1_0_S00_AXI_inst/slv_reg15[23]_i_1_n_0                                                                                        | AES_F_i/AES_DEC_0/U0/axi_awready_i_1_n_0                                                                                                           |                5 |              8 |
|  AES_F_i/processing_system7_0/inst/FCLK_CLK0 | AES_F_i/AES_DEC_0/U0/AES_DEC_v1_0_S00_AXI_inst/slv_reg6[7]_i_1_n_0                                                                                          | AES_F_i/AES_DEC_0/U0/axi_awready_i_1_n_0                                                                                                           |                6 |              8 |
|  AES_F_i/processing_system7_0/inst/FCLK_CLK0 | AES_F_i/AES_DEC_0/U0/AES_DEC_v1_0_S00_AXI_inst/slv_reg14[31]_i_1_n_0                                                                                        | AES_F_i/AES_DEC_0/U0/axi_awready_i_1_n_0                                                                                                           |                2 |              8 |
|  AES_F_i/processing_system7_0/inst/FCLK_CLK0 | AES_F_i/AES_DEC_0/U0/AES_DEC_v1_0_S00_AXI_inst/slv_reg7[23]_i_1_n_0                                                                                         | AES_F_i/AES_DEC_0/U0/axi_awready_i_1_n_0                                                                                                           |                6 |              8 |
|  AES_F_i/processing_system7_0/inst/FCLK_CLK0 | AES_F_i/AES_DEC_0/U0/AES_DEC_v1_0_S00_AXI_inst/slv_reg3[23]_i_1_n_0                                                                                         | AES_F_i/AES_DEC_0/U0/axi_awready_i_1_n_0                                                                                                           |                2 |              8 |
|  AES_F_i/processing_system7_0/inst/FCLK_CLK0 | AES_F_i/AES_DEC_0/U0/AES_DEC_v1_0_S00_AXI_inst/slv_reg13[31]_i_1_n_0                                                                                        | AES_F_i/AES_DEC_0/U0/axi_awready_i_1_n_0                                                                                                           |                1 |              8 |
|  AES_F_i/processing_system7_0/inst/FCLK_CLK0 | AES_F_i/AES_DEC_0/U0/AES_DEC_v1_0_S00_AXI_inst/slv_reg14[7]_i_1_n_0                                                                                         | AES_F_i/AES_DEC_0/U0/axi_awready_i_1_n_0                                                                                                           |                4 |              8 |
|  AES_F_i/processing_system7_0/inst/FCLK_CLK0 | AES_F_i/AES_DEC_0/U0/AES_DEC_v1_0_S00_AXI_inst/slv_reg1[31]_i_1_n_0                                                                                         | AES_F_i/AES_DEC_0/U0/axi_awready_i_1_n_0                                                                                                           |                2 |              8 |
|  AES_F_i/processing_system7_0/inst/FCLK_CLK0 | AES_F_i/AES_DEC_0/U0/AES_DEC_v1_0_S00_AXI_inst/slv_reg13[23]_i_1_n_0                                                                                        | AES_F_i/AES_DEC_0/U0/axi_awready_i_1_n_0                                                                                                           |                2 |              8 |
|  AES_F_i/processing_system7_0/inst/FCLK_CLK0 | AES_F_i/AES_DEC_0/U0/AES_DEC_v1_0_S00_AXI_inst/slv_reg14[15]_i_1_n_0                                                                                        | AES_F_i/AES_DEC_0/U0/axi_awready_i_1_n_0                                                                                                           |                2 |              8 |
|  AES_F_i/processing_system7_0/inst/FCLK_CLK0 | AES_F_i/AES_DEC_0/U0/AES_DEC_v1_0_S00_AXI_inst/slv_reg3[15]_i_1_n_0                                                                                         | AES_F_i/AES_DEC_0/U0/axi_awready_i_1_n_0                                                                                                           |                2 |              8 |
|  AES_F_i/processing_system7_0/inst/FCLK_CLK0 | AES_F_i/AES_DEC_0/U0/AES_DEC_v1_0_S00_AXI_inst/slv_reg5[15]_i_1_n_0                                                                                         | AES_F_i/AES_DEC_0/U0/axi_awready_i_1_n_0                                                                                                           |                6 |              8 |
|  AES_F_i/processing_system7_0/inst/FCLK_CLK0 | AES_F_i/AES_DEC_0/U0/AES_DEC_v1_0_S00_AXI_inst/slv_reg7[7]_i_1_n_0                                                                                          | AES_F_i/AES_DEC_0/U0/axi_awready_i_1_n_0                                                                                                           |                7 |              8 |
|  AES_F_i/processing_system7_0/inst/FCLK_CLK0 | AES_F_i/AES_DEC_0/U0/AES_DEC_v1_0_S00_AXI_inst/slv_reg13[7]_i_1_n_0                                                                                         | AES_F_i/AES_DEC_0/U0/axi_awready_i_1_n_0                                                                                                           |                2 |              8 |
|  AES_F_i/processing_system7_0/inst/FCLK_CLK0 | AES_F_i/AES_DEC_0/U0/AES_DEC_v1_0_S00_AXI_inst/slv_reg1[15]_i_1_n_0                                                                                         | AES_F_i/AES_DEC_0/U0/axi_awready_i_1_n_0                                                                                                           |                1 |              8 |
|  AES_F_i/processing_system7_0/inst/FCLK_CLK0 | AES_F_i/AES_DEC_0/U0/AES_DEC_v1_0_S00_AXI_inst/slv_reg4[15]_i_1_n_0                                                                                         | AES_F_i/AES_DEC_0/U0/axi_awready_i_1_n_0                                                                                                           |                4 |              8 |
|  AES_F_i/processing_system7_0/inst/FCLK_CLK0 | AES_F_i/AES_DEC_0/U0/AES_DEC_v1_0_S00_AXI_inst/slv_reg1[23]_i_1_n_0                                                                                         | AES_F_i/AES_DEC_0/U0/axi_awready_i_1_n_0                                                                                                           |                3 |              8 |
|  AES_F_i/processing_system7_0/inst/FCLK_CLK0 | AES_F_i/AES_DEC_0/U0/AES_DEC_v1_0_S00_AXI_inst/slv_reg2[31]_i_1_n_0                                                                                         | AES_F_i/AES_DEC_0/U0/axi_awready_i_1_n_0                                                                                                           |                2 |              8 |
|  AES_F_i/processing_system7_0/inst/FCLK_CLK0 | AES_F_i/AES_DEC_0/U0/AES_DEC_v1_0_S00_AXI_inst/slv_reg12[7]_i_1_n_0                                                                                         | AES_F_i/AES_DEC_0/U0/axi_awready_i_1_n_0                                                                                                           |                3 |              8 |
|  AES_F_i/processing_system7_0/inst/FCLK_CLK0 | AES_F_i/AES_DEC_0/U0/AES_DEC_v1_0_S00_AXI_inst/slv_reg3[7]_i_1_n_0                                                                                          | AES_F_i/AES_DEC_0/U0/axi_awready_i_1_n_0                                                                                                           |                4 |              8 |
|  AES_F_i/processing_system7_0/inst/FCLK_CLK0 | AES_F_i/AES_DEC_0/U0/AES_DEC_v1_0_S00_AXI_inst/slv_reg4[7]_i_1_n_0                                                                                          | AES_F_i/AES_DEC_0/U0/axi_awready_i_1_n_0                                                                                                           |                5 |              8 |
|  AES_F_i/processing_system7_0/inst/FCLK_CLK0 | AES_F_i/AES_DEC_0/U0/AES_DEC_v1_0_S00_AXI_inst/slv_reg7[31]_i_1_n_0                                                                                         | AES_F_i/AES_DEC_0/U0/axi_awready_i_1_n_0                                                                                                           |                5 |              8 |
|  AES_F_i/processing_system7_0/inst/FCLK_CLK0 | AES_F_i/AES_DEC_0/U0/AES_DEC_v1_0_S00_AXI_inst/slv_reg2[7]_i_1_n_0                                                                                          | AES_F_i/AES_DEC_0/U0/axi_awready_i_1_n_0                                                                                                           |                5 |              8 |
|  AES_F_i/processing_system7_0/inst/FCLK_CLK0 | AES_F_i/AES_DEC_0/U0/AES_DEC_v1_0_S00_AXI_inst/slv_reg5[31]_i_1_n_0                                                                                         | AES_F_i/AES_DEC_0/U0/axi_awready_i_1_n_0                                                                                                           |                4 |              8 |
|  AES_F_i/processing_system7_0/inst/FCLK_CLK0 | AES_F_i/AES_DEC_0/U0/AES_DEC_v1_0_S00_AXI_inst/slv_reg13[15]_i_1_n_0                                                                                        | AES_F_i/AES_DEC_0/U0/axi_awready_i_1_n_0                                                                                                           |                2 |              8 |
|  AES_F_i/processing_system7_0/inst/FCLK_CLK0 | AES_F_i/AES_DEC_0/U0/AES_DEC_v1_0_S00_AXI_inst/slv_reg5[7]_i_1_n_0                                                                                          | AES_F_i/AES_DEC_0/U0/axi_awready_i_1_n_0                                                                                                           |                5 |              8 |
|  AES_F_i/processing_system7_0/inst/FCLK_CLK0 | AES_F_i/AES_DEC_0/U0/AES_DEC_v1_0_S00_AXI_inst/slv_reg3[31]_i_1_n_0                                                                                         | AES_F_i/AES_DEC_0/U0/axi_awready_i_1_n_0                                                                                                           |                3 |              8 |
|  AES_F_i/processing_system7_0/inst/FCLK_CLK0 | AES_F_i/AES_DEC_0/U0/AES_DEC_v1_0_S00_AXI_inst/slv_reg6[23]_i_1_n_0                                                                                         | AES_F_i/AES_DEC_0/U0/axi_awready_i_1_n_0                                                                                                           |                6 |              8 |
|  AES_F_i/processing_system7_0/inst/FCLK_CLK0 | AES_F_i/AES_DEC_0/U0/AES_DEC_v1_0_S00_AXI_inst/slv_reg14[23]_i_1_n_0                                                                                        | AES_F_i/AES_DEC_0/U0/axi_awready_i_1_n_0                                                                                                           |                2 |              8 |
|  AES_F_i/processing_system7_0/inst/FCLK_CLK0 | AES_F_i/AES_DEC_0/U0/AES_DEC_v1_0_S00_AXI_inst/slv_reg1[7]_i_1_n_0                                                                                          | AES_F_i/AES_DEC_0/U0/axi_awready_i_1_n_0                                                                                                           |                2 |              8 |
|  AES_F_i/processing_system7_0/inst/FCLK_CLK0 | AES_F_i/AES_DEC_0/U0/AES_DEC_v1_0_S00_AXI_inst/slv_reg2[15]_i_1_n_0                                                                                         | AES_F_i/AES_DEC_0/U0/axi_awready_i_1_n_0                                                                                                           |                2 |              8 |
|  AES_F_i/processing_system7_0/inst/FCLK_CLK0 | AES_F_i/AES_DEC_0/U0/AES_DEC_v1_0_S00_AXI_inst/slv_reg4[23]_i_1_n_0                                                                                         | AES_F_i/AES_DEC_0/U0/axi_awready_i_1_n_0                                                                                                           |                7 |              8 |
|  AES_F_i/processing_system7_0/inst/FCLK_CLK0 | AES_F_i/AES_DEC_0/U0/AES_DEC_v1_0_S00_AXI_inst/slv_reg6[31]_i_1_n_0                                                                                         | AES_F_i/AES_DEC_0/U0/axi_awready_i_1_n_0                                                                                                           |                4 |              8 |
|  AES_F_i/processing_system7_0/inst/FCLK_CLK0 | AES_F_i/AES_DEC_0/U0/AES_DEC_v1_0_S00_AXI_inst/slv_reg7[15]_i_1_n_0                                                                                         | AES_F_i/AES_DEC_0/U0/axi_awready_i_1_n_0                                                                                                           |                6 |              8 |
|  AES_F_i/processing_system7_0/inst/FCLK_CLK0 | AES_F_i/AES_DEC_0/U0/AES_DEC_v1_0_S00_AXI_inst/slv_reg15[31]_i_1_n_0                                                                                        | AES_F_i/AES_DEC_0/U0/axi_awready_i_1_n_0                                                                                                           |                2 |              8 |
|  AES_F_i/processing_system7_0/inst/FCLK_CLK0 | AES_F_i/AES_DEC_0/U0/AES_DEC_v1_0_S00_AXI_inst/p_1_in[7]                                                                                                    | AES_F_i/AES_DEC_0/U0/axi_awready_i_1_n_0                                                                                                           |                2 |              8 |
|  AES_F_i/processing_system7_0/inst/FCLK_CLK0 | AES_F_i/AES_DEC_0/U0/AES_DEC_v1_0_S00_AXI_inst/p_1_in[15]                                                                                                   | AES_F_i/AES_DEC_0/U0/axi_awready_i_1_n_0                                                                                                           |                2 |              8 |
|  AES_F_i/processing_system7_0/inst/FCLK_CLK0 | AES_F_i/AES_DEC_0/U0/AES_DEC_v1_0_S00_AXI_inst/p_1_in[31]                                                                                                   | AES_F_i/AES_DEC_0/U0/axi_awready_i_1_n_0                                                                                                           |                2 |              8 |
|  AES_F_i/processing_system7_0/inst/FCLK_CLK0 | AES_F_i/AES_DEC_0/U0/AES_DEC_v1_0_S00_AXI_inst/p_1_in[23]                                                                                                   | AES_F_i/AES_DEC_0/U0/axi_awready_i_1_n_0                                                                                                           |                1 |              8 |
|  AES_F_i/processing_system7_0/inst/FCLK_CLK0 | AES_F_i/AES_ENC_0/U0/AES_ENC_v1_0_S00_AXI_inst/slv_reg15[31]_i_1_n_0                                                                                        | AES_F_i/AES_ENC_0/U0/axi_awready_i_1_n_0                                                                                                           |                2 |              8 |
|  AES_F_i/processing_system7_0/inst/FCLK_CLK0 | AES_F_i/AES_ENC_0/U0/AES_ENC_v1_0_S00_AXI_inst/slv_reg2[7]_i_1_n_0                                                                                          | AES_F_i/AES_ENC_0/U0/axi_awready_i_1_n_0                                                                                                           |                2 |              8 |
|  AES_F_i/processing_system7_0/inst/FCLK_CLK0 | AES_F_i/AES_ENC_0/U0/AES_ENC_v1_0_S00_AXI_inst/slv_reg5[15]_i_1_n_0                                                                                         | AES_F_i/AES_ENC_0/U0/axi_awready_i_1_n_0                                                                                                           |                4 |              8 |
|  AES_F_i/processing_system7_0/inst/FCLK_CLK0 | AES_F_i/AES_ENC_0/U0/AES_ENC_v1_0_S00_AXI_inst/slv_reg12[7]_i_1_n_0                                                                                         | AES_F_i/AES_ENC_0/U0/axi_awready_i_1_n_0                                                                                                           |                4 |              8 |
|  AES_F_i/processing_system7_0/inst/FCLK_CLK0 | AES_F_i/AES_ENC_0/U0/AES_ENC_v1_0_S00_AXI_inst/slv_reg13[23]_i_1_n_0                                                                                        | AES_F_i/AES_ENC_0/U0/axi_awready_i_1_n_0                                                                                                           |                1 |              8 |
|  AES_F_i/processing_system7_0/inst/FCLK_CLK0 | AES_F_i/AES_ENC_0/U0/AES_ENC_v1_0_S00_AXI_inst/slv_reg5[31]_i_1_n_0                                                                                         | AES_F_i/AES_ENC_0/U0/axi_awready_i_1_n_0                                                                                                           |                5 |              8 |
|  AES_F_i/processing_system7_0/inst/FCLK_CLK0 | AES_F_i/AES_ENC_0/U0/AES_ENC_v1_0_S00_AXI_inst/slv_reg5[23]_i_1_n_0                                                                                         | AES_F_i/AES_ENC_0/U0/axi_awready_i_1_n_0                                                                                                           |                5 |              8 |
|  AES_F_i/processing_system7_0/inst/FCLK_CLK0 | AES_F_i/AES_ENC_0/U0/AES_ENC_v1_0_S00_AXI_inst/slv_reg13[31]_i_1_n_0                                                                                        | AES_F_i/AES_ENC_0/U0/axi_awready_i_1_n_0                                                                                                           |                1 |              8 |
|  AES_F_i/processing_system7_0/inst/FCLK_CLK0 | AES_F_i/AES_ENC_0/U0/AES_ENC_v1_0_S00_AXI_inst/slv_reg12[23]_i_1_n_0                                                                                        | AES_F_i/AES_ENC_0/U0/axi_awready_i_1_n_0                                                                                                           |                2 |              8 |
|  AES_F_i/processing_system7_0/inst/FCLK_CLK0 | AES_F_i/AES_ENC_0/U0/AES_ENC_v1_0_S00_AXI_inst/slv_reg12[31]_i_1_n_0                                                                                        | AES_F_i/AES_ENC_0/U0/axi_awready_i_1_n_0                                                                                                           |                4 |              8 |
|  AES_F_i/processing_system7_0/inst/FCLK_CLK0 | AES_F_i/AES_ENC_0/U0/AES_ENC_v1_0_S00_AXI_inst/slv_reg6[7]_i_1_n_0                                                                                          | AES_F_i/AES_ENC_0/U0/axi_awready_i_1_n_0                                                                                                           |                4 |              8 |
|  AES_F_i/processing_system7_0/inst/FCLK_CLK0 | AES_F_i/AES_ENC_0/U0/AES_ENC_v1_0_S00_AXI_inst/slv_reg3[15]_i_1_n_0                                                                                         | AES_F_i/AES_ENC_0/U0/axi_awready_i_1_n_0                                                                                                           |                1 |              8 |
|  AES_F_i/processing_system7_0/inst/FCLK_CLK0 | AES_F_i/AES_ENC_0/U0/AES_ENC_v1_0_S00_AXI_inst/slv_reg7[15]_i_1_n_0                                                                                         | AES_F_i/AES_ENC_0/U0/axi_awready_i_1_n_0                                                                                                           |                7 |              8 |
|  AES_F_i/processing_system7_0/inst/FCLK_CLK0 | AES_F_i/AES_ENC_0/U0/AES_ENC_v1_0_S00_AXI_inst/slv_reg2[31]_i_1_n_0                                                                                         | AES_F_i/AES_ENC_0/U0/axi_awready_i_1_n_0                                                                                                           |                2 |              8 |
|  AES_F_i/processing_system7_0/inst/FCLK_CLK0 | AES_F_i/AES_ENC_0/U0/AES_ENC_v1_0_S00_AXI_inst/slv_reg15[15]_i_1_n_0                                                                                        | AES_F_i/AES_ENC_0/U0/axi_awready_i_1_n_0                                                                                                           |                4 |              8 |
|  AES_F_i/processing_system7_0/inst/FCLK_CLK0 | AES_F_i/AES_ENC_0/U0/AES_ENC_v1_0_S00_AXI_inst/slv_reg14[7]_i_1_n_0                                                                                         | AES_F_i/AES_ENC_0/U0/axi_awready_i_1_n_0                                                                                                           |                8 |              8 |
|  AES_F_i/processing_system7_0/inst/FCLK_CLK0 | AES_F_i/AES_ENC_0/U0/AES_ENC_v1_0_S00_AXI_inst/slv_reg13[15]_i_1_n_0                                                                                        | AES_F_i/AES_ENC_0/U0/axi_awready_i_1_n_0                                                                                                           |                3 |              8 |
|  AES_F_i/processing_system7_0/inst/FCLK_CLK0 | AES_F_i/AES_ENC_0/U0/AES_ENC_v1_0_S00_AXI_inst/slv_reg15[7]_i_1_n_0                                                                                         | AES_F_i/AES_ENC_0/U0/axi_awready_i_1_n_0                                                                                                           |                4 |              8 |
|  AES_F_i/processing_system7_0/inst/FCLK_CLK0 | AES_F_i/AES_ENC_0/U0/AES_ENC_v1_0_S00_AXI_inst/slv_reg1[15]_i_1_n_0                                                                                         | AES_F_i/AES_ENC_0/U0/axi_awready_i_1_n_0                                                                                                           |                4 |              8 |
|  AES_F_i/processing_system7_0/inst/FCLK_CLK0 | AES_F_i/AES_ENC_0/U0/AES_ENC_v1_0_S00_AXI_inst/slv_reg1[23]_i_1_n_0                                                                                         | AES_F_i/AES_ENC_0/U0/axi_awready_i_1_n_0                                                                                                           |                3 |              8 |
|  AES_F_i/processing_system7_0/inst/FCLK_CLK0 | AES_F_i/AES_ENC_0/U0/AES_ENC_v1_0_S00_AXI_inst/slv_reg6[23]_i_1_n_0                                                                                         | AES_F_i/AES_ENC_0/U0/axi_awready_i_1_n_0                                                                                                           |                4 |              8 |
|  AES_F_i/processing_system7_0/inst/FCLK_CLK0 | AES_F_i/AES_ENC_0/U0/AES_ENC_v1_0_S00_AXI_inst/slv_reg6[31]_i_1_n_0                                                                                         | AES_F_i/AES_ENC_0/U0/axi_awready_i_1_n_0                                                                                                           |                4 |              8 |
|  AES_F_i/processing_system7_0/inst/FCLK_CLK0 | AES_F_i/AES_ENC_0/U0/AES_ENC_v1_0_S00_AXI_inst/slv_reg7[7]_i_1_n_0                                                                                          | AES_F_i/AES_ENC_0/U0/axi_awready_i_1_n_0                                                                                                           |                5 |              8 |
|  AES_F_i/processing_system7_0/inst/FCLK_CLK0 | AES_F_i/AES_ENC_0/U0/AES_ENC_v1_0_S00_AXI_inst/slv_reg4[15]_i_1_n_0                                                                                         | AES_F_i/AES_ENC_0/U0/axi_awready_i_1_n_0                                                                                                           |                4 |              8 |
|  AES_F_i/processing_system7_0/inst/FCLK_CLK0 | AES_F_i/AES_ENC_0/U0/AES_ENC_v1_0_S00_AXI_inst/slv_reg14[23]_i_1_n_0                                                                                        | AES_F_i/AES_ENC_0/U0/axi_awready_i_1_n_0                                                                                                           |                2 |              8 |
|  AES_F_i/processing_system7_0/inst/FCLK_CLK0 | AES_F_i/AES_ENC_0/U0/AES_ENC_v1_0_S00_AXI_inst/slv_reg14[15]_i_1_n_0                                                                                        | AES_F_i/AES_ENC_0/U0/axi_awready_i_1_n_0                                                                                                           |                3 |              8 |
|  AES_F_i/processing_system7_0/inst/FCLK_CLK0 | AES_F_i/AES_ENC_0/U0/AES_ENC_v1_0_S00_AXI_inst/slv_reg2[23]_i_1_n_0                                                                                         | AES_F_i/AES_ENC_0/U0/axi_awready_i_1_n_0                                                                                                           |                2 |              8 |
|  AES_F_i/processing_system7_0/inst/FCLK_CLK0 | AES_F_i/AES_ENC_0/U0/AES_ENC_v1_0_S00_AXI_inst/slv_reg2[15]_i_1_n_0                                                                                         | AES_F_i/AES_ENC_0/U0/axi_awready_i_1_n_0                                                                                                           |                6 |              8 |
|  AES_F_i/processing_system7_0/inst/FCLK_CLK0 | AES_F_i/AES_ENC_0/U0/AES_ENC_v1_0_S00_AXI_inst/slv_reg3[23]_i_1_n_0                                                                                         | AES_F_i/AES_ENC_0/U0/axi_awready_i_1_n_0                                                                                                           |                6 |              8 |
|  AES_F_i/processing_system7_0/inst/FCLK_CLK0 | AES_F_i/AES_ENC_0/U0/AES_ENC_v1_0_S00_AXI_inst/slv_reg1[7]_i_1_n_0                                                                                          | AES_F_i/AES_ENC_0/U0/axi_awready_i_1_n_0                                                                                                           |                2 |              8 |
|  AES_F_i/processing_system7_0/inst/FCLK_CLK0 | AES_F_i/AES_ENC_0/U0/AES_ENC_v1_0_S00_AXI_inst/slv_reg4[31]_i_1_n_0                                                                                         | AES_F_i/AES_ENC_0/U0/axi_awready_i_1_n_0                                                                                                           |                6 |              8 |
|  AES_F_i/processing_system7_0/inst/FCLK_CLK0 | AES_F_i/AES_ENC_0/U0/AES_ENC_v1_0_S00_AXI_inst/slv_reg13[7]_i_1_n_0                                                                                         | AES_F_i/AES_ENC_0/U0/axi_awready_i_1_n_0                                                                                                           |                6 |              8 |
|  AES_F_i/processing_system7_0/inst/FCLK_CLK0 | AES_F_i/AES_ENC_0/U0/AES_ENC_v1_0_S00_AXI_inst/slv_reg3[31]_i_1_n_0                                                                                         | AES_F_i/AES_ENC_0/U0/axi_awready_i_1_n_0                                                                                                           |                7 |              8 |
|  AES_F_i/processing_system7_0/inst/FCLK_CLK0 | AES_F_i/AES_ENC_0/U0/AES_ENC_v1_0_S00_AXI_inst/slv_reg4[23]_i_1_n_0                                                                                         | AES_F_i/AES_ENC_0/U0/axi_awready_i_1_n_0                                                                                                           |                6 |              8 |
|  AES_F_i/processing_system7_0/inst/FCLK_CLK0 | AES_F_i/AES_ENC_0/U0/AES_ENC_v1_0_S00_AXI_inst/slv_reg5[7]_i_1_n_0                                                                                          | AES_F_i/AES_ENC_0/U0/axi_awready_i_1_n_0                                                                                                           |                5 |              8 |
|  AES_F_i/processing_system7_0/inst/FCLK_CLK0 | AES_F_i/AES_ENC_0/U0/AES_ENC_v1_0_S00_AXI_inst/slv_reg7[23]_i_1_n_0                                                                                         | AES_F_i/AES_ENC_0/U0/axi_awready_i_1_n_0                                                                                                           |                6 |              8 |
|  AES_F_i/processing_system7_0/inst/FCLK_CLK0 | AES_F_i/AES_ENC_0/U0/AES_ENC_v1_0_S00_AXI_inst/slv_reg14[31]_i_1_n_0                                                                                        | AES_F_i/AES_ENC_0/U0/axi_awready_i_1_n_0                                                                                                           |                1 |              8 |
|  AES_F_i/processing_system7_0/inst/FCLK_CLK0 | AES_F_i/AES_ENC_0/U0/AES_ENC_v1_0_S00_AXI_inst/slv_reg1[31]_i_1_n_0                                                                                         | AES_F_i/AES_ENC_0/U0/axi_awready_i_1_n_0                                                                                                           |                5 |              8 |
|  AES_F_i/processing_system7_0/inst/FCLK_CLK0 | AES_F_i/AES_ENC_0/U0/AES_ENC_v1_0_S00_AXI_inst/slv_reg3[7]_i_1_n_0                                                                                          | AES_F_i/AES_ENC_0/U0/axi_awready_i_1_n_0                                                                                                           |                2 |              8 |
|  AES_F_i/processing_system7_0/inst/FCLK_CLK0 | AES_F_i/AES_ENC_0/U0/AES_ENC_v1_0_S00_AXI_inst/slv_reg7[31]_i_1_n_0                                                                                         | AES_F_i/AES_ENC_0/U0/axi_awready_i_1_n_0                                                                                                           |                3 |              8 |
|  AES_F_i/processing_system7_0/inst/FCLK_CLK0 | AES_F_i/AES_ENC_0/U0/AES_ENC_v1_0_S00_AXI_inst/slv_reg6[15]_i_1_n_0                                                                                         | AES_F_i/AES_ENC_0/U0/axi_awready_i_1_n_0                                                                                                           |                4 |              8 |
|  AES_F_i/processing_system7_0/inst/FCLK_CLK0 | AES_F_i/AES_ENC_0/U0/AES_ENC_v1_0_S00_AXI_inst/slv_reg4[7]_i_1_n_0                                                                                          | AES_F_i/AES_ENC_0/U0/axi_awready_i_1_n_0                                                                                                           |                4 |              8 |
|  AES_F_i/processing_system7_0/inst/FCLK_CLK0 | AES_F_i/AES_ENC_0/U0/AES_ENC_v1_0_S00_AXI_inst/slv_reg15[23]_i_1_n_0                                                                                        | AES_F_i/AES_ENC_0/U0/axi_awready_i_1_n_0                                                                                                           |                2 |              8 |
|  AES_F_i/processing_system7_0/inst/FCLK_CLK0 | AES_F_i/AES_ENC_0/U0/AES_ENC_v1_0_S00_AXI_inst/slv_reg12[15]_i_1_n_0                                                                                        | AES_F_i/AES_ENC_0/U0/axi_awready_i_1_n_0                                                                                                           |                1 |              8 |
|  AES_F_i/processing_system7_0/inst/FCLK_CLK0 | AES_F_i/AES_ENC_0/U0/AES_ENC_v1_0_S00_AXI_inst/p_1_in[7]                                                                                                    | AES_F_i/AES_ENC_0/U0/axi_awready_i_1_n_0                                                                                                           |                3 |              8 |
|  AES_F_i/processing_system7_0/inst/FCLK_CLK0 | AES_F_i/AES_ENC_0/U0/AES_ENC_v1_0_S00_AXI_inst/p_1_in[15]                                                                                                   | AES_F_i/AES_ENC_0/U0/axi_awready_i_1_n_0                                                                                                           |                6 |              8 |
|  AES_F_i/processing_system7_0/inst/FCLK_CLK0 | AES_F_i/AES_ENC_0/U0/AES_ENC_v1_0_S00_AXI_inst/p_1_in[23]                                                                                                   | AES_F_i/AES_ENC_0/U0/axi_awready_i_1_n_0                                                                                                           |                2 |              8 |
|  AES_F_i/processing_system7_0/inst/FCLK_CLK0 | AES_F_i/AES_ENC_0/U0/AES_ENC_v1_0_S00_AXI_inst/p_1_in[31]                                                                                                   | AES_F_i/AES_ENC_0/U0/axi_awready_i_1_n_0                                                                                                           |                2 |              8 |
|  AES_F_i/processing_system7_0/inst/FCLK_CLK0 | AES_F_i/ps7_0_axi_periph/s00_couplers/auto_pc/inst/gen_axilite.gen_b2s_conv.axilite_b2s/RD.ar_channel_0/ar_cmd_fsm_0/E[0]                                   |                                                                                                                                                    |                4 |              8 |
|  AES_F_i/processing_system7_0/inst/FCLK_CLK0 | AES_F_i/ps7_0_axi_periph/s00_couplers/auto_pc/inst/gen_axilite.gen_b2s_conv.axilite_b2s/WR.aw_channel_0/cmd_translator_0/incr_cmd_0/axaddr_incr[11]_i_1_n_0 |                                                                                                                                                    |                2 |              8 |
|  AES_F_i/processing_system7_0/inst/FCLK_CLK0 | AES_F_i/ps7_0_axi_periph/s00_couplers/auto_pc/inst/gen_axilite.gen_b2s_conv.axilite_b2s/RD.ar_channel_0/ar_cmd_fsm_0/sel_first_reg[0]                       |                                                                                                                                                    |                3 |              8 |
|  AES_F_i/processing_system7_0/inst/FCLK_CLK0 | AES_F_i/ps7_0_axi_periph/s00_couplers/auto_pc/inst/gen_axilite.gen_b2s_conv.axilite_b2s/WR.b_channel_0/mhandshake_r                                         | AES_F_i/ps7_0_axi_periph/s00_couplers/auto_pc/inst/gen_axilite.gen_b2s_conv.axilite_b2s/WR.b_channel_0/bid_fifo_0/SR[0]                            |                2 |              8 |
|  AES_F_i/processing_system7_0/inst/FCLK_CLK0 |                                                                                                                                                             | AES_F_i/ps7_0_axi_periph/s00_couplers/auto_pc/inst/gen_axilite.gen_b2s_conv.axilite_b2s/areset_d1                                                  |                4 |             10 |
|  AES_F_i/processing_system7_0/inst/FCLK_CLK0 |                                                                                                                                                             | AES_F_i/ps7_0_axi_periph/xbar/inst/gen_sasd.crossbar_sasd_0/addr_arbiter_inst/SR[0]                                                                |                5 |             11 |
|  AES_F_i/processing_system7_0/inst/FCLK_CLK0 | AES_F_i/ps7_0_axi_periph/s00_couplers/auto_pc/inst/gen_axilite.gen_b2s_conv.axilite_b2s/RD.r_channel_0/r_push_r                                             |                                                                                                                                                    |                4 |             13 |
|  AES_F_i/processing_system7_0/inst/FCLK_CLK0 | AES_F_i/ps7_0_axi_periph/s00_couplers/auto_pc/inst/gen_axilite.gen_b2s_conv.axilite_b2s/SI_REG/b.b_pipe/s_ready_i_reg_0                                     |                                                                                                                                                    |                3 |             14 |
|  AES_F_i/processing_system7_0/inst/FCLK_CLK0 | AES_F_i/ps7_0_axi_periph/s00_couplers/auto_pc/inst/gen_axilite.gen_b2s_conv.axilite_b2s/SI_REG/b.b_pipe/p_1_in                                              |                                                                                                                                                    |                2 |             14 |
|  AES_F_i/processing_system7_0/inst/FCLK_CLK0 | AES_F_i/ps7_0_axi_periph/s00_couplers/auto_pc/inst/gen_axilite.gen_b2s_conv.axilite_b2s/WR.aw_channel_0/aw_cmd_fsm_0/b_push                                 |                                                                                                                                                    |                3 |             16 |
|  AES_F_i/processing_system7_0/inst/FCLK_CLK0 | AES_F_i/ps7_0_axi_periph/s00_couplers/auto_pc/inst/gen_axilite.gen_b2s_conv.axilite_b2s/RD.ar_channel_0/ar_cmd_fsm_0/m_axi_arready_0                        |                                                                                                                                                    |                7 |             17 |
|  AES_F_i/processing_system7_0/inst/FCLK_CLK0 | AES_F_i/ps7_0_axi_periph/s00_couplers/auto_pc/inst/gen_axilite.gen_b2s_conv.axilite_b2s/WR.aw_channel_0/aw_cmd_fsm_0/m_valid_i_reg_0                        |                                                                                                                                                    |                9 |             17 |
|  AES_F_i/processing_system7_0/inst/FCLK_CLK0 | AES_F_i/ps7_0_axi_periph/xbar/inst/gen_sasd.crossbar_sasd_0/addr_arbiter_inst/p_0_in1_in                                                                    | AES_F_i/ps7_0_axi_periph/xbar/inst/gen_sasd.crossbar_sasd_0/addr_arbiter_inst/SR[0]                                                                |                8 |             20 |
|  AES_F_i/processing_system7_0/inst/FCLK_CLK0 | AES_F_i/AES_ENC_0/U0/AES_ENC_v1_0_S00_AXI_inst/slv_reg_rden                                                                                                 | AES_F_i/AES_ENC_0/U0/axi_awready_i_1_n_0                                                                                                           |               32 |             32 |
|  AES_F_i/processing_system7_0/inst/FCLK_CLK0 | AES_F_i/AES_DEC_0/U0/AES_DEC_v1_0_S00_AXI_inst/slv_reg_rden                                                                                                 | AES_F_i/AES_DEC_0/U0/axi_awready_i_1_n_0                                                                                                           |               28 |             32 |
|  AES_F_i/processing_system7_0/inst/FCLK_CLK0 | AES_F_i/ps7_0_axi_periph/s00_couplers/auto_pc/inst/gen_axilite.gen_b2s_conv.axilite_b2s/RD.r_channel_0/rd_data_fifo_0/wr_en0                                |                                                                                                                                                    |                9 |             34 |
|  AES_F_i/processing_system7_0/inst/FCLK_CLK0 | AES_F_i/ps7_0_axi_periph/xbar/inst/gen_sasd.crossbar_sasd_0/addr_arbiter_inst/E[0]                                                                          |                                                                                                                                                    |                9 |             35 |
|  AES_F_i/processing_system7_0/inst/FCLK_CLK0 | AES_F_i/ps7_0_axi_periph/s00_couplers/auto_pc/inst/gen_axilite.gen_b2s_conv.axilite_b2s/SI_REG/ar.ar_pipe/s_ready_i_reg_0                                   |                                                                                                                                                    |               10 |             44 |
|  AES_F_i/processing_system7_0/inst/FCLK_CLK0 | AES_F_i/ps7_0_axi_periph/s00_couplers/auto_pc/inst/gen_axilite.gen_b2s_conv.axilite_b2s/SI_REG/aw.aw_pipe/s_ready_i_reg_0                                   |                                                                                                                                                    |               12 |             44 |
|  AES_F_i/processing_system7_0/inst/FCLK_CLK0 | AES_F_i/ps7_0_axi_periph/s00_couplers/auto_pc/inst/gen_axilite.gen_b2s_conv.axilite_b2s/WR.aw_channel_0/aw_cmd_fsm_0/m_valid_i_reg_1[0]                     |                                                                                                                                                    |                9 |             44 |
|  AES_F_i/processing_system7_0/inst/FCLK_CLK0 | AES_F_i/ps7_0_axi_periph/s00_couplers/auto_pc/inst/gen_axilite.gen_b2s_conv.axilite_b2s/RD.ar_channel_0/ar_cmd_fsm_0/FSM_sequential_state_reg[1]_1[0]       |                                                                                                                                                    |               11 |             44 |
|  AES_F_i/processing_system7_0/inst/FCLK_CLK0 | AES_F_i/ps7_0_axi_periph/s00_couplers/auto_pc/inst/gen_axilite.gen_b2s_conv.axilite_b2s/SI_REG/r.r_pipe/p_1_in                                              |                                                                                                                                                    |               10 |             47 |
|  AES_F_i/processing_system7_0/inst/FCLK_CLK0 | AES_F_i/ps7_0_axi_periph/s00_couplers/auto_pc/inst/gen_axilite.gen_b2s_conv.axilite_b2s/SI_REG/r.r_pipe/s_ready_i_reg_0                                     |                                                                                                                                                    |               11 |             47 |
|  AES_F_i/processing_system7_0/inst/FCLK_CLK0 | AES_F_i/AES_DEC_0/U0/AES_DEC_v1_0_S00_AXI_inst/my_aes/round_key[127]_i_1_n_0                                                                                |                                                                                                                                                    |               96 |            128 |
|  AES_F_i/processing_system7_0/inst/FCLK_CLK0 | AES_F_i/AES_ENC_0/U0/AES_ENC_v1_0_S00_AXI_inst/my_aes/ciphertext[127]_i_1_n_0                                                                               |                                                                                                                                                    |               77 |            128 |
|  AES_F_i/processing_system7_0/inst/FCLK_CLK0 | AES_F_i/AES_DEC_0/U0/AES_DEC_v1_0_S00_AXI_inst/my_aes/last_round_state[127]_i_1_n_0                                                                         |                                                                                                                                                    |              103 |            128 |
|  AES_F_i/processing_system7_0/inst/FCLK_CLK0 | AES_F_i/AES_DEC_0/U0/AES_DEC_v1_0_S00_AXI_inst/my_aes/state[127]_i_1_n_0                                                                                    | AES_F_i/AES_DEC_0/U0/AES_DEC_v1_0_S00_AXI_inst/slv_reg12[0]                                                                                        |              101 |            132 |
|  AES_F_i/processing_system7_0/inst/FCLK_CLK0 | AES_F_i/AES_ENC_0/U0/AES_ENC_v1_0_S00_AXI_inst/my_aes/round_counter                                                                                         | AES_F_i/AES_ENC_0/U0/AES_ENC_v1_0_S00_AXI_inst/slv_reg12[0]                                                                                        |              113 |            136 |
|  AES_F_i/processing_system7_0/inst/FCLK_CLK0 |                                                                                                                                                             |                                                                                                                                                    |               49 |            159 |
+----------------------------------------------+-------------------------------------------------------------------------------------------------------------------------------------------------------------+----------------------------------------------------------------------------------------------------------------------------------------------------+------------------+----------------+


