Copyright 1986-2019 Xilinx, Inc. All Rights Reserved.
------------------------------------------------------------------------------------
| Tool Version : Vivado v.2019.2 (win64) Build 2708876 Wed Nov  6 21:40:23 MST 2019
| Date         : Thu Nov  7 15:02:33 2024
| Host         : ES2172 running 64-bit major release  (build 9200)
| Command      : upgrade_ip
| Device       : xc7z010clg400-1
------------------------------------------------------------------------------------

Upgrade Log for IP 'system_design_AES_Custom_VHDL_0_0'

1. Summary
----------

SUCCESS in the upgrade of system_design_AES_Custom_VHDL_0_0 (inpg.fr:user:AES_Custom_VHDL:1.0) from (Rev. 2) to (Rev. 3)






Copyright 1986-2019 Xilinx, Inc. All Rights Reserved.
------------------------------------------------------------------------------------
| Tool Version : Vivado v.2019.2 (win64) Build 2708876 Wed Nov  6 21:40:23 MST 2019
| Date         : Thu Nov  7 15:01:57 2024
| Host         : ES2172 running 64-bit major release  (build 9200)
| Command      : upgrade_ip
| Device       : xc7z010clg400-1
------------------------------------------------------------------------------------

Upgrade Log for IP 'system_design_AES_Custom_VHDL_0_0'

1. Summary
----------

SUCCESS in the conversion of system_design_AES_Custom_VHDL_0_0 (inpg.fr:user:AES_Custom_VHDL:1.0 (Rev. 2)) to Vivado generation flows.






Copyright 1986-2019 Xilinx, Inc. All Rights Reserved.
------------------------------------------------------------------------------------
| Tool Version : Vivado v.2019.2 (win64) Build 2708876 Wed Nov  6 21:40:23 MST 2019
| Date         : Thu Nov  7 14:43:38 2024
| Host         : ES2172 running 64-bit major release  (build 9200)
| Command      : upgrade_ip
| Device       : xc7z010clg400-1
------------------------------------------------------------------------------------

Upgrade Log for IP 'system_design_AES_Custom_VHDL_0_0'

1. Summary
----------

SUCCESS in the conversion of system_design_AES_Custom_VHDL_0_0 (inpg.fr:user:AES_Custom_VHDL:1.0 (Rev. 2)) to Vivado generation flows.






Copyright 1986-2019 Xilinx, Inc. All Rights Reserved.
------------------------------------------------------------------------------------
| Tool Version : Vivado v.2019.2 (win64) Build 2708876 Wed Nov  6 21:40:23 MST 2019
| Date         : Thu Nov  7 14:39:43 2024
| Host         : ES2172 running 64-bit major release  (build 9200)
| Command      : upgrade_ip
| Device       : xc7z010clg400-1
------------------------------------------------------------------------------------

Upgrade Log for IP 'system_design_AES_Custom_VHDL_0_0'

1. Summary
----------

SUCCESS in the conversion of system_design_AES_Custom_VHDL_0_0 (inpg.fr:user:AES_Custom_VHDL:1.0 (Rev. 2)) to Vivado generation flows.






Copyright 1986-2019 Xilinx, Inc. All Rights Reserved.
------------------------------------------------------------------------------------
| Tool Version : Vivado v.2019.2 (win64) Build 2708876 Wed Nov  6 21:40:23 MST 2019
| Date         : Thu Nov  7 14:29:53 2024
| Host         : ES2172 running 64-bit major release  (build 9200)
| Command      : upgrade_ip
| Device       : xc7z010clg400-1
------------------------------------------------------------------------------------

Upgrade Log for IP 'system_design_AES_Custom_VHDL_0_0'

1. Summary
----------

SUCCESS in the conversion of system_design_AES_Custom_VHDL_0_0 (inpg.fr:user:AES_Custom_VHDL:1.0 (Rev. 2)) to Vivado generation flows.






Copyright 1986-2019 Xilinx, Inc. All Rights Reserved.
------------------------------------------------------------------------------------
| Tool Version : Vivado v.2019.2 (win64) Build 2708876 Wed Nov  6 21:40:23 MST 2019
| Date         : Thu Nov  7 13:04:05 2024
| Host         : ES2172 running 64-bit major release  (build 9200)
| Command      : upgrade_ip
| Device       : xc7z010clg400-1
------------------------------------------------------------------------------------

Upgrade Log for IP 'system_design_AES_Custom_VHDL_0_0'

1. Summary
----------

SUCCESS in the conversion of system_design_AES_Custom_VHDL_0_0 (inpg.fr:user:AES_Custom_VHDL:1.0 (Rev. 2)) to Vivado generation flows.

