Copyright 1986-2019 Xilinx, Inc. All Rights Reserved.
----------------------------------------------------------------------------------------------------------------------------------------------------------------------------
| Tool Version     : Vivado v.2019.2 (win64) Build 2708876 Wed Nov  6 21:40:23 MST 2019
| Date             : Mon Oct 28 15:05:11 2024
| Host             : ES2172 running 64-bit major release  (build 9200)
| Command          : report_power -file SOC_Our_IP_wrapper_power_routed.rpt -pb SOC_Our_IP_wrapper_power_summary_routed.pb -rpx SOC_Our_IP_wrapper_power_routed.rpx
| Design           : SOC_Our_IP_wrapper
| Device           : xc7z010clg400-1
| Design State     : routed
| Grade            : commercial
| Process          : typical
| Characterization : Production
----------------------------------------------------------------------------------------------------------------------------------------------------------------------------

Power Report

Table of Contents
-----------------
1. Summary
1.1 On-Chip Components
1.2 Power Supply Summary
1.3 Confidence Level
2. Settings
2.1 Environment
2.2 Clock Constraints
3. Detailed Reports
3.1 By Hierarchy

1. Summary
----------

+--------------------------+--------------+
| Total On-Chip Power (W)  | 1.532        |
| Design Power Budget (W)  | Unspecified* |
| Power Budget Margin (W)  | NA           |
| Dynamic (W)              | 1.415        |
| Device Static (W)        | 0.117        |
| Effective TJA (C/W)      | 11.5         |
| Max Ambient (C)          | 67.3         |
| Junction Temperature (C) | 42.7         |
| Confidence Level         | Medium       |
| Setting File             | ---          |
| Simulation Activity File | ---          |
| Design Nets Matched      | NA           |
+--------------------------+--------------+
* Specify Design Power Budget using, set_operating_conditions -design_power_budget <value in Watts>


1.1 On-Chip Components
----------------------

+-------------------------+-----------+----------+-----------+-----------------+
| On-Chip                 | Power (W) | Used     | Available | Utilization (%) |
+-------------------------+-----------+----------+-----------+-----------------+
| Clocks                  |     0.005 |        3 |       --- |             --- |
| Slice Logic             |     0.005 |     5480 |       --- |             --- |
|   LUT as Logic          |     0.004 |     2184 |     17600 |           12.41 |
|   F7/F8 Muxes           |    <0.001 |      480 |     17600 |            2.73 |
|   Register              |    <0.001 |     2114 |     35200 |            6.01 |
|   CARRY4                |    <0.001 |       28 |      4400 |            0.64 |
|   LUT as Shift Register |    <0.001 |       60 |      6000 |            1.00 |
|   Others                |     0.000 |      188 |       --- |             --- |
| Signals                 |     0.006 |     3492 |       --- |             --- |
| PS7                     |     1.399 |        1 |       --- |             --- |
| Static Power            |     0.117 |          |           |                 |
| Total                   |     1.532 |          |           |                 |
+-------------------------+-----------+----------+-----------+-----------------+


1.2 Power Supply Summary
------------------------

+-----------+-------------+-----------+-------------+------------+
| Source    | Voltage (V) | Total (A) | Dynamic (A) | Static (A) |
+-----------+-------------+-----------+-------------+------------+
| Vccint    |       1.000 |     0.022 |       0.016 |      0.007 |
| Vccaux    |       1.800 |     0.008 |       0.000 |      0.008 |
| Vcco33    |       3.300 |     0.000 |       0.000 |      0.000 |
| Vcco25    |       2.500 |     0.000 |       0.000 |      0.000 |
| Vcco18    |       1.800 |     0.000 |       0.000 |      0.000 |
| Vcco15    |       1.500 |     0.000 |       0.000 |      0.000 |
| Vcco135   |       1.350 |     0.000 |       0.000 |      0.000 |
| Vcco12    |       1.200 |     0.000 |       0.000 |      0.000 |
| Vccaux_io |       1.800 |     0.000 |       0.000 |      0.000 |
| Vccbram   |       1.000 |     0.000 |       0.000 |      0.000 |
| MGTAVcc   |       1.000 |     0.000 |       0.000 |      0.000 |
| MGTAVtt   |       1.200 |     0.000 |       0.000 |      0.000 |
| MGTVccaux |       1.800 |     0.000 |       0.000 |      0.000 |
| Vccpint   |       1.000 |     0.745 |       0.717 |      0.028 |
| Vccpaux   |       1.800 |     0.061 |       0.051 |      0.010 |
| Vccpll    |       1.800 |     0.017 |       0.014 |      0.003 |
| Vcco_ddr  |       1.350 |     0.413 |       0.411 |      0.002 |
| Vcco_mio0 |       3.300 |     0.003 |       0.002 |      0.001 |
| Vcco_mio1 |       1.800 |     0.003 |       0.002 |      0.001 |
| Vccadc    |       1.800 |     0.020 |       0.000 |      0.020 |
+-----------+-------------+-----------+-------------+------------+


1.3 Confidence Level
--------------------

+-----------------------------+------------+-------------------------------------------------------+--------------------------------------------------------------------------------------------------------------------+
| User Input Data             | Confidence | Details                                               | Action                                                                                                             |
+-----------------------------+------------+-------------------------------------------------------+--------------------------------------------------------------------------------------------------------------------+
| Design implementation state | High       | Design is routed                                      |                                                                                                                    |
| Clock nodes activity        | Medium     | More than 5% of clocks are missing user specification | Provide missing clock activity with a constraint file, simulation results or by editing the "By Clock Domain" view |
| I/O nodes activity          | High       | User specified more than 95% of inputs                |                                                                                                                    |
| Internal nodes activity     | Medium     | User specified less than 25% of internal nodes        | Provide missing internal nodes activity with simulation results or by editing the "By Resource Type" views         |
| Device models               | High       | Device models are Production                          |                                                                                                                    |
|                             |            |                                                       |                                                                                                                    |
| Overall confidence level    | Medium     |                                                       |                                                                                                                    |
+-----------------------------+------------+-------------------------------------------------------+--------------------------------------------------------------------------------------------------------------------+


2. Settings
-----------

2.1 Environment
---------------

+-----------------------+------------------------+
| Ambient Temp (C)      | 25.0                   |
| ThetaJA (C/W)         | 11.5                   |
| Airflow (LFM)         | 250                    |
| Heat Sink             | none                   |
| ThetaSA (C/W)         | 0.0                    |
| Board Selection       | medium (10"x10")       |
| # of Board Layers     | 8to11 (8 to 11 Layers) |
| Board Temperature (C) | 25.0                   |
+-----------------------+------------------------+


2.2 Clock Constraints
---------------------

+------------+---------------------------------------------------------------+-----------------+
| Clock      | Domain                                                        | Constraint (ns) |
+------------+---------------------------------------------------------------+-----------------+
| clk_fpga_0 | SOC_Our_IP_i/processing_system7_0/inst/FCLK_CLK_unbuffered[0] |            20.0 |
+------------+---------------------------------------------------------------+-----------------+


3. Detailed Reports
-------------------

3.1 By Hierarchy
----------------

+--------------------------+-----------+
| Name                     | Power (W) |
+--------------------------+-----------+
| SOC_Our_IP_wrapper       |     1.415 |
|   SOC_Our_IP_i           |     1.415 |
|     AES_Our_IP_0         |     0.013 |
|       U0                 |     0.013 |
|     processing_system7_0 |     1.399 |
|       inst               |     1.399 |
|     ps7_0_axi_periph     |     0.002 |
|       s00_couplers       |     0.002 |
+--------------------------+-----------+


