Copyright 1986-2019 Xilinx, Inc. All Rights Reserved.
------------------------------------------------------------------------------------
| Tool Version : Vivado v.2019.2 (win64) Build 2708876 Wed Nov  6 21:40:23 MST 2019
| Date         : Thu Nov 21 14:20:10 2024
| Host         : ES2167 running 64-bit major release  (build 9200)
| Command      : upgrade_ip
| Device       : xc7z010clg400-1
------------------------------------------------------------------------------------

Upgrade Log for IP 'AES_ECB_INTR_AES_ECB_INTR_DEC_0_1'

1. Summary
----------

SUCCESS in the upgrade of AES_ECB_INTR_AES_ECB_INTR_DEC_0_1 (inpg.fr:user:AES_ECB_INTR_DEC:1.0) from (Rev. 3) to (Rev. 4)






Copyright 1986-2019 Xilinx, Inc. All Rights Reserved.
------------------------------------------------------------------------------------
| Tool Version : Vivado v.2019.2 (win64) Build 2708876 Wed Nov  6 21:40:23 MST 2019
| Date         : Thu Nov  7 13:53:33 2024
| Host         : ES2167 running 64-bit major release  (build 9200)
| Command      : upgrade_ip
| Device       : xc7z010clg400-1
------------------------------------------------------------------------------------

Upgrade Log for IP 'AES_ECB_INTR_AES_ECB_INTR_0_0'

1. Summary
----------

SUCCESS in the upgrade of AES_ECB_INTR_AES_ECB_INTR_0_0 (inpg.fr:user:AES_ECB_INTR:1.0) from (Rev. 2) to (Rev. 3)

