15:52:53 INFO  : Launching XSCT server: xsct.bat -n  -interactive H:\SOC_Project\SOC_AES_PROJET\SOC_AES_PROJECT\VHDL_INTR\VHDL_INTR\temp_xsdb_launch_script.tcl
15:52:54 INFO  : XSCT server has started successfully.
15:52:55 INFO  : Successfully done setting XSCT server connection channel  
15:52:55 INFO  : plnx-install-location is set to ''
15:52:55 INFO  : Successfully done query RDI_DATADIR 
15:52:55 INFO  : Successfully done setting workspace for the tool. 
15:52:55 INFO  : Registering command handlers for Vitis TCF services
15:56:52 INFO  : Checking for BSP changes to sync application flags for project 'VHDL_Vitis'...
15:58:23 INFO  : Checking for BSP changes to sync application flags for project 'VHDL_Vitis'...
16:07:25 INFO  : Checking for BSP changes to sync application flags for project 'VHDL_Vitis'...
16:07:48 INFO  : Checking for BSP changes to sync application flags for project 'VHDL_Vitis'...
16:12:17 INFO  : Checking for BSP changes to sync application flags for project 'VHDL_Vitis'...
16:12:36 INFO  : Checking for BSP changes to sync application flags for project 'VHDL_Vitis'...
16:13:02 INFO  : Connected to target on host '127.0.0.1' and port '3121'.
16:13:03 INFO  : Jtag cable 'Digilent Zybo Z7 210351AB6FA7A' is selected.
16:13:03 INFO  : 'jtag frequency' command is executed.
16:13:03 INFO  : Context for 'APU' is selected.
16:13:03 INFO  : System reset is completed.
16:13:07 INFO  : 'after 3000' command is executed.
16:13:07 INFO  : 'targets -set -filter {jtag_cable_name =~ "Digilent Zybo Z7 210351AB6FA7A" && level==0} -index 1' command is executed.
16:13:08 INFO  : FPGA configured successfully with bitstream "H:/SOC_Project/SOC_AES_PROJET/SOC_AES_PROJECT/VHDL_INTR/VHDL_INTR/VHDL_Vitis/_ide/bitstream/AES_F_wrapper.bit"
16:13:08 INFO  : Context for 'APU' is selected.
16:13:08 INFO  : Hardware design information is loaded from 'H:/SOC_Project/SOC_AES_PROJET/SOC_AES_PROJECT/VHDL_INTR/VHDL_INTR/AES_F_wrapper/export/AES_F_wrapper/hw/AES_F_wrapper.xsa'.
16:13:08 INFO  : 'configparams force-mem-access 1' command is executed.
16:13:08 INFO  : Context for 'APU' is selected.
16:13:08 INFO  : Sourcing of 'H:/SOC_Project/SOC_AES_PROJET/SOC_AES_PROJECT/VHDL_INTR/VHDL_INTR/VHDL_Vitis/_ide/psinit/ps7_init.tcl' is done.
16:13:08 INFO  : 'ps7_init' command is executed.
16:13:08 INFO  : 'ps7_post_config' command is executed.
16:13:08 INFO  : Context for processor 'ps7_cortexa9_0' is selected.
16:13:09 INFO  : The application 'H:/SOC_Project/SOC_AES_PROJET/SOC_AES_PROJECT/VHDL_INTR/VHDL_INTR/VHDL_Vitis/Debug/VHDL_Vitis.elf' is downloaded to processor 'ps7_cortexa9_0'.
16:13:09 INFO  : 'configparams force-mem-access 0' command is executed.
16:13:09 INFO  : ----------------XSDB Script----------------
connect -url tcp:127.0.0.1:3121
targets -set -nocase -filter {name =~"APU*"}
rst -system
after 3000
targets -set -filter {jtag_cable_name =~ "Digilent Zybo Z7 210351AB6FA7A" && level==0} -index 1
fpga -file H:/SOC_Project/SOC_AES_PROJET/SOC_AES_PROJECT/VHDL_INTR/VHDL_INTR/VHDL_Vitis/_ide/bitstream/AES_F_wrapper.bit
targets -set -nocase -filter {name =~"APU*"}
loadhw -hw H:/SOC_Project/SOC_AES_PROJET/SOC_AES_PROJECT/VHDL_INTR/VHDL_INTR/AES_F_wrapper/export/AES_F_wrapper/hw/AES_F_wrapper.xsa -mem-ranges [list {0x40000000 0xbfffffff}]
configparams force-mem-access 1
targets -set -nocase -filter {name =~"APU*"}
source H:/SOC_Project/SOC_AES_PROJET/SOC_AES_PROJECT/VHDL_INTR/VHDL_INTR/VHDL_Vitis/_ide/psinit/ps7_init.tcl
ps7_init
ps7_post_config
targets -set -nocase -filter {name =~ "*A9*#0"}
dow H:/SOC_Project/SOC_AES_PROJET/SOC_AES_PROJECT/VHDL_INTR/VHDL_INTR/VHDL_Vitis/Debug/VHDL_Vitis.elf
configparams force-mem-access 0
----------------End of Script----------------

16:13:09 INFO  : Memory regions updated for context APU
16:13:09 INFO  : Context for processor 'ps7_cortexa9_0' is selected.
16:13:09 INFO  : 'con' command is executed.
16:13:09 INFO  : ----------------XSDB Script (After Launch)----------------
targets -set -nocase -filter {name =~ "*A9*#0"}
con
----------------End of Script----------------

16:13:09 INFO  : Launch script is exported to file 'H:\SOC_Project\SOC_AES_PROJET\SOC_AES_PROJECT\VHDL_INTR\VHDL_INTR\.sdk\launch_scripts\single_application_debug\systemdebugger_vhdl_vitis_system_standalone.tcl'
16:17:02 INFO  : Checking for BSP changes to sync application flags for project 'VHDL_Vitis'...
16:17:12 INFO  : Disconnected from the channel tcfchan#3.
16:17:12 INFO  : Connected to target on host '127.0.0.1' and port '3121'.
16:17:12 INFO  : Jtag cable 'Digilent Zybo Z7 210351AB6FA7A' is selected.
16:17:12 INFO  : 'jtag frequency' command is executed.
16:17:12 INFO  : Context for 'APU' is selected.
16:17:12 INFO  : System reset is completed.
16:17:15 INFO  : 'after 3000' command is executed.
16:17:15 INFO  : 'targets -set -filter {jtag_cable_name =~ "Digilent Zybo Z7 210351AB6FA7A" && level==0} -index 1' command is executed.
16:17:16 INFO  : FPGA configured successfully with bitstream "H:/SOC_Project/SOC_AES_PROJET/SOC_AES_PROJECT/VHDL_INTR/VHDL_INTR/VHDL_Vitis/_ide/bitstream/AES_F_wrapper.bit"
16:17:16 INFO  : Context for 'APU' is selected.
16:17:16 INFO  : Hardware design information is loaded from 'H:/SOC_Project/SOC_AES_PROJET/SOC_AES_PROJECT/VHDL_INTR/VHDL_INTR/AES_F_wrapper/export/AES_F_wrapper/hw/AES_F_wrapper.xsa'.
16:17:17 INFO  : 'configparams force-mem-access 1' command is executed.
16:17:17 INFO  : Context for 'APU' is selected.
16:17:17 INFO  : Sourcing of 'H:/SOC_Project/SOC_AES_PROJET/SOC_AES_PROJECT/VHDL_INTR/VHDL_INTR/VHDL_Vitis/_ide/psinit/ps7_init.tcl' is done.
16:17:17 INFO  : 'ps7_init' command is executed.
16:17:17 INFO  : 'ps7_post_config' command is executed.
16:17:17 INFO  : Context for processor 'ps7_cortexa9_0' is selected.
16:17:17 INFO  : The application 'H:/SOC_Project/SOC_AES_PROJET/SOC_AES_PROJECT/VHDL_INTR/VHDL_INTR/VHDL_Vitis/Debug/VHDL_Vitis.elf' is downloaded to processor 'ps7_cortexa9_0'.
16:17:17 INFO  : 'configparams force-mem-access 0' command is executed.
16:17:17 INFO  : ----------------XSDB Script----------------
connect -url tcp:127.0.0.1:3121
targets -set -nocase -filter {name =~"APU*"}
rst -system
after 3000
targets -set -filter {jtag_cable_name =~ "Digilent Zybo Z7 210351AB6FA7A" && level==0} -index 1
fpga -file H:/SOC_Project/SOC_AES_PROJET/SOC_AES_PROJECT/VHDL_INTR/VHDL_INTR/VHDL_Vitis/_ide/bitstream/AES_F_wrapper.bit
targets -set -nocase -filter {name =~"APU*"}
loadhw -hw H:/SOC_Project/SOC_AES_PROJET/SOC_AES_PROJECT/VHDL_INTR/VHDL_INTR/AES_F_wrapper/export/AES_F_wrapper/hw/AES_F_wrapper.xsa -mem-ranges [list {0x40000000 0xbfffffff}]
configparams force-mem-access 1
targets -set -nocase -filter {name =~"APU*"}
source H:/SOC_Project/SOC_AES_PROJET/SOC_AES_PROJECT/VHDL_INTR/VHDL_INTR/VHDL_Vitis/_ide/psinit/ps7_init.tcl
ps7_init
ps7_post_config
targets -set -nocase -filter {name =~ "*A9*#0"}
dow H:/SOC_Project/SOC_AES_PROJET/SOC_AES_PROJECT/VHDL_INTR/VHDL_INTR/VHDL_Vitis/Debug/VHDL_Vitis.elf
configparams force-mem-access 0
----------------End of Script----------------

16:17:17 INFO  : Memory regions updated for context APU
16:17:17 INFO  : Context for processor 'ps7_cortexa9_0' is selected.
16:17:17 INFO  : 'con' command is executed.
16:17:17 INFO  : ----------------XSDB Script (After Launch)----------------
targets -set -nocase -filter {name =~ "*A9*#0"}
con
----------------End of Script----------------

16:17:17 INFO  : Launch script is exported to file 'H:\SOC_Project\SOC_AES_PROJET\SOC_AES_PROJECT\VHDL_INTR\VHDL_INTR\.sdk\launch_scripts\single_application_debug\systemdebugger_vhdl_vitis_system_standalone.tcl'
16:17:48 INFO  : Checking for BSP changes to sync application flags for project 'VHDL_Vitis'...
16:17:55 INFO  : Disconnected from the channel tcfchan#4.
16:17:55 INFO  : Connected to target on host '127.0.0.1' and port '3121'.
16:17:55 INFO  : Jtag cable 'Digilent Zybo Z7 210351AB6FA7A' is selected.
16:17:55 INFO  : 'jtag frequency' command is executed.
16:17:55 INFO  : Context for 'APU' is selected.
16:17:56 INFO  : System reset is completed.
16:17:59 INFO  : 'after 3000' command is executed.
16:17:59 INFO  : 'targets -set -filter {jtag_cable_name =~ "Digilent Zybo Z7 210351AB6FA7A" && level==0} -index 1' command is executed.
16:18:00 INFO  : FPGA configured successfully with bitstream "H:/SOC_Project/SOC_AES_PROJET/SOC_AES_PROJECT/VHDL_INTR/VHDL_INTR/VHDL_Vitis/_ide/bitstream/AES_F_wrapper.bit"
16:18:00 INFO  : Context for 'APU' is selected.
16:18:00 INFO  : Hardware design information is loaded from 'H:/SOC_Project/SOC_AES_PROJET/SOC_AES_PROJECT/VHDL_INTR/VHDL_INTR/AES_F_wrapper/export/AES_F_wrapper/hw/AES_F_wrapper.xsa'.
16:18:00 INFO  : 'configparams force-mem-access 1' command is executed.
16:18:00 INFO  : Context for 'APU' is selected.
16:18:00 INFO  : Sourcing of 'H:/SOC_Project/SOC_AES_PROJET/SOC_AES_PROJECT/VHDL_INTR/VHDL_INTR/VHDL_Vitis/_ide/psinit/ps7_init.tcl' is done.
16:18:00 INFO  : 'ps7_init' command is executed.
16:18:00 INFO  : 'ps7_post_config' command is executed.
16:18:00 INFO  : Context for processor 'ps7_cortexa9_0' is selected.
16:18:01 INFO  : The application 'H:/SOC_Project/SOC_AES_PROJET/SOC_AES_PROJECT/VHDL_INTR/VHDL_INTR/VHDL_Vitis/Debug/VHDL_Vitis.elf' is downloaded to processor 'ps7_cortexa9_0'.
16:18:01 INFO  : 'configparams force-mem-access 0' command is executed.
16:18:01 INFO  : ----------------XSDB Script----------------
connect -url tcp:127.0.0.1:3121
targets -set -nocase -filter {name =~"APU*"}
rst -system
after 3000
targets -set -filter {jtag_cable_name =~ "Digilent Zybo Z7 210351AB6FA7A" && level==0} -index 1
fpga -file H:/SOC_Project/SOC_AES_PROJET/SOC_AES_PROJECT/VHDL_INTR/VHDL_INTR/VHDL_Vitis/_ide/bitstream/AES_F_wrapper.bit
targets -set -nocase -filter {name =~"APU*"}
loadhw -hw H:/SOC_Project/SOC_AES_PROJET/SOC_AES_PROJECT/VHDL_INTR/VHDL_INTR/AES_F_wrapper/export/AES_F_wrapper/hw/AES_F_wrapper.xsa -mem-ranges [list {0x40000000 0xbfffffff}]
configparams force-mem-access 1
targets -set -nocase -filter {name =~"APU*"}
source H:/SOC_Project/SOC_AES_PROJET/SOC_AES_PROJECT/VHDL_INTR/VHDL_INTR/VHDL_Vitis/_ide/psinit/ps7_init.tcl
ps7_init
ps7_post_config
targets -set -nocase -filter {name =~ "*A9*#0"}
dow H:/SOC_Project/SOC_AES_PROJET/SOC_AES_PROJECT/VHDL_INTR/VHDL_INTR/VHDL_Vitis/Debug/VHDL_Vitis.elf
configparams force-mem-access 0
----------------End of Script----------------

16:18:01 INFO  : Memory regions updated for context APU
16:18:01 INFO  : Context for processor 'ps7_cortexa9_0' is selected.
16:18:01 INFO  : 'con' command is executed.
16:18:01 INFO  : ----------------XSDB Script (After Launch)----------------
targets -set -nocase -filter {name =~ "*A9*#0"}
con
----------------End of Script----------------

16:18:01 INFO  : Launch script is exported to file 'H:\SOC_Project\SOC_AES_PROJET\SOC_AES_PROJECT\VHDL_INTR\VHDL_INTR\.sdk\launch_scripts\single_application_debug\systemdebugger_vhdl_vitis_system_standalone.tcl'
16:18:44 INFO  : Checking for BSP changes to sync application flags for project 'VHDL_Vitis'...
16:18:51 INFO  : Disconnected from the channel tcfchan#5.
16:18:51 INFO  : Connected to target on host '127.0.0.1' and port '3121'.
16:18:52 INFO  : Jtag cable 'Digilent Zybo Z7 210351AB6FA7A' is selected.
16:18:52 INFO  : 'jtag frequency' command is executed.
16:18:52 INFO  : Context for 'APU' is selected.
16:18:52 INFO  : System reset is completed.
16:18:55 INFO  : 'after 3000' command is executed.
16:18:55 INFO  : 'targets -set -filter {jtag_cable_name =~ "Digilent Zybo Z7 210351AB6FA7A" && level==0} -index 1' command is executed.
16:18:56 INFO  : FPGA configured successfully with bitstream "H:/SOC_Project/SOC_AES_PROJET/SOC_AES_PROJECT/VHDL_INTR/VHDL_INTR/VHDL_Vitis/_ide/bitstream/AES_F_wrapper.bit"
16:18:56 INFO  : Context for 'APU' is selected.
16:18:56 INFO  : Hardware design information is loaded from 'H:/SOC_Project/SOC_AES_PROJET/SOC_AES_PROJECT/VHDL_INTR/VHDL_INTR/AES_F_wrapper/export/AES_F_wrapper/hw/AES_F_wrapper.xsa'.
16:18:56 INFO  : 'configparams force-mem-access 1' command is executed.
16:18:57 INFO  : Context for 'APU' is selected.
16:18:57 INFO  : Sourcing of 'H:/SOC_Project/SOC_AES_PROJET/SOC_AES_PROJECT/VHDL_INTR/VHDL_INTR/VHDL_Vitis/_ide/psinit/ps7_init.tcl' is done.
16:18:57 INFO  : 'ps7_init' command is executed.
16:18:57 INFO  : 'ps7_post_config' command is executed.
16:18:57 INFO  : Context for processor 'ps7_cortexa9_0' is selected.
16:18:57 INFO  : The application 'H:/SOC_Project/SOC_AES_PROJET/SOC_AES_PROJECT/VHDL_INTR/VHDL_INTR/VHDL_Vitis/Debug/VHDL_Vitis.elf' is downloaded to processor 'ps7_cortexa9_0'.
16:18:57 INFO  : 'configparams force-mem-access 0' command is executed.
16:18:57 INFO  : ----------------XSDB Script----------------
connect -url tcp:127.0.0.1:3121
targets -set -nocase -filter {name =~"APU*"}
rst -system
after 3000
targets -set -filter {jtag_cable_name =~ "Digilent Zybo Z7 210351AB6FA7A" && level==0} -index 1
fpga -file H:/SOC_Project/SOC_AES_PROJET/SOC_AES_PROJECT/VHDL_INTR/VHDL_INTR/VHDL_Vitis/_ide/bitstream/AES_F_wrapper.bit
targets -set -nocase -filter {name =~"APU*"}
loadhw -hw H:/SOC_Project/SOC_AES_PROJET/SOC_AES_PROJECT/VHDL_INTR/VHDL_INTR/AES_F_wrapper/export/AES_F_wrapper/hw/AES_F_wrapper.xsa -mem-ranges [list {0x40000000 0xbfffffff}]
configparams force-mem-access 1
targets -set -nocase -filter {name =~"APU*"}
source H:/SOC_Project/SOC_AES_PROJET/SOC_AES_PROJECT/VHDL_INTR/VHDL_INTR/VHDL_Vitis/_ide/psinit/ps7_init.tcl
ps7_init
ps7_post_config
targets -set -nocase -filter {name =~ "*A9*#0"}
dow H:/SOC_Project/SOC_AES_PROJET/SOC_AES_PROJECT/VHDL_INTR/VHDL_INTR/VHDL_Vitis/Debug/VHDL_Vitis.elf
configparams force-mem-access 0
----------------End of Script----------------

16:18:57 INFO  : Memory regions updated for context APU
16:18:57 INFO  : Context for processor 'ps7_cortexa9_0' is selected.
16:18:57 INFO  : 'con' command is executed.
16:18:57 INFO  : ----------------XSDB Script (After Launch)----------------
targets -set -nocase -filter {name =~ "*A9*#0"}
con
----------------End of Script----------------

16:18:57 INFO  : Launch script is exported to file 'H:\SOC_Project\SOC_AES_PROJET\SOC_AES_PROJECT\VHDL_INTR\VHDL_INTR\.sdk\launch_scripts\single_application_debug\systemdebugger_vhdl_vitis_system_standalone.tcl'
16:21:11 INFO  : Checking for BSP changes to sync application flags for project 'VHDL_Vitis'...
16:27:16 INFO  : Checking for BSP changes to sync application flags for project 'VHDL_Vitis'...
16:27:24 INFO  : Disconnected from the channel tcfchan#6.
16:27:24 INFO  : Connected to target on host '127.0.0.1' and port '3121'.
16:27:24 INFO  : Jtag cable 'Digilent Zybo Z7 210351AB6FA7A' is selected.
16:27:24 INFO  : 'jtag frequency' command is executed.
16:27:24 INFO  : Context for 'APU' is selected.
16:27:24 INFO  : System reset is completed.
16:27:27 INFO  : 'after 3000' command is executed.
16:27:27 INFO  : 'targets -set -filter {jtag_cable_name =~ "Digilent Zybo Z7 210351AB6FA7A" && level==0} -index 1' command is executed.
16:27:29 INFO  : FPGA configured successfully with bitstream "H:/SOC_Project/SOC_AES_PROJET/SOC_AES_PROJECT/VHDL_INTR/VHDL_INTR/VHDL_Vitis/_ide/bitstream/AES_F_wrapper.bit"
16:27:29 INFO  : Context for 'APU' is selected.
16:27:29 INFO  : Hardware design information is loaded from 'H:/SOC_Project/SOC_AES_PROJET/SOC_AES_PROJECT/VHDL_INTR/VHDL_INTR/AES_F_wrapper/export/AES_F_wrapper/hw/AES_F_wrapper.xsa'.
16:27:29 INFO  : 'configparams force-mem-access 1' command is executed.
16:27:29 INFO  : Context for 'APU' is selected.
16:27:29 INFO  : Sourcing of 'H:/SOC_Project/SOC_AES_PROJET/SOC_AES_PROJECT/VHDL_INTR/VHDL_INTR/VHDL_Vitis/_ide/psinit/ps7_init.tcl' is done.
16:27:29 INFO  : 'ps7_init' command is executed.
16:27:29 INFO  : 'ps7_post_config' command is executed.
16:27:29 INFO  : Context for processor 'ps7_cortexa9_0' is selected.
16:27:29 INFO  : The application 'H:/SOC_Project/SOC_AES_PROJET/SOC_AES_PROJECT/VHDL_INTR/VHDL_INTR/VHDL_Vitis/Debug/VHDL_Vitis.elf' is downloaded to processor 'ps7_cortexa9_0'.
16:27:29 INFO  : 'configparams force-mem-access 0' command is executed.
16:27:29 INFO  : ----------------XSDB Script----------------
connect -url tcp:127.0.0.1:3121
targets -set -nocase -filter {name =~"APU*"}
rst -system
after 3000
targets -set -filter {jtag_cable_name =~ "Digilent Zybo Z7 210351AB6FA7A" && level==0} -index 1
fpga -file H:/SOC_Project/SOC_AES_PROJET/SOC_AES_PROJECT/VHDL_INTR/VHDL_INTR/VHDL_Vitis/_ide/bitstream/AES_F_wrapper.bit
targets -set -nocase -filter {name =~"APU*"}
loadhw -hw H:/SOC_Project/SOC_AES_PROJET/SOC_AES_PROJECT/VHDL_INTR/VHDL_INTR/AES_F_wrapper/export/AES_F_wrapper/hw/AES_F_wrapper.xsa -mem-ranges [list {0x40000000 0xbfffffff}]
configparams force-mem-access 1
targets -set -nocase -filter {name =~"APU*"}
source H:/SOC_Project/SOC_AES_PROJET/SOC_AES_PROJECT/VHDL_INTR/VHDL_INTR/VHDL_Vitis/_ide/psinit/ps7_init.tcl
ps7_init
ps7_post_config
targets -set -nocase -filter {name =~ "*A9*#0"}
dow H:/SOC_Project/SOC_AES_PROJET/SOC_AES_PROJECT/VHDL_INTR/VHDL_INTR/VHDL_Vitis/Debug/VHDL_Vitis.elf
configparams force-mem-access 0
----------------End of Script----------------

16:27:29 INFO  : Memory regions updated for context APU
16:27:30 INFO  : Context for processor 'ps7_cortexa9_0' is selected.
16:27:30 INFO  : 'con' command is executed.
16:27:30 INFO  : ----------------XSDB Script (After Launch)----------------
targets -set -nocase -filter {name =~ "*A9*#0"}
con
----------------End of Script----------------

16:27:30 INFO  : Launch script is exported to file 'H:\SOC_Project\SOC_AES_PROJET\SOC_AES_PROJECT\VHDL_INTR\VHDL_INTR\.sdk\launch_scripts\single_application_debug\systemdebugger_vhdl_vitis_system_standalone.tcl'
16:28:03 INFO  : Checking for BSP changes to sync application flags for project 'VHDL_Vitis'...
16:28:16 INFO  : Disconnected from the channel tcfchan#7.
16:28:16 INFO  : Connected to target on host '127.0.0.1' and port '3121'.
16:28:17 INFO  : Jtag cable 'Digilent Zybo Z7 210351AB6FA7A' is selected.
16:28:17 INFO  : 'jtag frequency' command is executed.
16:28:17 INFO  : Context for 'APU' is selected.
16:28:17 INFO  : System reset is completed.
16:28:20 INFO  : 'after 3000' command is executed.
16:28:20 INFO  : 'targets -set -filter {jtag_cable_name =~ "Digilent Zybo Z7 210351AB6FA7A" && level==0} -index 1' command is executed.
16:28:21 INFO  : FPGA configured successfully with bitstream "H:/SOC_Project/SOC_AES_PROJET/SOC_AES_PROJECT/VHDL_INTR/VHDL_INTR/VHDL_Vitis/_ide/bitstream/AES_F_wrapper.bit"
16:28:21 INFO  : Context for 'APU' is selected.
16:28:21 INFO  : Hardware design information is loaded from 'H:/SOC_Project/SOC_AES_PROJET/SOC_AES_PROJECT/VHDL_INTR/VHDL_INTR/AES_F_wrapper/export/AES_F_wrapper/hw/AES_F_wrapper.xsa'.
16:28:21 INFO  : 'configparams force-mem-access 1' command is executed.
16:28:21 INFO  : Context for 'APU' is selected.
16:28:22 INFO  : Sourcing of 'H:/SOC_Project/SOC_AES_PROJET/SOC_AES_PROJECT/VHDL_INTR/VHDL_INTR/VHDL_Vitis/_ide/psinit/ps7_init.tcl' is done.
16:28:22 INFO  : 'ps7_init' command is executed.
16:28:22 INFO  : 'ps7_post_config' command is executed.
16:28:22 INFO  : Context for processor 'ps7_cortexa9_0' is selected.
16:28:22 INFO  : The application 'H:/SOC_Project/SOC_AES_PROJET/SOC_AES_PROJECT/VHDL_INTR/VHDL_INTR/VHDL_Vitis/Debug/VHDL_Vitis.elf' is downloaded to processor 'ps7_cortexa9_0'.
16:28:22 INFO  : 'configparams force-mem-access 0' command is executed.
16:28:22 INFO  : ----------------XSDB Script----------------
connect -url tcp:127.0.0.1:3121
targets -set -nocase -filter {name =~"APU*"}
rst -system
after 3000
targets -set -filter {jtag_cable_name =~ "Digilent Zybo Z7 210351AB6FA7A" && level==0} -index 1
fpga -file H:/SOC_Project/SOC_AES_PROJET/SOC_AES_PROJECT/VHDL_INTR/VHDL_INTR/VHDL_Vitis/_ide/bitstream/AES_F_wrapper.bit
targets -set -nocase -filter {name =~"APU*"}
loadhw -hw H:/SOC_Project/SOC_AES_PROJET/SOC_AES_PROJECT/VHDL_INTR/VHDL_INTR/AES_F_wrapper/export/AES_F_wrapper/hw/AES_F_wrapper.xsa -mem-ranges [list {0x40000000 0xbfffffff}]
configparams force-mem-access 1
targets -set -nocase -filter {name =~"APU*"}
source H:/SOC_Project/SOC_AES_PROJET/SOC_AES_PROJECT/VHDL_INTR/VHDL_INTR/VHDL_Vitis/_ide/psinit/ps7_init.tcl
ps7_init
ps7_post_config
targets -set -nocase -filter {name =~ "*A9*#0"}
dow H:/SOC_Project/SOC_AES_PROJET/SOC_AES_PROJECT/VHDL_INTR/VHDL_INTR/VHDL_Vitis/Debug/VHDL_Vitis.elf
configparams force-mem-access 0
----------------End of Script----------------

16:28:22 INFO  : Memory regions updated for context APU
16:28:22 INFO  : Context for processor 'ps7_cortexa9_0' is selected.
16:28:22 INFO  : 'con' command is executed.
16:28:22 INFO  : ----------------XSDB Script (After Launch)----------------
targets -set -nocase -filter {name =~ "*A9*#0"}
con
----------------End of Script----------------

16:28:22 INFO  : Launch script is exported to file 'H:\SOC_Project\SOC_AES_PROJET\SOC_AES_PROJECT\VHDL_INTR\VHDL_INTR\.sdk\launch_scripts\single_application_debug\systemdebugger_vhdl_vitis_system_standalone.tcl'
