Copyright 1986-2019 Xilinx, Inc. All Rights Reserved.
-------------------------------------------------------------------------------------------------
| Tool Version : Vivado v.2019.2 (win64) Build 2708876 Wed Nov  6 21:40:23 MST 2019
| Date         : Thu Nov 21 14:24:37 2024
| Host         : ES2167 running 64-bit major release  (build 9200)
| Command      : report_control_sets -verbose -file AES_ECB_INTR_wrapper_control_sets_placed.rpt
| Design       : AES_ECB_INTR_wrapper
| Device       : xc7z010
-------------------------------------------------------------------------------------------------

Control Set Information

Table of Contents
-----------------
1. Summary
2. Histogram
3. Flip-Flop Distribution
4. Detailed Control Set Information

1. Summary
----------

+----------------------------------------------------------+-------+
|                          Status                          | Count |
+----------------------------------------------------------+-------+
| Total control sets                                       |   144 |
|    Minimum number of control sets                        |   144 |
|    Addition due to synthesis replication                 |     0 |
|    Addition due to physical synthesis replication        |     0 |
| Unused register locations in slices containing registers |   126 |
+----------------------------------------------------------+-------+
* Control sets can be merged at opt_design using control_set_merge or merge_equivalent_drivers
** Run report_qor_suggestions for automated merging and remapping suggestions


2. Histogram
------------

+--------------------+-------+
|       Fanout       | Count |
+--------------------+-------+
| Total control sets |   144 |
| >= 0 to < 4        |     2 |
| >= 4 to < 6        |    12 |
| >= 6 to < 8        |     3 |
| >= 8 to < 10       |   101 |
| >= 10 to < 12      |     2 |
| >= 12 to < 14      |     3 |
| >= 14 to < 16      |     2 |
| >= 16              |    19 |
+--------------------+-------+
* Control sets can be remapped at either synth_design or opt_design


3. Flip-Flop Distribution
-------------------------

+--------------+-----------------------+------------------------+-----------------+--------------+
| Clock Enable | Synchronous Set/Reset | Asynchronous Set/Reset | Total Registers | Total Slices |
+--------------+-----------------------+------------------------+-----------------+--------------+
| No           | No                    | No                     |             937 |          290 |
| No           | No                    | Yes                    |               0 |            0 |
| No           | Yes                   | No                     |              69 |           21 |
| Yes          | No                    | No                     |             655 |          200 |
| Yes          | No                    | Yes                    |               0 |            0 |
| Yes          | Yes                   | No                     |             909 |          294 |
+--------------+-----------------------+------------------------+-----------------+--------------+


4. Detailed Control Set Information
-----------------------------------

+----------------------------------------------------------------------------------------------------------+--------------------------------------------------------------------------------------------------------------------------------------------------------------------+-----------------------------------------------------------------------------------------------------------------------------------------------------------+------------------+----------------+
|                                               Clock Signal                                               |                                                                            Enable Signal                                                                           |                                                                      Set/Reset Signal                                                                     | Slice Load Count | Bel Load Count |
+----------------------------------------------------------------------------------------------------------+--------------------------------------------------------------------------------------------------------------------------------------------------------------------+-----------------------------------------------------------------------------------------------------------------------------------------------------------+------------------+----------------+
|  AES_ECB_INTR_i/processing_system7_0/inst/FCLK_CLK0                                                      | AES_ECB_INTR_i/ps7_0_axi_periph/s00_couplers/auto_pc/inst/gen_axilite.gen_b2s_conv.axilite_b2s/WR.b_channel_0/bid_fifo_0/bresp_push                                |                                                                                                                                                           |                1 |              2 |
|  AES_ECB_INTR_i/processing_system7_0/inst/FCLK_CLK0                                                      | AES_ECB_INTR_i/AES_ECB_INTR_DEC_0/inst/AES_ECB_INTR_DEC_v1_0_S00_AXI_inst/my_aes/my_aes/go_reg_0                                                                   | AES_ECB_INTR_i/AES_ECB_INTR_DEC_0/inst/AES_ECB_INTR_DEC_v1_0_S00_AXI_inst/my_aes/my_aes/dcnt[1]_i_1_n_0                                                   |                1 |              3 |
|  AES_ECB_INTR_i/processing_system7_0/inst/FCLK_CLK0                                                      |                                                                                                                                                                    | AES_ECB_INTR_i/rst_ps7_0_50M/U0/EXT_LPF/lpf_int                                                                                                           |                2 |              4 |
|  AES_ECB_INTR_i/processing_system7_0/inst/FCLK_CLK0                                                      | AES_ECB_INTR_i/AES_ECB_INTR_DEC_0/inst/AES_ECB_INTR_DEC_v1_0_S00_AXI_inst/my_aes/my_aes/WEBWE[0]                                                                   | AES_ECB_INTR_i/AES_ECB_INTR_DEC_0/inst/AES_ECB_INTR_DEC_v1_0_S00_AXI_inst/my_aes/my_aes/kcnt[3]_i_1_n_0                                                   |                1 |              4 |
|  AES_ECB_INTR_i/processing_system7_0/inst/FCLK_CLK0                                                      | AES_ECB_INTR_i/AES_ECB_INTR_DEC_0/inst/AES_ECB_INTR_DEC_v1_0_S00_AXI_inst/axi_awready0                                                                             | AES_ECB_INTR_i/AES_ECB_INTR_DEC_0/inst/axi_awready_i_1_n_0                                                                                                |                1 |              4 |
|  AES_ECB_INTR_i/processing_system7_0/inst/FCLK_CLK0                                                      |                                                                                                                                                                    | AES_ECB_INTR_i/ps7_0_axi_periph/s00_couplers/auto_pc/inst/gen_axilite.gen_b2s_conv.axilite_b2s/SI_REG/aw.aw_pipe/aresetn_d_reg[0]_0                       |                2 |              4 |
|  AES_ECB_INTR_i/processing_system7_0/inst/FCLK_CLK0                                                      |                                                                                                                                                                    | AES_ECB_INTR_i/ps7_0_axi_periph/s00_couplers/auto_pc/inst/gen_axilite.gen_b2s_conv.axilite_b2s/SI_REG/ar.ar_pipe/aresetn_d_reg[1]_inv_0                   |                1 |              4 |
|  AES_ECB_INTR_i/processing_system7_0/inst/FCLK_CLK0                                                      | AES_ECB_INTR_i/AES_ECB_INTR_0/inst/AES_ECB_INTR_v1_0_S00_AXI_inst/axi_arready0                                                                                     | AES_ECB_INTR_i/AES_ECB_INTR_0/inst/axi_awready_i_1_n_0                                                                                                    |                1 |              4 |
|  AES_ECB_INTR_i/processing_system7_0/inst/FCLK_CLK0                                                      | AES_ECB_INTR_i/AES_ECB_INTR_0/inst/AES_ECB_INTR_v1_0_S00_AXI_inst/axi_awready0                                                                                     | AES_ECB_INTR_i/AES_ECB_INTR_0/inst/axi_awready_i_1_n_0                                                                                                    |                1 |              4 |
|  AES_ECB_INTR_i/processing_system7_0/inst/FCLK_CLK0                                                      | AES_ECB_INTR_i/AES_ECB_INTR_DEC_0/inst/AES_ECB_INTR_DEC_v1_0_S00_AXI_inst/axi_arready0                                                                             | AES_ECB_INTR_i/AES_ECB_INTR_DEC_0/inst/axi_awready_i_1_n_0                                                                                                |                1 |              4 |
|  AES_ECB_INTR_i/processing_system7_0/inst/FCLK_CLK0                                                      | AES_ECB_INTR_i/ps7_0_axi_periph/s00_couplers/auto_pc/inst/gen_axilite.gen_b2s_conv.axilite_b2s/RD.r_channel_0/transaction_fifo_0/cnt_read[4]_i_1__0_n_0            | AES_ECB_INTR_i/ps7_0_axi_periph/s00_couplers/auto_pc/inst/gen_axilite.gen_b2s_conv.axilite_b2s/areset_d1                                                  |                2 |              5 |
|  AES_ECB_INTR_i/processing_system7_0/inst/FCLK_CLK0                                                      | AES_ECB_INTR_i/ps7_0_axi_periph/s00_couplers/auto_pc/inst/gen_axilite.gen_b2s_conv.axilite_b2s/WR.aw_channel_0/aw_cmd_fsm_0/m_valid_i_reg_0                        | AES_ECB_INTR_i/ps7_0_axi_periph/s00_couplers/auto_pc/inst/gen_axilite.gen_b2s_conv.axilite_b2s/WR.aw_channel_0/aw_cmd_fsm_0/m_valid_i_reg                 |                2 |              5 |
|  AES_ECB_INTR_i/processing_system7_0/inst/FCLK_CLK0                                                      | AES_ECB_INTR_i/ps7_0_axi_periph/s00_couplers/auto_pc/inst/gen_axilite.gen_b2s_conv.axilite_b2s/RD.ar_channel_0/ar_cmd_fsm_0/m_axi_arready_0                        | AES_ECB_INTR_i/ps7_0_axi_periph/s00_couplers/auto_pc/inst/gen_axilite.gen_b2s_conv.axilite_b2s/RD.ar_channel_0/ar_cmd_fsm_0/FSM_sequential_state_reg[1]_0 |                2 |              5 |
|  AES_ECB_INTR_i/processing_system7_0/inst/FCLK_CLK0                                                      | AES_ECB_INTR_i/ps7_0_axi_periph/s00_couplers/auto_pc/inst/gen_axilite.gen_b2s_conv.axilite_b2s/RD.r_channel_0/transaction_fifo_0/E[0]                              | AES_ECB_INTR_i/ps7_0_axi_periph/s00_couplers/auto_pc/inst/gen_axilite.gen_b2s_conv.axilite_b2s/areset_d1                                                  |                2 |              5 |
|  AES_ECB_INTR_i/processing_system7_0/inst/FCLK_CLK0                                                      |                                                                                                                                                                    | AES_ECB_INTR_i/AES_ECB_INTR_0/inst/axi_awready_i_1_n_0                                                                                                    |                2 |              6 |
|  AES_ECB_INTR_i/processing_system7_0/inst/FCLK_CLK0                                                      |                                                                                                                                                                    | AES_ECB_INTR_i/AES_ECB_INTR_DEC_0/inst/axi_awready_i_1_n_0                                                                                                |                3 |              6 |
|  AES_ECB_INTR_i/processing_system7_0/inst/FCLK_CLK0                                                      | AES_ECB_INTR_i/rst_ps7_0_50M/U0/SEQ/seq_cnt_en                                                                                                                     | AES_ECB_INTR_i/rst_ps7_0_50M/U0/SEQ/SEQ_COUNTER/clear                                                                                                     |                1 |              6 |
|  AES_ECB_INTR_i/processing_system7_0/inst/FCLK_CLK0                                                      | AES_ECB_INTR_i/AES_ECB_INTR_0/inst/AES_ECB_INTR_v1_0_S00_AXI_inst/slv_reg13[15]_i_1_n_0                                                                            | AES_ECB_INTR_i/AES_ECB_INTR_0/inst/axi_awready_i_1_n_0                                                                                                    |                3 |              8 |
|  AES_ECB_INTR_i/processing_system7_0/inst/FCLK_CLK0                                                      | AES_ECB_INTR_i/AES_ECB_INTR_DEC_0/inst/AES_ECB_INTR_DEC_v1_0_S00_AXI_inst/slv_reg6[7]_i_1_n_0                                                                      | AES_ECB_INTR_i/AES_ECB_INTR_DEC_0/inst/axi_awready_i_1_n_0                                                                                                |                2 |              8 |
|  AES_ECB_INTR_i/processing_system7_0/inst/FCLK_CLK0                                                      | AES_ECB_INTR_i/AES_ECB_INTR_DEC_0/inst/AES_ECB_INTR_DEC_v1_0_S00_AXI_inst/slv_reg7[31]_i_1_n_0                                                                     | AES_ECB_INTR_i/AES_ECB_INTR_DEC_0/inst/axi_awready_i_1_n_0                                                                                                |                2 |              8 |
|  AES_ECB_INTR_i/processing_system7_0/inst/FCLK_CLK0                                                      | AES_ECB_INTR_i/AES_ECB_INTR_DEC_0/inst/AES_ECB_INTR_DEC_v1_0_S00_AXI_inst/slv_reg3[15]_i_1_n_0                                                                     | AES_ECB_INTR_i/AES_ECB_INTR_DEC_0/inst/axi_awready_i_1_n_0                                                                                                |                2 |              8 |
|  AES_ECB_INTR_i/processing_system7_0/inst/FCLK_CLK0                                                      | AES_ECB_INTR_i/ps7_0_axi_periph/s00_couplers/auto_pc/inst/gen_axilite.gen_b2s_conv.axilite_b2s/RD.ar_channel_0/ar_cmd_fsm_0/E[0]                                   |                                                                                                                                                           |                5 |              8 |
|  AES_ECB_INTR_i/processing_system7_0/inst/FCLK_CLK0                                                      | AES_ECB_INTR_i/AES_ECB_INTR_0/inst/AES_ECB_INTR_v1_0_S00_AXI_inst/slv_reg12[15]_i_1_n_0                                                                            | AES_ECB_INTR_i/AES_ECB_INTR_0/inst/axi_awready_i_1_n_0                                                                                                    |                2 |              8 |
|  AES_ECB_INTR_i/processing_system7_0/inst/FCLK_CLK0                                                      | AES_ECB_INTR_i/AES_ECB_INTR_0/inst/AES_ECB_INTR_v1_0_S00_AXI_inst/slv_reg12[7]_i_1_n_0                                                                             | AES_ECB_INTR_i/AES_ECB_INTR_0/inst/axi_awready_i_1_n_0                                                                                                    |                4 |              8 |
|  AES_ECB_INTR_i/processing_system7_0/inst/FCLK_CLK0                                                      | AES_ECB_INTR_i/AES_ECB_INTR_0/inst/AES_ECB_INTR_v1_0_S00_AXI_inst/slv_reg13[23]_i_1_n_0                                                                            | AES_ECB_INTR_i/AES_ECB_INTR_0/inst/axi_awready_i_1_n_0                                                                                                    |                3 |              8 |
|  AES_ECB_INTR_i/processing_system7_0/inst/FCLK_CLK0                                                      | AES_ECB_INTR_i/AES_ECB_INTR_0/inst/AES_ECB_INTR_v1_0_S00_AXI_inst/slv_reg14[15]_i_1_n_0                                                                            | AES_ECB_INTR_i/AES_ECB_INTR_0/inst/axi_awready_i_1_n_0                                                                                                    |                2 |              8 |
|  AES_ECB_INTR_i/processing_system7_0/inst/FCLK_CLK0                                                      | AES_ECB_INTR_i/AES_ECB_INTR_0/inst/AES_ECB_INTR_v1_0_S00_AXI_inst/slv_reg13[7]_i_1_n_0                                                                             | AES_ECB_INTR_i/AES_ECB_INTR_0/inst/axi_awready_i_1_n_0                                                                                                    |                3 |              8 |
|  AES_ECB_INTR_i/processing_system7_0/inst/FCLK_CLK0                                                      | AES_ECB_INTR_i/AES_ECB_INTR_0/inst/AES_ECB_INTR_v1_0_S00_AXI_inst/slv_reg12[23]_i_1_n_0                                                                            | AES_ECB_INTR_i/AES_ECB_INTR_0/inst/axi_awready_i_1_n_0                                                                                                    |                1 |              8 |
|  AES_ECB_INTR_i/processing_system7_0/inst/FCLK_CLK0                                                      | AES_ECB_INTR_i/AES_ECB_INTR_0/inst/AES_ECB_INTR_v1_0_S00_AXI_inst/slv_reg1[23]_i_1_n_0                                                                             | AES_ECB_INTR_i/AES_ECB_INTR_0/inst/axi_awready_i_1_n_0                                                                                                    |                1 |              8 |
|  AES_ECB_INTR_i/processing_system7_0/inst/FCLK_CLK0                                                      | AES_ECB_INTR_i/AES_ECB_INTR_0/inst/AES_ECB_INTR_v1_0_S00_AXI_inst/slv_reg13[31]_i_1_n_0                                                                            | AES_ECB_INTR_i/AES_ECB_INTR_0/inst/axi_awready_i_1_n_0                                                                                                    |                3 |              8 |
|  AES_ECB_INTR_i/processing_system7_0/inst/FCLK_CLK0                                                      | AES_ECB_INTR_i/AES_ECB_INTR_0/inst/AES_ECB_INTR_v1_0_S00_AXI_inst/slv_reg14[23]_i_1_n_0                                                                            | AES_ECB_INTR_i/AES_ECB_INTR_0/inst/axi_awready_i_1_n_0                                                                                                    |                2 |              8 |
|  AES_ECB_INTR_i/processing_system7_0/inst/FCLK_CLK0                                                      | AES_ECB_INTR_i/AES_ECB_INTR_0/inst/AES_ECB_INTR_v1_0_S00_AXI_inst/slv_reg14[31]_i_1_n_0                                                                            | AES_ECB_INTR_i/AES_ECB_INTR_0/inst/axi_awready_i_1_n_0                                                                                                    |                2 |              8 |
|  AES_ECB_INTR_i/processing_system7_0/inst/FCLK_CLK0                                                      | AES_ECB_INTR_i/AES_ECB_INTR_0/inst/AES_ECB_INTR_v1_0_S00_AXI_inst/slv_reg12[31]_i_1_n_0                                                                            | AES_ECB_INTR_i/AES_ECB_INTR_0/inst/axi_awready_i_1_n_0                                                                                                    |                1 |              8 |
|  AES_ECB_INTR_i/processing_system7_0/inst/FCLK_CLK0                                                      | AES_ECB_INTR_i/AES_ECB_INTR_0/inst/AES_ECB_INTR_v1_0_S00_AXI_inst/slv_reg5[15]_i_1_n_0                                                                             | AES_ECB_INTR_i/AES_ECB_INTR_0/inst/axi_awready_i_1_n_0                                                                                                    |                2 |              8 |
|  AES_ECB_INTR_i/processing_system7_0/inst/FCLK_CLK0                                                      | AES_ECB_INTR_i/AES_ECB_INTR_0/inst/AES_ECB_INTR_v1_0_S00_AXI_inst/slv_reg15[31]_i_1_n_0                                                                            | AES_ECB_INTR_i/AES_ECB_INTR_0/inst/axi_awready_i_1_n_0                                                                                                    |                2 |              8 |
|  AES_ECB_INTR_i/processing_system7_0/inst/FCLK_CLK0                                                      | AES_ECB_INTR_i/AES_ECB_INTR_0/inst/AES_ECB_INTR_v1_0_S00_AXI_inst/slv_reg15[7]_i_1_n_0                                                                             | AES_ECB_INTR_i/AES_ECB_INTR_0/inst/axi_awready_i_1_n_0                                                                                                    |                3 |              8 |
|  AES_ECB_INTR_i/processing_system7_0/inst/FCLK_CLK0                                                      | AES_ECB_INTR_i/AES_ECB_INTR_0/inst/AES_ECB_INTR_v1_0_S00_AXI_inst/slv_reg5[7]_i_1_n_0                                                                              | AES_ECB_INTR_i/AES_ECB_INTR_0/inst/axi_awready_i_1_n_0                                                                                                    |                3 |              8 |
|  AES_ECB_INTR_i/processing_system7_0/inst/FCLK_CLK0                                                      | AES_ECB_INTR_i/AES_ECB_INTR_0/inst/AES_ECB_INTR_v1_0_S00_AXI_inst/slv_reg3[15]_i_1_n_0                                                                             | AES_ECB_INTR_i/AES_ECB_INTR_0/inst/axi_awready_i_1_n_0                                                                                                    |                1 |              8 |
|  AES_ECB_INTR_i/processing_system7_0/inst/FCLK_CLK0                                                      | AES_ECB_INTR_i/AES_ECB_INTR_0/inst/AES_ECB_INTR_v1_0_S00_AXI_inst/slv_reg6[31]_i_1_n_0                                                                             | AES_ECB_INTR_i/AES_ECB_INTR_0/inst/axi_awready_i_1_n_0                                                                                                    |                2 |              8 |
|  AES_ECB_INTR_i/processing_system7_0/inst/FCLK_CLK0                                                      | AES_ECB_INTR_i/ps7_0_axi_periph/s00_couplers/auto_pc/inst/gen_axilite.gen_b2s_conv.axilite_b2s/RD.ar_channel_0/ar_cmd_fsm_0/sel_first_reg[0]                       |                                                                                                                                                           |                3 |              8 |
|  AES_ECB_INTR_i/processing_system7_0/inst/FCLK_CLK0                                                      | AES_ECB_INTR_i/AES_ECB_INTR_0/inst/AES_ECB_INTR_v1_0_S00_AXI_inst/slv_reg4[31]_i_1_n_0                                                                             | AES_ECB_INTR_i/AES_ECB_INTR_0/inst/axi_awready_i_1_n_0                                                                                                    |                1 |              8 |
|  AES_ECB_INTR_i/processing_system7_0/inst/FCLK_CLK0                                                      | AES_ECB_INTR_i/AES_ECB_INTR_0/inst/AES_ECB_INTR_v1_0_S00_AXI_inst/slv_reg7[23]_i_1_n_0                                                                             | AES_ECB_INTR_i/AES_ECB_INTR_0/inst/axi_awready_i_1_n_0                                                                                                    |                2 |              8 |
|  AES_ECB_INTR_i/processing_system7_0/inst/FCLK_CLK0                                                      | AES_ECB_INTR_i/AES_ECB_INTR_0/inst/AES_ECB_INTR_v1_0_S00_AXI_inst/slv_reg7[7]_i_1_n_0                                                                              | AES_ECB_INTR_i/AES_ECB_INTR_0/inst/axi_awready_i_1_n_0                                                                                                    |                3 |              8 |
|  AES_ECB_INTR_i/processing_system7_0/inst/FCLK_CLK0                                                      | AES_ECB_INTR_i/AES_ECB_INTR_0/inst/AES_ECB_INTR_v1_0_S00_AXI_inst/slv_reg1[15]_i_1_n_0                                                                             | AES_ECB_INTR_i/AES_ECB_INTR_0/inst/axi_awready_i_1_n_0                                                                                                    |                2 |              8 |
|  AES_ECB_INTR_i/processing_system7_0/inst/FCLK_CLK0                                                      | AES_ECB_INTR_i/AES_ECB_INTR_0/inst/AES_ECB_INTR_v1_0_S00_AXI_inst/slv_reg6[23]_i_1_n_0                                                                             | AES_ECB_INTR_i/AES_ECB_INTR_0/inst/axi_awready_i_1_n_0                                                                                                    |                4 |              8 |
|  AES_ECB_INTR_i/processing_system7_0/inst/FCLK_CLK0                                                      | AES_ECB_INTR_i/AES_ECB_INTR_0/inst/AES_ECB_INTR_v1_0_S00_AXI_inst/slv_reg6[15]_i_1_n_0                                                                             | AES_ECB_INTR_i/AES_ECB_INTR_0/inst/axi_awready_i_1_n_0                                                                                                    |                2 |              8 |
|  AES_ECB_INTR_i/processing_system7_0/inst/FCLK_CLK0                                                      | AES_ECB_INTR_i/AES_ECB_INTR_0/inst/AES_ECB_INTR_v1_0_S00_AXI_inst/p_1_in[7]                                                                                        | AES_ECB_INTR_i/AES_ECB_INTR_0/inst/axi_awready_i_1_n_0                                                                                                    |                2 |              8 |
|  AES_ECB_INTR_i/processing_system7_0/inst/FCLK_CLK0                                                      | AES_ECB_INTR_i/AES_ECB_INTR_0/inst/AES_ECB_INTR_v1_0_S00_AXI_inst/p_1_in[15]                                                                                       | AES_ECB_INTR_i/AES_ECB_INTR_0/inst/axi_awready_i_1_n_0                                                                                                    |                3 |              8 |
|  AES_ECB_INTR_i/processing_system7_0/inst/FCLK_CLK0                                                      | AES_ECB_INTR_i/AES_ECB_INTR_0/inst/AES_ECB_INTR_v1_0_S00_AXI_inst/p_1_in[23]                                                                                       | AES_ECB_INTR_i/AES_ECB_INTR_0/inst/axi_awready_i_1_n_0                                                                                                    |                2 |              8 |
|  AES_ECB_INTR_i/processing_system7_0/inst/FCLK_CLK0                                                      | AES_ECB_INTR_i/AES_ECB_INTR_0/inst/AES_ECB_INTR_v1_0_S00_AXI_inst/slv_reg2[15]_i_1_n_0                                                                             | AES_ECB_INTR_i/AES_ECB_INTR_0/inst/axi_awready_i_1_n_0                                                                                                    |                3 |              8 |
|  AES_ECB_INTR_i/processing_system7_0/inst/FCLK_CLK0                                                      | AES_ECB_INTR_i/AES_ECB_INTR_0/inst/AES_ECB_INTR_v1_0_S00_AXI_inst/p_1_in[31]                                                                                       | AES_ECB_INTR_i/AES_ECB_INTR_0/inst/axi_awready_i_1_n_0                                                                                                    |                1 |              8 |
|  AES_ECB_INTR_i/processing_system7_0/inst/FCLK_CLK0                                                      | AES_ECB_INTR_i/AES_ECB_INTR_0/inst/AES_ECB_INTR_v1_0_S00_AXI_inst/slv_reg1[31]_i_1_n_0                                                                             | AES_ECB_INTR_i/AES_ECB_INTR_0/inst/axi_awready_i_1_n_0                                                                                                    |                3 |              8 |
|  AES_ECB_INTR_i/processing_system7_0/inst/FCLK_CLK0                                                      | AES_ECB_INTR_i/AES_ECB_INTR_0/inst/AES_ECB_INTR_v1_0_S00_AXI_inst/slv_reg5[31]_i_1_n_0                                                                             | AES_ECB_INTR_i/AES_ECB_INTR_0/inst/axi_awready_i_1_n_0                                                                                                    |                1 |              8 |
|  AES_ECB_INTR_i/processing_system7_0/inst/FCLK_CLK0                                                      | AES_ECB_INTR_i/AES_ECB_INTR_0/inst/AES_ECB_INTR_v1_0_S00_AXI_inst/slv_reg3[23]_i_1_n_0                                                                             | AES_ECB_INTR_i/AES_ECB_INTR_0/inst/axi_awready_i_1_n_0                                                                                                    |                2 |              8 |
|  AES_ECB_INTR_i/processing_system7_0/inst/FCLK_CLK0                                                      | AES_ECB_INTR_i/AES_ECB_INTR_0/inst/AES_ECB_INTR_v1_0_S00_AXI_inst/slv_reg7[31]_i_1_n_0                                                                             | AES_ECB_INTR_i/AES_ECB_INTR_0/inst/axi_awready_i_1_n_0                                                                                                    |                3 |              8 |
|  AES_ECB_INTR_i/processing_system7_0/inst/FCLK_CLK0                                                      | AES_ECB_INTR_i/AES_ECB_INTR_0/inst/AES_ECB_INTR_v1_0_S00_AXI_inst/slv_reg4[7]_i_1_n_0                                                                              | AES_ECB_INTR_i/AES_ECB_INTR_0/inst/axi_awready_i_1_n_0                                                                                                    |                3 |              8 |
|  AES_ECB_INTR_i/processing_system7_0/inst/FCLK_CLK0                                                      | AES_ECB_INTR_i/AES_ECB_INTR_0/inst/AES_ECB_INTR_v1_0_S00_AXI_inst/slv_reg15[15]_i_1_n_0                                                                            | AES_ECB_INTR_i/AES_ECB_INTR_0/inst/axi_awready_i_1_n_0                                                                                                    |                4 |              8 |
|  AES_ECB_INTR_i/processing_system7_0/inst/FCLK_CLK0                                                      | AES_ECB_INTR_i/AES_ECB_INTR_0/inst/AES_ECB_INTR_v1_0_S00_AXI_inst/slv_reg2[23]_i_1_n_0                                                                             | AES_ECB_INTR_i/AES_ECB_INTR_0/inst/axi_awready_i_1_n_0                                                                                                    |                1 |              8 |
|  AES_ECB_INTR_i/processing_system7_0/inst/FCLK_CLK0                                                      | AES_ECB_INTR_i/AES_ECB_INTR_0/inst/AES_ECB_INTR_v1_0_S00_AXI_inst/slv_reg5[23]_i_1_n_0                                                                             | AES_ECB_INTR_i/AES_ECB_INTR_0/inst/axi_awready_i_1_n_0                                                                                                    |                2 |              8 |
|  AES_ECB_INTR_i/processing_system7_0/inst/FCLK_CLK0                                                      | AES_ECB_INTR_i/AES_ECB_INTR_0/inst/AES_ECB_INTR_v1_0_S00_AXI_inst/slv_reg7[15]_i_1_n_0                                                                             | AES_ECB_INTR_i/AES_ECB_INTR_0/inst/axi_awready_i_1_n_0                                                                                                    |                1 |              8 |
|  AES_ECB_INTR_i/processing_system7_0/inst/FCLK_CLK0                                                      | AES_ECB_INTR_i/AES_ECB_INTR_0/inst/AES_ECB_INTR_v1_0_S00_AXI_inst/slv_reg2[7]_i_1_n_0                                                                              | AES_ECB_INTR_i/AES_ECB_INTR_0/inst/axi_awready_i_1_n_0                                                                                                    |                3 |              8 |
|  AES_ECB_INTR_i/processing_system7_0/inst/FCLK_CLK0                                                      | AES_ECB_INTR_i/AES_ECB_INTR_0/inst/AES_ECB_INTR_v1_0_S00_AXI_inst/slv_reg4[15]_i_1_n_0                                                                             | AES_ECB_INTR_i/AES_ECB_INTR_0/inst/axi_awready_i_1_n_0                                                                                                    |                3 |              8 |
|  AES_ECB_INTR_i/processing_system7_0/inst/FCLK_CLK0                                                      | AES_ECB_INTR_i/AES_ECB_INTR_0/inst/AES_ECB_INTR_v1_0_S00_AXI_inst/slv_reg15[23]_i_1_n_0                                                                            | AES_ECB_INTR_i/AES_ECB_INTR_0/inst/axi_awready_i_1_n_0                                                                                                    |                1 |              8 |
|  AES_ECB_INTR_i/processing_system7_0/inst/FCLK_CLK0                                                      | AES_ECB_INTR_i/AES_ECB_INTR_0/inst/AES_ECB_INTR_v1_0_S00_AXI_inst/slv_reg3[31]_i_1_n_0                                                                             | AES_ECB_INTR_i/AES_ECB_INTR_0/inst/axi_awready_i_1_n_0                                                                                                    |                2 |              8 |
|  AES_ECB_INTR_i/processing_system7_0/inst/FCLK_CLK0                                                      | AES_ECB_INTR_i/AES_ECB_INTR_0/inst/AES_ECB_INTR_v1_0_S00_AXI_inst/slv_reg6[7]_i_1_n_0                                                                              | AES_ECB_INTR_i/AES_ECB_INTR_0/inst/axi_awready_i_1_n_0                                                                                                    |                4 |              8 |
|  AES_ECB_INTR_i/processing_system7_0/inst/FCLK_CLK0                                                      | AES_ECB_INTR_i/AES_ECB_INTR_0/inst/AES_ECB_INTR_v1_0_S00_AXI_inst/slv_reg1[7]_i_1_n_0                                                                              | AES_ECB_INTR_i/AES_ECB_INTR_0/inst/axi_awready_i_1_n_0                                                                                                    |                2 |              8 |
|  AES_ECB_INTR_i/processing_system7_0/inst/FCLK_CLK0                                                      | AES_ECB_INTR_i/AES_ECB_INTR_0/inst/AES_ECB_INTR_v1_0_S00_AXI_inst/slv_reg2[31]_i_1_n_0                                                                             | AES_ECB_INTR_i/AES_ECB_INTR_0/inst/axi_awready_i_1_n_0                                                                                                    |                2 |              8 |
|  AES_ECB_INTR_i/processing_system7_0/inst/FCLK_CLK0                                                      | AES_ECB_INTR_i/AES_ECB_INTR_0/inst/AES_ECB_INTR_v1_0_S00_AXI_inst/slv_reg3[7]_i_1_n_0                                                                              | AES_ECB_INTR_i/AES_ECB_INTR_0/inst/axi_awready_i_1_n_0                                                                                                    |                2 |              8 |
|  AES_ECB_INTR_i/processing_system7_0/inst/FCLK_CLK0                                                      | AES_ECB_INTR_i/AES_ECB_INTR_0/inst/AES_ECB_INTR_v1_0_S00_AXI_inst/slv_reg14[7]_i_1_n_0                                                                             | AES_ECB_INTR_i/AES_ECB_INTR_0/inst/axi_awready_i_1_n_0                                                                                                    |                4 |              8 |
|  AES_ECB_INTR_i/processing_system7_0/inst/FCLK_CLK0                                                      | AES_ECB_INTR_i/ps7_0_axi_periph/s00_couplers/auto_pc/inst/gen_axilite.gen_b2s_conv.axilite_b2s/WR.b_channel_0/mhandshake_r                                         | AES_ECB_INTR_i/ps7_0_axi_periph/s00_couplers/auto_pc/inst/gen_axilite.gen_b2s_conv.axilite_b2s/WR.b_channel_0/bid_fifo_0/SR[0]                            |                3 |              8 |
|  AES_ECB_INTR_i/processing_system7_0/inst/FCLK_CLK0                                                      | AES_ECB_INTR_i/ps7_0_axi_periph/s00_couplers/auto_pc/inst/gen_axilite.gen_b2s_conv.axilite_b2s/WR.aw_channel_0/aw_cmd_fsm_0/E[0]                                   |                                                                                                                                                           |                5 |              8 |
|  AES_ECB_INTR_i/processing_system7_0/inst/FCLK_CLK0                                                      | AES_ECB_INTR_i/ps7_0_axi_periph/s00_couplers/auto_pc/inst/gen_axilite.gen_b2s_conv.axilite_b2s/WR.aw_channel_0/cmd_translator_0/incr_cmd_0/axaddr_incr[11]_i_1_n_0 |                                                                                                                                                           |                2 |              8 |
|  AES_ECB_INTR_i/processing_system7_0/inst/FCLK_CLK0                                                      | AES_ECB_INTR_i/AES_ECB_INTR_0/inst/AES_ECB_INTR_v1_0_S00_AXI_inst/slv_reg4[23]_i_1_n_0                                                                             | AES_ECB_INTR_i/AES_ECB_INTR_0/inst/axi_awready_i_1_n_0                                                                                                    |                1 |              8 |
|  AES_ECB_INTR_i/processing_system7_0/inst/FCLK_CLK0                                                      | AES_ECB_INTR_i/AES_ECB_INTR_DEC_0/inst/AES_ECB_INTR_DEC_v1_0_S00_AXI_inst/slv_reg13[15]_i_1_n_0                                                                    | AES_ECB_INTR_i/AES_ECB_INTR_DEC_0/inst/axi_awready_i_1_n_0                                                                                                |                2 |              8 |
|  AES_ECB_INTR_i/processing_system7_0/inst/FCLK_CLK0                                                      | AES_ECB_INTR_i/AES_ECB_INTR_DEC_0/inst/AES_ECB_INTR_DEC_v1_0_S00_AXI_inst/slv_reg13[31]_i_1_n_0                                                                    | AES_ECB_INTR_i/AES_ECB_INTR_DEC_0/inst/axi_awready_i_1_n_0                                                                                                |                1 |              8 |
|  AES_ECB_INTR_i/processing_system7_0/inst/FCLK_CLK0                                                      | AES_ECB_INTR_i/AES_ECB_INTR_DEC_0/inst/AES_ECB_INTR_DEC_v1_0_S00_AXI_inst/slv_reg12[31]_i_1_n_0                                                                    | AES_ECB_INTR_i/AES_ECB_INTR_DEC_0/inst/axi_awready_i_1_n_0                                                                                                |                1 |              8 |
|  AES_ECB_INTR_i/processing_system7_0/inst/FCLK_CLK0                                                      | AES_ECB_INTR_i/AES_ECB_INTR_DEC_0/inst/AES_ECB_INTR_DEC_v1_0_S00_AXI_inst/slv_reg13[7]_i_1_n_0                                                                     | AES_ECB_INTR_i/AES_ECB_INTR_DEC_0/inst/axi_awready_i_1_n_0                                                                                                |                3 |              8 |
|  AES_ECB_INTR_i/processing_system7_0/inst/FCLK_CLK0                                                      | AES_ECB_INTR_i/AES_ECB_INTR_DEC_0/inst/AES_ECB_INTR_DEC_v1_0_S00_AXI_inst/slv_reg14[23]_i_1_n_0                                                                    | AES_ECB_INTR_i/AES_ECB_INTR_DEC_0/inst/axi_awready_i_1_n_0                                                                                                |                3 |              8 |
|  AES_ECB_INTR_i/processing_system7_0/inst/FCLK_CLK0                                                      | AES_ECB_INTR_i/AES_ECB_INTR_DEC_0/inst/AES_ECB_INTR_DEC_v1_0_S00_AXI_inst/slv_reg14[7]_i_1_n_0                                                                     | AES_ECB_INTR_i/AES_ECB_INTR_DEC_0/inst/axi_awready_i_1_n_0                                                                                                |                2 |              8 |
|  AES_ECB_INTR_i/processing_system7_0/inst/FCLK_CLK0                                                      | AES_ECB_INTR_i/AES_ECB_INTR_DEC_0/inst/AES_ECB_INTR_DEC_v1_0_S00_AXI_inst/slv_reg15[15]_i_1_n_0                                                                    | AES_ECB_INTR_i/AES_ECB_INTR_DEC_0/inst/axi_awready_i_1_n_0                                                                                                |                2 |              8 |
|  AES_ECB_INTR_i/processing_system7_0/inst/FCLK_CLK0                                                      | AES_ECB_INTR_i/AES_ECB_INTR_DEC_0/inst/AES_ECB_INTR_DEC_v1_0_S00_AXI_inst/slv_reg15[23]_i_1_n_0                                                                    | AES_ECB_INTR_i/AES_ECB_INTR_DEC_0/inst/axi_awready_i_1_n_0                                                                                                |                2 |              8 |
|  AES_ECB_INTR_i/processing_system7_0/inst/FCLK_CLK0                                                      | AES_ECB_INTR_i/AES_ECB_INTR_DEC_0/inst/AES_ECB_INTR_DEC_v1_0_S00_AXI_inst/slv_reg1[15]_i_1_n_0                                                                     | AES_ECB_INTR_i/AES_ECB_INTR_DEC_0/inst/axi_awready_i_1_n_0                                                                                                |                2 |              8 |
|  AES_ECB_INTR_i/processing_system7_0/inst/FCLK_CLK0                                                      | AES_ECB_INTR_i/AES_ECB_INTR_DEC_0/inst/AES_ECB_INTR_DEC_v1_0_S00_AXI_inst/slv_reg12[7]_i_1_n_0                                                                     | AES_ECB_INTR_i/AES_ECB_INTR_DEC_0/inst/axi_awready_i_1_n_0                                                                                                |                3 |              8 |
|  AES_ECB_INTR_i/processing_system7_0/inst/FCLK_CLK0                                                      | AES_ECB_INTR_i/AES_ECB_INTR_DEC_0/inst/AES_ECB_INTR_DEC_v1_0_S00_AXI_inst/slv_reg1[23]_i_1_n_0                                                                     | AES_ECB_INTR_i/AES_ECB_INTR_DEC_0/inst/axi_awready_i_1_n_0                                                                                                |                2 |              8 |
|  AES_ECB_INTR_i/processing_system7_0/inst/FCLK_CLK0                                                      | AES_ECB_INTR_i/AES_ECB_INTR_DEC_0/inst/AES_ECB_INTR_DEC_v1_0_S00_AXI_inst/slv_reg14[15]_i_1_n_0                                                                    | AES_ECB_INTR_i/AES_ECB_INTR_DEC_0/inst/axi_awready_i_1_n_0                                                                                                |                2 |              8 |
|  AES_ECB_INTR_i/processing_system7_0/inst/FCLK_CLK0                                                      | AES_ECB_INTR_i/AES_ECB_INTR_DEC_0/inst/AES_ECB_INTR_DEC_v1_0_S00_AXI_inst/slv_reg15[31]_i_1_n_0                                                                    | AES_ECB_INTR_i/AES_ECB_INTR_DEC_0/inst/axi_awready_i_1_n_0                                                                                                |                1 |              8 |
|  AES_ECB_INTR_i/processing_system7_0/inst/FCLK_CLK0                                                      | AES_ECB_INTR_i/AES_ECB_INTR_DEC_0/inst/AES_ECB_INTR_DEC_v1_0_S00_AXI_inst/slv_reg15[7]_i_1_n_0                                                                     | AES_ECB_INTR_i/AES_ECB_INTR_DEC_0/inst/axi_awready_i_1_n_0                                                                                                |                3 |              8 |
|  AES_ECB_INTR_i/processing_system7_0/inst/FCLK_CLK0                                                      | AES_ECB_INTR_i/AES_ECB_INTR_DEC_0/inst/AES_ECB_INTR_DEC_v1_0_S00_AXI_inst/slv_reg1[31]_i_1_n_0                                                                     | AES_ECB_INTR_i/AES_ECB_INTR_DEC_0/inst/axi_awready_i_1_n_0                                                                                                |                3 |              8 |
|  AES_ECB_INTR_i/processing_system7_0/inst/FCLK_CLK0                                                      | AES_ECB_INTR_i/AES_ECB_INTR_DEC_0/inst/AES_ECB_INTR_DEC_v1_0_S00_AXI_inst/slv_reg13[23]_i_1_n_0                                                                    | AES_ECB_INTR_i/AES_ECB_INTR_DEC_0/inst/axi_awready_i_1_n_0                                                                                                |                2 |              8 |
|  AES_ECB_INTR_i/processing_system7_0/inst/FCLK_CLK0                                                      | AES_ECB_INTR_i/AES_ECB_INTR_DEC_0/inst/AES_ECB_INTR_DEC_v1_0_S00_AXI_inst/slv_reg12[15]_i_1_n_0                                                                    | AES_ECB_INTR_i/AES_ECB_INTR_DEC_0/inst/axi_awready_i_1_n_0                                                                                                |                3 |              8 |
|  AES_ECB_INTR_i/processing_system7_0/inst/FCLK_CLK0                                                      | AES_ECB_INTR_i/AES_ECB_INTR_DEC_0/inst/AES_ECB_INTR_DEC_v1_0_S00_AXI_inst/slv_reg14[31]_i_1_n_0                                                                    | AES_ECB_INTR_i/AES_ECB_INTR_DEC_0/inst/axi_awready_i_1_n_0                                                                                                |                3 |              8 |
|  AES_ECB_INTR_i/processing_system7_0/inst/FCLK_CLK0                                                      | AES_ECB_INTR_i/AES_ECB_INTR_DEC_0/inst/AES_ECB_INTR_DEC_v1_0_S00_AXI_inst/slv_reg12[23]_i_1_n_0                                                                    | AES_ECB_INTR_i/AES_ECB_INTR_DEC_0/inst/axi_awready_i_1_n_0                                                                                                |                2 |              8 |
|  AES_ECB_INTR_i/processing_system7_0/inst/FCLK_CLK0                                                      | AES_ECB_INTR_i/AES_ECB_INTR_DEC_0/inst/AES_ECB_INTR_DEC_v1_0_S00_AXI_inst/slv_reg5[23]_i_1_n_0                                                                     | AES_ECB_INTR_i/AES_ECB_INTR_DEC_0/inst/axi_awready_i_1_n_0                                                                                                |                2 |              8 |
|  AES_ECB_INTR_i/processing_system7_0/inst/FCLK_CLK0                                                      | AES_ECB_INTR_i/AES_ECB_INTR_DEC_0/inst/AES_ECB_INTR_DEC_v1_0_S00_AXI_inst/slv_reg5[7]_i_1_n_0                                                                      | AES_ECB_INTR_i/AES_ECB_INTR_DEC_0/inst/axi_awready_i_1_n_0                                                                                                |                2 |              8 |
|  AES_ECB_INTR_i/processing_system7_0/inst/FCLK_CLK0                                                      | AES_ECB_INTR_i/AES_ECB_INTR_DEC_0/inst/AES_ECB_INTR_DEC_v1_0_S00_AXI_inst/slv_reg4[31]_i_1_n_0                                                                     | AES_ECB_INTR_i/AES_ECB_INTR_DEC_0/inst/axi_awready_i_1_n_0                                                                                                |                2 |              8 |
|  AES_ECB_INTR_i/processing_system7_0/inst/FCLK_CLK0                                                      | AES_ECB_INTR_i/AES_ECB_INTR_DEC_0/inst/AES_ECB_INTR_DEC_v1_0_S00_AXI_inst/slv_reg3[7]_i_1_n_0                                                                      | AES_ECB_INTR_i/AES_ECB_INTR_DEC_0/inst/axi_awready_i_1_n_0                                                                                                |                3 |              8 |
|  AES_ECB_INTR_i/processing_system7_0/inst/FCLK_CLK0                                                      | AES_ECB_INTR_i/AES_ECB_INTR_DEC_0/inst/AES_ECB_INTR_DEC_v1_0_S00_AXI_inst/slv_reg6[31]_i_1_n_0                                                                     | AES_ECB_INTR_i/AES_ECB_INTR_DEC_0/inst/axi_awready_i_1_n_0                                                                                                |                1 |              8 |
|  AES_ECB_INTR_i/processing_system7_0/inst/FCLK_CLK0                                                      | AES_ECB_INTR_i/AES_ECB_INTR_DEC_0/inst/AES_ECB_INTR_DEC_v1_0_S00_AXI_inst/slv_reg2[31]_i_1_n_0                                                                     | AES_ECB_INTR_i/AES_ECB_INTR_DEC_0/inst/axi_awready_i_1_n_0                                                                                                |                1 |              8 |
|  AES_ECB_INTR_i/processing_system7_0/inst/FCLK_CLK0                                                      | AES_ECB_INTR_i/AES_ECB_INTR_DEC_0/inst/AES_ECB_INTR_DEC_v1_0_S00_AXI_inst/slv_reg7[15]_i_1_n_0                                                                     | AES_ECB_INTR_i/AES_ECB_INTR_DEC_0/inst/axi_awready_i_1_n_0                                                                                                |                2 |              8 |
|  AES_ECB_INTR_i/processing_system7_0/inst/FCLK_CLK0                                                      | AES_ECB_INTR_i/AES_ECB_INTR_DEC_0/inst/AES_ECB_INTR_DEC_v1_0_S00_AXI_inst/slv_reg2[15]_i_1_n_0                                                                     | AES_ECB_INTR_i/AES_ECB_INTR_DEC_0/inst/axi_awready_i_1_n_0                                                                                                |                1 |              8 |
|  AES_ECB_INTR_i/processing_system7_0/inst/FCLK_CLK0                                                      | AES_ECB_INTR_i/AES_ECB_INTR_DEC_0/inst/AES_ECB_INTR_DEC_v1_0_S00_AXI_inst/slv_reg1[7]_i_1_n_0                                                                      | AES_ECB_INTR_i/AES_ECB_INTR_DEC_0/inst/axi_awready_i_1_n_0                                                                                                |                2 |              8 |
|  AES_ECB_INTR_i/processing_system7_0/inst/FCLK_CLK0                                                      | AES_ECB_INTR_i/AES_ECB_INTR_DEC_0/inst/AES_ECB_INTR_DEC_v1_0_S00_AXI_inst/p_1_in[7]                                                                                | AES_ECB_INTR_i/AES_ECB_INTR_DEC_0/inst/axi_awready_i_1_n_0                                                                                                |                2 |              8 |
|  AES_ECB_INTR_i/processing_system7_0/inst/FCLK_CLK0                                                      | AES_ECB_INTR_i/AES_ECB_INTR_DEC_0/inst/AES_ECB_INTR_DEC_v1_0_S00_AXI_inst/p_1_in[31]                                                                               | AES_ECB_INTR_i/AES_ECB_INTR_DEC_0/inst/axi_awready_i_1_n_0                                                                                                |                2 |              8 |
|  AES_ECB_INTR_i/processing_system7_0/inst/FCLK_CLK0                                                      | AES_ECB_INTR_i/AES_ECB_INTR_DEC_0/inst/AES_ECB_INTR_DEC_v1_0_S00_AXI_inst/slv_reg6[23]_i_1_n_0                                                                     | AES_ECB_INTR_i/AES_ECB_INTR_DEC_0/inst/axi_awready_i_1_n_0                                                                                                |                1 |              8 |
|  AES_ECB_INTR_i/processing_system7_0/inst/FCLK_CLK0                                                      | AES_ECB_INTR_i/AES_ECB_INTR_DEC_0/inst/AES_ECB_INTR_DEC_v1_0_S00_AXI_inst/slv_reg4[23]_i_1_n_0                                                                     | AES_ECB_INTR_i/AES_ECB_INTR_DEC_0/inst/axi_awready_i_1_n_0                                                                                                |                2 |              8 |
|  AES_ECB_INTR_i/processing_system7_0/inst/FCLK_CLK0                                                      | AES_ECB_INTR_i/AES_ECB_INTR_DEC_0/inst/AES_ECB_INTR_DEC_v1_0_S00_AXI_inst/slv_reg2[7]_i_1_n_0                                                                      | AES_ECB_INTR_i/AES_ECB_INTR_DEC_0/inst/axi_awready_i_1_n_0                                                                                                |                3 |              8 |
|  AES_ECB_INTR_i/processing_system7_0/inst/FCLK_CLK0                                                      | AES_ECB_INTR_i/AES_ECB_INTR_DEC_0/inst/AES_ECB_INTR_DEC_v1_0_S00_AXI_inst/slv_reg7[7]_i_1_n_0                                                                      | AES_ECB_INTR_i/AES_ECB_INTR_DEC_0/inst/axi_awready_i_1_n_0                                                                                                |                2 |              8 |
|  AES_ECB_INTR_i/processing_system7_0/inst/FCLK_CLK0                                                      | AES_ECB_INTR_i/AES_ECB_INTR_DEC_0/inst/AES_ECB_INTR_DEC_v1_0_S00_AXI_inst/slv_reg7[23]_i_1_n_0                                                                     | AES_ECB_INTR_i/AES_ECB_INTR_DEC_0/inst/axi_awready_i_1_n_0                                                                                                |                2 |              8 |
|  AES_ECB_INTR_i/processing_system7_0/inst/FCLK_CLK0                                                      | AES_ECB_INTR_i/AES_ECB_INTR_DEC_0/inst/AES_ECB_INTR_DEC_v1_0_S00_AXI_inst/slv_reg5[31]_i_1_n_0                                                                     | AES_ECB_INTR_i/AES_ECB_INTR_DEC_0/inst/axi_awready_i_1_n_0                                                                                                |                2 |              8 |
|  AES_ECB_INTR_i/processing_system7_0/inst/FCLK_CLK0                                                      | AES_ECB_INTR_i/AES_ECB_INTR_DEC_0/inst/AES_ECB_INTR_DEC_v1_0_S00_AXI_inst/slv_reg3[23]_i_1_n_0                                                                     | AES_ECB_INTR_i/AES_ECB_INTR_DEC_0/inst/axi_awready_i_1_n_0                                                                                                |                1 |              8 |
|  AES_ECB_INTR_i/processing_system7_0/inst/FCLK_CLK0                                                      | AES_ECB_INTR_i/AES_ECB_INTR_DEC_0/inst/AES_ECB_INTR_DEC_v1_0_S00_AXI_inst/slv_reg3[31]_i_1_n_0                                                                     | AES_ECB_INTR_i/AES_ECB_INTR_DEC_0/inst/axi_awready_i_1_n_0                                                                                                |                2 |              8 |
|  AES_ECB_INTR_i/processing_system7_0/inst/FCLK_CLK0                                                      | AES_ECB_INTR_i/AES_ECB_INTR_DEC_0/inst/AES_ECB_INTR_DEC_v1_0_S00_AXI_inst/slv_reg5[15]_i_1_n_0                                                                     | AES_ECB_INTR_i/AES_ECB_INTR_DEC_0/inst/axi_awready_i_1_n_0                                                                                                |                2 |              8 |
|  AES_ECB_INTR_i/processing_system7_0/inst/FCLK_CLK0                                                      | AES_ECB_INTR_i/AES_ECB_INTR_DEC_0/inst/AES_ECB_INTR_DEC_v1_0_S00_AXI_inst/slv_reg4[15]_i_1_n_0                                                                     | AES_ECB_INTR_i/AES_ECB_INTR_DEC_0/inst/axi_awready_i_1_n_0                                                                                                |                1 |              8 |
|  AES_ECB_INTR_i/processing_system7_0/inst/FCLK_CLK0                                                      | AES_ECB_INTR_i/AES_ECB_INTR_DEC_0/inst/AES_ECB_INTR_DEC_v1_0_S00_AXI_inst/p_1_in[23]                                                                               | AES_ECB_INTR_i/AES_ECB_INTR_DEC_0/inst/axi_awready_i_1_n_0                                                                                                |                2 |              8 |
|  AES_ECB_INTR_i/processing_system7_0/inst/FCLK_CLK0                                                      | AES_ECB_INTR_i/AES_ECB_INTR_DEC_0/inst/AES_ECB_INTR_DEC_v1_0_S00_AXI_inst/p_1_in[15]                                                                               | AES_ECB_INTR_i/AES_ECB_INTR_DEC_0/inst/axi_awready_i_1_n_0                                                                                                |                2 |              8 |
|  AES_ECB_INTR_i/processing_system7_0/inst/FCLK_CLK0                                                      | AES_ECB_INTR_i/AES_ECB_INTR_DEC_0/inst/AES_ECB_INTR_DEC_v1_0_S00_AXI_inst/slv_reg2[23]_i_1_n_0                                                                     | AES_ECB_INTR_i/AES_ECB_INTR_DEC_0/inst/axi_awready_i_1_n_0                                                                                                |                2 |              8 |
|  AES_ECB_INTR_i/processing_system7_0/inst/FCLK_CLK0                                                      | AES_ECB_INTR_i/AES_ECB_INTR_DEC_0/inst/AES_ECB_INTR_DEC_v1_0_S00_AXI_inst/slv_reg6[15]_i_1_n_0                                                                     | AES_ECB_INTR_i/AES_ECB_INTR_DEC_0/inst/axi_awready_i_1_n_0                                                                                                |                2 |              8 |
|  AES_ECB_INTR_i/processing_system7_0/inst/FCLK_CLK0                                                      | AES_ECB_INTR_i/AES_ECB_INTR_DEC_0/inst/AES_ECB_INTR_DEC_v1_0_S00_AXI_inst/slv_reg4[7]_i_1_n_0                                                                      | AES_ECB_INTR_i/AES_ECB_INTR_DEC_0/inst/axi_awready_i_1_n_0                                                                                                |                2 |              8 |
|  AES_ECB_INTR_i/processing_system7_0/inst/FCLK_CLK0                                                      |                                                                                                                                                                    | AES_ECB_INTR_i/ps7_0_axi_periph/s00_couplers/auto_pc/inst/gen_axilite.gen_b2s_conv.axilite_b2s/areset_d1                                                  |                4 |             10 |
|  AES_ECB_INTR_i/processing_system7_0/inst/FCLK_CLK0                                                      |                                                                                                                                                                    | AES_ECB_INTR_i/ps7_0_axi_periph/xbar/inst/gen_sasd.crossbar_sasd_0/addr_arbiter_inst/SR[0]                                                                |                3 |             11 |
|  AES_ECB_INTR_i/processing_system7_0/inst/FCLK_CLK0                                                      |                                                                                                                                                                    | AES_ECB_INTR_i/AES_ECB_INTR_0/inst/AES_ECB_INTR_v1_0_S00_AXI_inst/Q[0]                                                                                    |                2 |             12 |
|  AES_ECB_INTR_i/processing_system7_0/inst/FCLK_CLK0                                                      |                                                                                                                                                                    | AES_ECB_INTR_i/AES_ECB_INTR_DEC_0/inst/AES_ECB_INTR_DEC_v1_0_S00_AXI_inst/Q[0]                                                                            |                2 |             12 |
|  AES_ECB_INTR_i/processing_system7_0/inst/FCLK_CLK0                                                      | AES_ECB_INTR_i/ps7_0_axi_periph/s00_couplers/auto_pc/inst/gen_axilite.gen_b2s_conv.axilite_b2s/RD.r_channel_0/r_push_r                                             |                                                                                                                                                           |                4 |             13 |
|  AES_ECB_INTR_i/processing_system7_0/inst/FCLK_CLK0                                                      | AES_ECB_INTR_i/ps7_0_axi_periph/s00_couplers/auto_pc/inst/gen_axilite.gen_b2s_conv.axilite_b2s/SI_REG/b.b_pipe/s_ready_i_reg_0                                     |                                                                                                                                                           |                2 |             14 |
|  AES_ECB_INTR_i/processing_system7_0/inst/FCLK_CLK0                                                      | AES_ECB_INTR_i/ps7_0_axi_periph/s00_couplers/auto_pc/inst/gen_axilite.gen_b2s_conv.axilite_b2s/SI_REG/b.b_pipe/p_1_in                                              |                                                                                                                                                           |                2 |             14 |
|  AES_ECB_INTR_i/processing_system7_0/inst/FCLK_CLK0                                                      | AES_ECB_INTR_i/ps7_0_axi_periph/s00_couplers/auto_pc/inst/gen_axilite.gen_b2s_conv.axilite_b2s/WR.aw_channel_0/aw_cmd_fsm_0/b_push                                 |                                                                                                                                                           |                3 |             16 |
|  AES_ECB_INTR_i/processing_system7_0/inst/FCLK_CLK0                                                      | AES_ECB_INTR_i/ps7_0_axi_periph/s00_couplers/auto_pc/inst/gen_axilite.gen_b2s_conv.axilite_b2s/RD.ar_channel_0/ar_cmd_fsm_0/m_axi_arready_0                        |                                                                                                                                                           |                7 |             17 |
|  AES_ECB_INTR_i/processing_system7_0/inst/FCLK_CLK0                                                      | AES_ECB_INTR_i/ps7_0_axi_periph/s00_couplers/auto_pc/inst/gen_axilite.gen_b2s_conv.axilite_b2s/WR.aw_channel_0/aw_cmd_fsm_0/m_valid_i_reg_0                        |                                                                                                                                                           |                7 |             17 |
|  AES_ECB_INTR_i/processing_system7_0/inst/FCLK_CLK0                                                      | AES_ECB_INTR_i/ps7_0_axi_periph/xbar/inst/gen_sasd.crossbar_sasd_0/addr_arbiter_inst/p_0_in1_in                                                                    | AES_ECB_INTR_i/ps7_0_axi_periph/xbar/inst/gen_sasd.crossbar_sasd_0/addr_arbiter_inst/SR[0]                                                                |                7 |             20 |
|  AES_ECB_INTR_i/processing_system7_0/inst/FCLK_CLK0                                                      | AES_ECB_INTR_i/AES_ECB_INTR_0/inst/AES_ECB_INTR_v1_0_S00_AXI_inst/slv_reg_rden__0                                                                                  | AES_ECB_INTR_i/AES_ECB_INTR_0/inst/axi_awready_i_1_n_0                                                                                                    |               32 |             32 |
|  AES_ECB_INTR_i/processing_system7_0/inst/FCLK_CLK0                                                      | AES_ECB_INTR_i/AES_ECB_INTR_DEC_0/inst/AES_ECB_INTR_DEC_v1_0_S00_AXI_inst/slv_reg_rden__0                                                                          | AES_ECB_INTR_i/AES_ECB_INTR_DEC_0/inst/axi_awready_i_1_n_0                                                                                                |               32 |             32 |
|  AES_ECB_INTR_i/processing_system7_0/inst/FCLK_CLK0                                                      | AES_ECB_INTR_i/ps7_0_axi_periph/s00_couplers/auto_pc/inst/gen_axilite.gen_b2s_conv.axilite_b2s/RD.r_channel_0/rd_data_fifo_0/wr_en0                                |                                                                                                                                                           |                9 |             34 |
|  AES_ECB_INTR_i/processing_system7_0/inst/FCLK_CLK0                                                      | AES_ECB_INTR_i/ps7_0_axi_periph/xbar/inst/gen_sasd.crossbar_sasd_0/addr_arbiter_inst/E[0]                                                                          |                                                                                                                                                           |               13 |             35 |
|  AES_ECB_INTR_i/processing_system7_0/inst/FCLK_CLK0                                                      | AES_ECB_INTR_i/ps7_0_axi_periph/s00_couplers/auto_pc/inst/gen_axilite.gen_b2s_conv.axilite_b2s/WR.aw_channel_0/aw_cmd_fsm_0/m_valid_i_reg_1[0]                     |                                                                                                                                                           |               10 |             44 |
|  AES_ECB_INTR_i/processing_system7_0/inst/FCLK_CLK0                                                      | AES_ECB_INTR_i/ps7_0_axi_periph/s00_couplers/auto_pc/inst/gen_axilite.gen_b2s_conv.axilite_b2s/SI_REG/ar.ar_pipe/s_ready_i_reg_0                                   |                                                                                                                                                           |               12 |             44 |
|  AES_ECB_INTR_i/processing_system7_0/inst/FCLK_CLK0                                                      | AES_ECB_INTR_i/ps7_0_axi_periph/s00_couplers/auto_pc/inst/gen_axilite.gen_b2s_conv.axilite_b2s/SI_REG/aw.aw_pipe/s_ready_i_reg_0                                   |                                                                                                                                                           |               11 |             44 |
|  AES_ECB_INTR_i/processing_system7_0/inst/FCLK_CLK0                                                      | AES_ECB_INTR_i/ps7_0_axi_periph/s00_couplers/auto_pc/inst/gen_axilite.gen_b2s_conv.axilite_b2s/RD.ar_channel_0/ar_cmd_fsm_0/FSM_sequential_state_reg[1]_1[0]       |                                                                                                                                                           |               11 |             44 |
|  AES_ECB_INTR_i/processing_system7_0/inst/FCLK_CLK0                                                      | AES_ECB_INTR_i/ps7_0_axi_periph/s00_couplers/auto_pc/inst/gen_axilite.gen_b2s_conv.axilite_b2s/SI_REG/r.r_pipe/s_ready_i_reg_0                                     |                                                                                                                                                           |               10 |             47 |
|  AES_ECB_INTR_i/processing_system7_0/inst/FCLK_CLK0                                                      | AES_ECB_INTR_i/ps7_0_axi_periph/s00_couplers/auto_pc/inst/gen_axilite.gen_b2s_conv.axilite_b2s/SI_REG/r.r_pipe/p_1_in                                              |                                                                                                                                                           |                7 |             47 |
|  AES_ECB_INTR_i/processing_system7_0/inst/FCLK_CLK0                                                      | AES_ECB_INTR_i/AES_ECB_INTR_DEC_0/inst/AES_ECB_INTR_DEC_v1_0_S00_AXI_inst/Q[2]                                                                                     |                                                                                                                                                           |               58 |            128 |
|  AES_ECB_INTR_i/processing_system7_0/inst/FCLK_CLK0                                                      | AES_ECB_INTR_i/AES_ECB_INTR_0/inst/AES_ECB_INTR_v1_0_S00_AXI_inst/Q[0]                                                                                             |                                                                                                                                                           |               35 |            128 |
|  AES_ECB_INTR_i/AES_ECB_INTR_DEC_0/inst/AES_ECB_INTR_DEC_v1_0_S00_AXI_inst/my_aes/my_aes/done_reg_0_BUFG |                                                                                                                                                                    |                                                                                                                                                           |               35 |            128 |
|  AES_ECB_INTR_i/AES_ECB_INTR_0/inst/AES_ECB_INTR_v1_0_S00_AXI_inst/my_aes/my_aes/CLK_BUFG                |                                                                                                                                                                    |                                                                                                                                                           |               28 |            128 |
|  AES_ECB_INTR_i/processing_system7_0/inst/FCLK_CLK0                                                      |                                                                                                                                                                    |                                                                                                                                                           |              228 |            682 |
+----------------------------------------------------------------------------------------------------------+--------------------------------------------------------------------------------------------------------------------------------------------------------------------+-----------------------------------------------------------------------------------------------------------------------------------------------------------+------------------+----------------+


