TRACE::2024-10-23.09:32:52::SCWBifWriter::Found the complete platform H:/project/SoC_project/design_aes_wrapper/export/design_aes_wrapper/design_aes_wrapper.xpfm
TRACE::2024-10-23.09:32:54::SCWBifWriter::hardware databse : design_aes_wrapper_0
TRACE::2024-10-23.09:32:54::SCWBifWriter::bitstream found in the design
TRACE::2024-10-23.09:32:54::SCWBifWriter::Found a baremetal domain, proc: ps7_cortexa9_0
TRACE::2024-10-23.09:32:54::SCWBifWriter::proc type : 
TRACE::2024-10-23.09:32:54::SCWBifWriter::proc[0] : ps7_cortexa9_0
TRACE::2024-10-23.09:32:54::SCWBifWriter::Device type is : zynq
TRACE::2024-10-23.09:32:54::SCWBifWriter::Writing BIF to file : H:/project/SoC_project/SoC_Vitis_system/Debug/system.bif
TRACE::2024-10-23.09:32:54::SCWBifWriter::Writing the Zynq Baremetal bif 
TRACE::2024-10-23.09:59:49::SCWBifWriter::Found the complete platform H:/project/SoC_project/design_aes_wrapper/export/design_aes_wrapper/design_aes_wrapper.xpfm
TRACE::2024-10-23.09:59:51::SCWBifWriter::hardware databse : design_aes_wrapper_0
TRACE::2024-10-23.09:59:51::SCWBifWriter::bitstream found in the design
TRACE::2024-10-23.09:59:51::SCWBifWriter::Found a baremetal domain, proc: ps7_cortexa9_0
TRACE::2024-10-23.09:59:51::SCWBifWriter::proc type : 
TRACE::2024-10-23.09:59:51::SCWBifWriter::proc[0] : ps7_cortexa9_0
TRACE::2024-10-23.09:59:51::SCWBifWriter::Device type is : zynq
TRACE::2024-10-23.09:59:51::SCWBifWriter::Writing BIF to file : H:/project/SoC_project/SoC_Vitis_system/Debug/system.bif
TRACE::2024-10-23.09:59:51::SCWBifWriter::Writing the Zynq Baremetal bif 
TRACE::2024-10-23.13:46:51::SCWBifWriter::Found the complete platform H:/project/SoC_project/design_aes_wrapper/export/design_aes_wrapper/design_aes_wrapper.xpfm
TRACE::2024-10-23.13:46:53::SCWBifWriter::hardware databse : design_aes_wrapper_15
TRACE::2024-10-23.13:46:53::SCWBifWriter::bitstream found in the design
TRACE::2024-10-23.13:46:53::SCWBifWriter::Found a baremetal domain, proc: ps7_cortexa9_0
TRACE::2024-10-23.13:46:53::SCWBifWriter::proc type : 
TRACE::2024-10-23.13:46:53::SCWBifWriter::proc[0] : ps7_cortexa9_0
TRACE::2024-10-23.13:46:53::SCWBifWriter::Device type is : zynq
TRACE::2024-10-23.13:46:53::SCWBifWriter::Writing BIF to file : H:/project/SoC_project/SoC_Vitis_system/Debug/system.bif
TRACE::2024-10-23.13:46:53::SCWBifWriter::Writing the Zynq Baremetal bif 
TRACE::2024-10-23.13:48:50::SCWBifWriter::Found the complete platform H:/project/SoC_project/design_aes_wrapper/export/design_aes_wrapper/design_aes_wrapper.xpfm
TRACE::2024-10-23.13:48:51::SCWBifWriter::hardware databse : design_aes_wrapper_17
TRACE::2024-10-23.13:48:51::SCWBifWriter::bitstream found in the design
TRACE::2024-10-23.13:48:51::SCWBifWriter::Found a baremetal domain, proc: ps7_cortexa9_0
TRACE::2024-10-23.13:48:51::SCWBifWriter::proc type : 
TRACE::2024-10-23.13:48:51::SCWBifWriter::proc[0] : ps7_cortexa9_0
TRACE::2024-10-23.13:48:52::SCWBifWriter::Device type is : zynq
TRACE::2024-10-23.13:48:52::SCWBifWriter::Writing BIF to file : H:/project/SoC_project/SoC_Vitis_system/Debug/system.bif
TRACE::2024-10-23.13:48:52::SCWBifWriter::Writing the Zynq Baremetal bif 
