
*** Running vivado
    with args -log AES_ECB_wrapper.vdi -applog -m64 -product Vivado -messageDb vivado.pb -mode batch -source AES_ECB_wrapper.tcl -notrace


****** Vivado v2019.2 (64-bit)
  **** SW Build 2708876 on Wed Nov  6 21:40:23 MST 2019
  **** IP Build 2700528 on Thu Nov  7 00:09:20 MST 2019
    ** Copyright 1986-2019 Xilinx, Inc. All Rights Reserved.

source AES_ECB_wrapper.tcl -notrace
INFO: [IP_Flow 19-234] Refreshing IP repositories
INFO: [IP_Flow 19-1700] Loaded user IP repository 'h:/SOC_Project/SOC_AES_PROJECT/SOC_project_core2/ip_repo/AES_ECB_ENCRYPT_2_1.0'.
INFO: [IP_Flow 19-1700] Loaded user IP repository 'h:/SOC_Project/SOC_AES_PROJECT/SOC_project_core2/ip_repo/AES_ECB_ENCRYPTION_1.0'.
INFO: [IP_Flow 19-2313] Loaded Vivado IP repository 'C:/Xilinx/Vivado/2019.2/data/ip'.
WARNING: [IP_Flow 19-4995] The host OS only allows 260 characters in a normal path. The IP cache path is more than 80 characters. If you experience issues with IP caching, please consider changing the IP cache to a location with a shorter path. Alternately consider using the OS subst command to map part of the path to a drive letter. 
Current IP cache path is H:/SOC_Project/SOC_AES_PROJECT/SOC_project_core2/SOC_AES_ECB_2/project_1.cache/ip 
Command: link_design -top AES_ECB_wrapper -part xc7z010clg400-1
Design is defaulting to srcset: sources_1
Design is defaulting to constrset: constrs_1
INFO: [Device 21-403] Loading part xc7z010clg400-1
INFO: [Project 1-454] Reading design checkpoint 'h:/SOC_Project/SOC_AES_PROJECT/SOC_project_core2/SOC_AES_ECB_2/project_1.srcs/sources_1/bd/AES_ECB/ip/AES_ECB_AES_ECB_ENCRYPT_2_0_0_2/AES_ECB_AES_ECB_ENCRYPT_2_0_0.dcp' for cell 'AES_ECB_i/AES_ECB_ENCRYPT_2_0'
INFO: [Project 1-454] Reading design checkpoint 'h:/SOC_Project/SOC_AES_PROJECT/SOC_project_core2/SOC_AES_ECB_2/project_1.srcs/sources_1/bd/AES_ECB/ip/AES_ECB_processing_system7_0_0_1/AES_ECB_processing_system7_0_0.dcp' for cell 'AES_ECB_i/processing_system7_0'
INFO: [Project 1-454] Reading design checkpoint 'h:/SOC_Project/SOC_AES_PROJECT/SOC_project_core2/SOC_AES_ECB_2/project_1.srcs/sources_1/bd/AES_ECB/ip/AES_ECB_rst_ps7_0_50M_0_1/AES_ECB_rst_ps7_0_50M_0.dcp' for cell 'AES_ECB_i/rst_ps7_0_50M'
INFO: [Project 1-454] Reading design checkpoint 'h:/SOC_Project/SOC_AES_PROJECT/SOC_project_core2/SOC_AES_ECB_2/project_1.srcs/sources_1/bd/AES_ECB/ip/AES_ECB_auto_pc_0_2/AES_ECB_auto_pc_0.dcp' for cell 'AES_ECB_i/ps7_0_axi_periph/s00_couplers/auto_pc'
Netlist sorting complete. Time (s): cpu = 00:00:00 ; elapsed = 00:00:00.049 . Memory (MB): peak = 796.316 ; gain = 0.000
INFO: [Netlist 29-17] Analyzing 124 Unisim elements for replacement
INFO: [Netlist 29-28] Unisim Transformation completed in 0 CPU seconds
INFO: [Project 1-479] Netlist was created with Vivado 2019.2
INFO: [Project 1-570] Preparing netlist for logic optimization
Parsing XDC File [h:/SOC_Project/SOC_AES_PROJECT/SOC_project_core2/SOC_AES_ECB_2/project_1.srcs/sources_1/bd/AES_ECB/ip/AES_ECB_processing_system7_0_0_1/AES_ECB_processing_system7_0_0.xdc] for cell 'AES_ECB_i/processing_system7_0/inst'
Finished Parsing XDC File [h:/SOC_Project/SOC_AES_PROJECT/SOC_project_core2/SOC_AES_ECB_2/project_1.srcs/sources_1/bd/AES_ECB/ip/AES_ECB_processing_system7_0_0_1/AES_ECB_processing_system7_0_0.xdc] for cell 'AES_ECB_i/processing_system7_0/inst'
Parsing XDC File [h:/SOC_Project/SOC_AES_PROJECT/SOC_project_core2/SOC_AES_ECB_2/project_1.srcs/sources_1/bd/AES_ECB/ip/AES_ECB_rst_ps7_0_50M_0_1/AES_ECB_rst_ps7_0_50M_0_board.xdc] for cell 'AES_ECB_i/rst_ps7_0_50M/U0'
Finished Parsing XDC File [h:/SOC_Project/SOC_AES_PROJECT/SOC_project_core2/SOC_AES_ECB_2/project_1.srcs/sources_1/bd/AES_ECB/ip/AES_ECB_rst_ps7_0_50M_0_1/AES_ECB_rst_ps7_0_50M_0_board.xdc] for cell 'AES_ECB_i/rst_ps7_0_50M/U0'
Parsing XDC File [h:/SOC_Project/SOC_AES_PROJECT/SOC_project_core2/SOC_AES_ECB_2/project_1.srcs/sources_1/bd/AES_ECB/ip/AES_ECB_rst_ps7_0_50M_0_1/AES_ECB_rst_ps7_0_50M_0.xdc] for cell 'AES_ECB_i/rst_ps7_0_50M/U0'
Finished Parsing XDC File [h:/SOC_Project/SOC_AES_PROJECT/SOC_project_core2/SOC_AES_ECB_2/project_1.srcs/sources_1/bd/AES_ECB/ip/AES_ECB_rst_ps7_0_50M_0_1/AES_ECB_rst_ps7_0_50M_0.xdc] for cell 'AES_ECB_i/rst_ps7_0_50M/U0'
INFO: [Opt 31-138] Pushed 0 inverter(s) to 0 load pin(s).
Netlist sorting complete. Time (s): cpu = 00:00:00 ; elapsed = 00:00:00.002 . Memory (MB): peak = 936.074 ; gain = 0.000
INFO: [Project 1-111] Unisim Transformation Summary:
No Unisim elements were transformed.

15 Infos, 1 Warnings, 0 Critical Warnings and 0 Errors encountered.
link_design completed successfully
link_design: Time (s): cpu = 00:00:05 ; elapsed = 00:00:10 . Memory (MB): peak = 936.074 ; gain = 423.031
Command: opt_design
Attempting to get a license for feature 'Implementation' and/or device 'xc7z010'
INFO: [Common 17-349] Got license for feature 'Implementation' and/or device 'xc7z010'
Running DRC as a precondition to command opt_design

Starting DRC Task
INFO: [DRC 23-27] Running DRC with 2 threads
INFO: [Project 1-461] DRC finished with 0 Errors
INFO: [Project 1-462] Please refer to the DRC report (report_drc) for more information.

Time (s): cpu = 00:00:00 ; elapsed = 00:00:00.327 . Memory (MB): peak = 957.488 ; gain = 21.414

Starting Cache Timing Information Task
INFO: [Timing 38-35] Done setting XDC timing constraints.
Ending Cache Timing Information Task | Checksum: 12f168b62

Time (s): cpu = 00:00:05 ; elapsed = 00:00:05 . Memory (MB): peak = 1487.410 ; gain = 529.922

Starting Logic Optimization Task

Phase 1 Retarget
INFO: [Opt 31-138] Pushed 0 inverter(s) to 0 load pin(s).
INFO: [Opt 31-49] Retargeted 0 cell(s).
Phase 1 Retarget | Checksum: af2faec0

Time (s): cpu = 00:00:00 ; elapsed = 00:00:00.110 . Memory (MB): peak = 1689.863 ; gain = 0.000
INFO: [Opt 31-389] Phase Retarget created 4 cells and removed 47 cells

Phase 2 Constant propagation
INFO: [Opt 31-138] Pushed 0 inverter(s) to 0 load pin(s).
Phase 2 Constant propagation | Checksum: 15611e9ef

Time (s): cpu = 00:00:00 ; elapsed = 00:00:00.136 . Memory (MB): peak = 1689.863 ; gain = 0.000
INFO: [Opt 31-389] Phase Constant propagation created 0 cells and removed 8 cells

Phase 3 Sweep
Phase 3 Sweep | Checksum: 184a4c40e

Time (s): cpu = 00:00:00 ; elapsed = 00:00:00.311 . Memory (MB): peak = 1689.863 ; gain = 0.000
INFO: [Opt 31-389] Phase Sweep created 0 cells and removed 323 cells

Phase 4 BUFG optimization
INFO: [Opt 31-1112] Starts optimizing BUFG(s) with a common MMCM/DPLL/XPLL driver.
INFO: [Opt 31-1112] Starts optimizing BUFG(s) with a common driver.
INFO: [Opt 31-1092] Phase BUFG optimization transformed 0 BUFG(s) to MBUFG(s).
Phase 4 BUFG optimization | Checksum: 184a4c40e

Time (s): cpu = 00:00:00 ; elapsed = 00:00:00.358 . Memory (MB): peak = 1689.863 ; gain = 0.000
INFO: [Opt 31-662] Phase BUFG optimization created 0 cells of which 0 are BUFGs and removed 0 cells.

Phase 5 Shift Register Optimization
INFO: [Opt 31-1064] SRL Remap converted 0 SRLs to 0 registers and converted 0 registers of register chains to 0 SRLs
Phase 5 Shift Register Optimization | Checksum: 184a4c40e

Time (s): cpu = 00:00:00 ; elapsed = 00:00:00.394 . Memory (MB): peak = 1689.863 ; gain = 0.000
INFO: [Opt 31-389] Phase Shift Register Optimization created 0 cells and removed 0 cells

Phase 6 Post Processing Netlist
Phase 6 Post Processing Netlist | Checksum: 184a4c40e

Time (s): cpu = 00:00:00 ; elapsed = 00:00:00.419 . Memory (MB): peak = 1689.863 ; gain = 0.000
INFO: [Opt 31-389] Phase Post Processing Netlist created 0 cells and removed 0 cells
Opt_design Change Summary
=========================


-------------------------------------------------------------------------------------------------------------------------
|  Phase                        |  #Cells created  |  #Cells Removed  |  #Constrained objects preventing optimizations  |
-------------------------------------------------------------------------------------------------------------------------
|  Retarget                     |               4  |              47  |                                              0  |
|  Constant propagation         |               0  |               8  |                                              0  |
|  Sweep                        |               0  |             323  |                                              0  |
|  BUFG optimization            |               0  |               0  |                                              0  |
|  Shift Register Optimization  |               0  |               0  |                                              0  |
|  Post Processing Netlist      |               0  |               0  |                                              0  |
-------------------------------------------------------------------------------------------------------------------------



Starting Connectivity Check Task

Time (s): cpu = 00:00:00 ; elapsed = 00:00:00.005 . Memory (MB): peak = 1689.863 ; gain = 0.000
Ending Logic Optimization Task | Checksum: 234b36dfe

Time (s): cpu = 00:00:00 ; elapsed = 00:00:00.492 . Memory (MB): peak = 1689.863 ; gain = 0.000

Starting Power Optimization Task
INFO: [Pwropt 34-132] Skipping clock gating for clocks with a period < 2.00 ns.
INFO: [Timing 38-35] Done setting XDC timing constraints.
INFO: [Pwropt 34-9] Applying IDT optimizations ...
INFO: [Pwropt 34-10] Applying ODC optimizations ...
INFO: [Physopt 32-619] Estimated Timing Summary | WNS=14.199 | TNS=0.000 |
Running Vector-less Activity Propagation...

Finished Running Vector-less Activity Propagation


Starting PowerOpt Patch Enables Task
INFO: [Pwropt 34-162] WRITE_MODE attribute of 0 BRAM(s) out of a total of 10 has been updated to save power. Run report_power_opt to get a complete listing of the BRAMs updated.
INFO: [Pwropt 34-201] Structural ODC has moved 0 WE to EN ports
Number of BRAM Ports augmented: 0 newly gated: 0 Total Ports: 20
Ending PowerOpt Patch Enables Task | Checksum: 234b36dfe

Time (s): cpu = 00:00:00 ; elapsed = 00:00:00.026 . Memory (MB): peak = 1825.133 ; gain = 0.000
Ending Power Optimization Task | Checksum: 234b36dfe

Time (s): cpu = 00:00:01 ; elapsed = 00:00:00.797 . Memory (MB): peak = 1825.133 ; gain = 135.270

Starting Final Cleanup Task
Ending Final Cleanup Task | Checksum: 234b36dfe

Time (s): cpu = 00:00:00 ; elapsed = 00:00:00.002 . Memory (MB): peak = 1825.133 ; gain = 0.000

Starting Netlist Obfuscation Task
Netlist sorting complete. Time (s): cpu = 00:00:00 ; elapsed = 00:00:00.001 . Memory (MB): peak = 1825.133 ; gain = 0.000
Ending Netlist Obfuscation Task | Checksum: 234b36dfe

Time (s): cpu = 00:00:00 ; elapsed = 00:00:00.005 . Memory (MB): peak = 1825.133 ; gain = 0.000
INFO: [Common 17-83] Releasing license: Implementation
41 Infos, 1 Warnings, 0 Critical Warnings and 0 Errors encountered.
opt_design completed successfully
opt_design: Time (s): cpu = 00:00:08 ; elapsed = 00:00:08 . Memory (MB): peak = 1825.133 ; gain = 889.059
Netlist sorting complete. Time (s): cpu = 00:00:00 ; elapsed = 00:00:00.001 . Memory (MB): peak = 1825.133 ; gain = 0.000
INFO: [Timing 38-480] Writing timing data to binary archive.
Writing placer database...
Writing XDEF routing.
Writing XDEF routing logical nets.
Writing XDEF routing special nets.
Write XDEF Complete: Time (s): cpu = 00:00:00 ; elapsed = 00:00:00.886 . Memory (MB): peak = 1825.133 ; gain = 0.000
INFO: [Common 17-1381] The checkpoint 'H:/SOC_Project/SOC_AES_PROJECT/SOC_project_core2/SOC_AES_ECB_2/project_1.runs/impl_1/AES_ECB_wrapper_opt.dcp' has been generated.
INFO: [runtcl-4] Executing : report_drc -file AES_ECB_wrapper_drc_opted.rpt -pb AES_ECB_wrapper_drc_opted.pb -rpx AES_ECB_wrapper_drc_opted.rpx
Command: report_drc -file AES_ECB_wrapper_drc_opted.rpt -pb AES_ECB_wrapper_drc_opted.pb -rpx AES_ECB_wrapper_drc_opted.rpx
INFO: [IP_Flow 19-1839] IP Catalog is up to date.
INFO: [DRC 23-27] Running DRC with 2 threads
INFO: [Coretcl 2-168] The results of DRC are in file H:/SOC_Project/SOC_AES_PROJECT/SOC_project_core2/SOC_AES_ECB_2/project_1.runs/impl_1/AES_ECB_wrapper_drc_opted.rpt.
report_drc completed successfully
Command: place_design
Attempting to get a license for feature 'Implementation' and/or device 'xc7z010'
INFO: [Common 17-349] Got license for feature 'Implementation' and/or device 'xc7z010'
INFO: [DRC 23-27] Running DRC with 2 threads
INFO: [Vivado_Tcl 4-198] DRC finished with 0 Errors
INFO: [Vivado_Tcl 4-199] Please refer to the DRC report (report_drc) for more information.
Running DRC as a precondition to command place_design
INFO: [DRC 23-27] Running DRC with 2 threads
INFO: [Vivado_Tcl 4-198] DRC finished with 0 Errors
INFO: [Vivado_Tcl 4-199] Please refer to the DRC report (report_drc) for more information.

Starting Placer Task
INFO: [Place 30-611] Multithreading enabled for place_design using a maximum of 2 CPUs

Phase 1 Placer Initialization

Phase 1.1 Placer Initialization Netlist Sorting
Netlist sorting complete. Time (s): cpu = 00:00:00 ; elapsed = 00:00:00.001 . Memory (MB): peak = 1825.133 ; gain = 0.000
Phase 1.1 Placer Initialization Netlist Sorting | Checksum: 1678d87bc

Time (s): cpu = 00:00:00 ; elapsed = 00:00:00.017 . Memory (MB): peak = 1825.133 ; gain = 0.000
Netlist sorting complete. Time (s): cpu = 00:00:00 ; elapsed = 00:00:00 . Memory (MB): peak = 1825.133 ; gain = 0.000

Phase 1.2 IO Placement/ Clock Placement/ Build Placer Device
INFO: [Timing 38-35] Done setting XDC timing constraints.
Phase 1.2 IO Placement/ Clock Placement/ Build Placer Device | Checksum: 12737230e

Time (s): cpu = 00:00:00 ; elapsed = 00:00:00.431 . Memory (MB): peak = 1825.133 ; gain = 0.000

Phase 1.3 Build Placer Netlist Model
Phase 1.3 Build Placer Netlist Model | Checksum: 1f25b999b

Time (s): cpu = 00:00:00 ; elapsed = 00:00:00.620 . Memory (MB): peak = 1825.133 ; gain = 0.000

Phase 1.4 Constrain Clocks/Macros
Phase 1.4 Constrain Clocks/Macros | Checksum: 1f25b999b

Time (s): cpu = 00:00:00 ; elapsed = 00:00:00.628 . Memory (MB): peak = 1825.133 ; gain = 0.000
Phase 1 Placer Initialization | Checksum: 1f25b999b

Time (s): cpu = 00:00:00 ; elapsed = 00:00:00.635 . Memory (MB): peak = 1825.133 ; gain = 0.000

Phase 2 Global Placement

Phase 2.1 Floorplanning
Phase 2.1 Floorplanning | Checksum: 1e9088ea4

Time (s): cpu = 00:00:01 ; elapsed = 00:00:00.707 . Memory (MB): peak = 1825.133 ; gain = 0.000

Phase 2.2 Global Placement Core

Phase 2.2.1 Physical Synthesis In Placer
INFO: [Physopt 32-1018] Found 14 candidate LUT instances to create LUTNM shape
INFO: [Physopt 32-775] End 1 Pass. Optimized 7 nets or cells. Created 0 new cell, deleted 7 existing cells and moved 0 existing cell
INFO: [Physopt 32-65] No nets found for high-fanout optimization.
INFO: [Physopt 32-232] Optimized 0 net. Created 0 new instance.
INFO: [Physopt 32-775] End 1 Pass. Optimized 0 net or cell. Created 0 new cell, deleted 0 existing cell and moved 0 existing cell
INFO: [Physopt 32-670] No setup violation found.  DSP Register Optimization was not performed.
INFO: [Physopt 32-670] No setup violation found.  Shift Register to Pipeline Optimization was not performed.
INFO: [Physopt 32-670] No setup violation found.  Shift Register Optimization was not performed.
INFO: [Physopt 32-670] No setup violation found.  BRAM Register Optimization was not performed.
INFO: [Physopt 32-949] No candidate nets found for HD net replication
INFO: [Physopt 32-775] End 1 Pass. Optimized 0 net or cell. Created 0 new cell, deleted 0 existing cell and moved 0 existing cell
Netlist sorting complete. Time (s): cpu = 00:00:00 ; elapsed = 00:00:00.001 . Memory (MB): peak = 1825.133 ; gain = 0.000

Summary of Physical Synthesis Optimizations
============================================


-----------------------------------------------------------------------------------------------------------------------------------------------------------
|  Optimization                                     |  Added Cells  |  Removed Cells  |  Optimized Cells/Nets  |  Dont Touch  |  Iterations  |  Elapsed   |
-----------------------------------------------------------------------------------------------------------------------------------------------------------
|  LUT Combining                                    |            0  |              7  |                     7  |           0  |           1  |  00:00:00  |
|  Very High Fanout                                 |            0  |              0  |                     0  |           0  |           1  |  00:00:00  |
|  DSP Register                                     |            0  |              0  |                     0  |           0  |           0  |  00:00:00  |
|  Shift Register to Pipeline                       |            0  |              0  |                     0  |           0  |           0  |  00:00:00  |
|  Shift Register                                   |            0  |              0  |                     0  |           0  |           0  |  00:00:00  |
|  BRAM Register                                    |            0  |              0  |                     0  |           0  |           0  |  00:00:00  |
|  Dynamic/Static Region Interface Net Replication  |            0  |              0  |                     0  |           0  |           1  |  00:00:00  |
|  Total                                            |            0  |              7  |                     7  |           0  |           3  |  00:00:00  |
-----------------------------------------------------------------------------------------------------------------------------------------------------------


Phase 2.2.1 Physical Synthesis In Placer | Checksum: 1202972f3

Time (s): cpu = 00:00:02 ; elapsed = 00:00:02 . Memory (MB): peak = 1825.133 ; gain = 0.000
Phase 2.2 Global Placement Core | Checksum: 143b834e1

Time (s): cpu = 00:00:02 ; elapsed = 00:00:02 . Memory (MB): peak = 1825.133 ; gain = 0.000
Phase 2 Global Placement | Checksum: 143b834e1

Time (s): cpu = 00:00:02 ; elapsed = 00:00:02 . Memory (MB): peak = 1825.133 ; gain = 0.000

Phase 3 Detail Placement

Phase 3.1 Commit Multi Column Macros
Phase 3.1 Commit Multi Column Macros | Checksum: 117430496

Time (s): cpu = 00:00:02 ; elapsed = 00:00:02 . Memory (MB): peak = 1825.133 ; gain = 0.000

Phase 3.2 Commit Most Macros & LUTRAMs
Phase 3.2 Commit Most Macros & LUTRAMs | Checksum: 13405b431

Time (s): cpu = 00:00:03 ; elapsed = 00:00:02 . Memory (MB): peak = 1825.133 ; gain = 0.000

Phase 3.3 Area Swap Optimization
Phase 3.3 Area Swap Optimization | Checksum: 9c99cff5

Time (s): cpu = 00:00:03 ; elapsed = 00:00:02 . Memory (MB): peak = 1825.133 ; gain = 0.000

Phase 3.4 Pipeline Register Optimization
Phase 3.4 Pipeline Register Optimization | Checksum: 12bd37d84

Time (s): cpu = 00:00:03 ; elapsed = 00:00:02 . Memory (MB): peak = 1825.133 ; gain = 0.000

Phase 3.5 Small Shape Detail Placement
Phase 3.5 Small Shape Detail Placement | Checksum: 1399487b9

Time (s): cpu = 00:00:03 ; elapsed = 00:00:02 . Memory (MB): peak = 1825.133 ; gain = 0.000

Phase 3.6 Re-assign LUT pins
Phase 3.6 Re-assign LUT pins | Checksum: d6b423fb

Time (s): cpu = 00:00:03 ; elapsed = 00:00:02 . Memory (MB): peak = 1825.133 ; gain = 0.000

Phase 3.7 Pipeline Register Optimization
Phase 3.7 Pipeline Register Optimization | Checksum: 1259e9228

Time (s): cpu = 00:00:03 ; elapsed = 00:00:02 . Memory (MB): peak = 1825.133 ; gain = 0.000
Phase 3 Detail Placement | Checksum: 1259e9228

Time (s): cpu = 00:00:03 ; elapsed = 00:00:02 . Memory (MB): peak = 1825.133 ; gain = 0.000

Phase 4 Post Placement Optimization and Clean-Up

Phase 4.1 Post Commit Optimization
INFO: [Timing 38-35] Done setting XDC timing constraints.

Phase 4.1.1 Post Placement Optimization
Post Placement Optimization Initialization | Checksum: 1c7477675

Phase 4.1.1.1 BUFG Insertion
INFO: [Place 46-56] BUFG insertion identified 0 candidate nets. Inserted BUFG: 0, Replicated BUFG Driver: 0, Skipped due to Placement/Routing Conflicts: 0, Skipped due to Timing Degradation: 0, Skipped due to Illegal Netlist: 0.
Phase 4.1.1.1 BUFG Insertion | Checksum: 1c7477675

Time (s): cpu = 00:00:04 ; elapsed = 00:00:03 . Memory (MB): peak = 1825.133 ; gain = 0.000
INFO: [Place 30-746] Post Placement Timing Summary WNS=12.450. For the most accurate timing information please run report_timing.
Phase 4.1.1 Post Placement Optimization | Checksum: f8535677

Time (s): cpu = 00:00:04 ; elapsed = 00:00:03 . Memory (MB): peak = 1825.133 ; gain = 0.000
Phase 4.1 Post Commit Optimization | Checksum: f8535677

Time (s): cpu = 00:00:04 ; elapsed = 00:00:03 . Memory (MB): peak = 1825.133 ; gain = 0.000

Phase 4.2 Post Placement Cleanup
Phase 4.2 Post Placement Cleanup | Checksum: f8535677

Time (s): cpu = 00:00:04 ; elapsed = 00:00:03 . Memory (MB): peak = 1825.133 ; gain = 0.000

Phase 4.3 Placer Reporting
Phase 4.3 Placer Reporting | Checksum: f8535677

Time (s): cpu = 00:00:04 ; elapsed = 00:00:03 . Memory (MB): peak = 1825.133 ; gain = 0.000

Phase 4.4 Final Placement Cleanup
Netlist sorting complete. Time (s): cpu = 00:00:00 ; elapsed = 00:00:00 . Memory (MB): peak = 1825.133 ; gain = 0.000
Phase 4.4 Final Placement Cleanup | Checksum: 6200a95f

Time (s): cpu = 00:00:04 ; elapsed = 00:00:03 . Memory (MB): peak = 1825.133 ; gain = 0.000
Phase 4 Post Placement Optimization and Clean-Up | Checksum: 6200a95f

Time (s): cpu = 00:00:04 ; elapsed = 00:00:03 . Memory (MB): peak = 1825.133 ; gain = 0.000
Ending Placer Task | Checksum: 617c4a4d

Time (s): cpu = 00:00:04 ; elapsed = 00:00:03 . Memory (MB): peak = 1825.133 ; gain = 0.000
INFO: [Common 17-83] Releasing license: Implementation
71 Infos, 1 Warnings, 0 Critical Warnings and 0 Errors encountered.
place_design completed successfully
Netlist sorting complete. Time (s): cpu = 00:00:00 ; elapsed = 00:00:00.001 . Memory (MB): peak = 1825.133 ; gain = 0.000
INFO: [Timing 38-480] Writing timing data to binary archive.
Writing placer database...
Writing XDEF routing.
Writing XDEF routing logical nets.
Writing XDEF routing special nets.
Write XDEF Complete: Time (s): cpu = 00:00:00 ; elapsed = 00:00:02 . Memory (MB): peak = 1825.133 ; gain = 0.000
INFO: [Common 17-1381] The checkpoint 'H:/SOC_Project/SOC_AES_PROJECT/SOC_project_core2/SOC_AES_ECB_2/project_1.runs/impl_1/AES_ECB_wrapper_placed.dcp' has been generated.
write_checkpoint: Time (s): cpu = 00:00:00 ; elapsed = 00:00:05 . Memory (MB): peak = 1825.133 ; gain = 0.000
INFO: [runtcl-4] Executing : report_io -file AES_ECB_wrapper_io_placed.rpt
report_io: Time (s): cpu = 00:00:00 ; elapsed = 00:00:00.093 . Memory (MB): peak = 1825.133 ; gain = 0.000
INFO: [runtcl-4] Executing : report_utilization -file AES_ECB_wrapper_utilization_placed.rpt -pb AES_ECB_wrapper_utilization_placed.pb
INFO: [runtcl-4] Executing : report_control_sets -verbose -file AES_ECB_wrapper_control_sets_placed.rpt
report_control_sets: Time (s): cpu = 00:00:00 ; elapsed = 00:00:00.025 . Memory (MB): peak = 1825.133 ; gain = 0.000
Command: phys_opt_design
Attempting to get a license for feature 'Implementation' and/or device 'xc7z010'
INFO: [Common 17-349] Got license for feature 'Implementation' and/or device 'xc7z010'
INFO: [Vivado_Tcl 4-383] Design worst setup slack (WNS) is greater than or equal to 0.250 ns. Skipping all physical synthesis optimizations.
INFO: [Vivado_Tcl 4-232] No setup violation found. The netlist was not modified.
INFO: [Common 17-83] Releasing license: Implementation
80 Infos, 1 Warnings, 0 Critical Warnings and 0 Errors encountered.
phys_opt_design completed successfully
Netlist sorting complete. Time (s): cpu = 00:00:00 ; elapsed = 00:00:00.001 . Memory (MB): peak = 1825.133 ; gain = 0.000
INFO: [Timing 38-480] Writing timing data to binary archive.
Writing placer database...
Writing XDEF routing.
Writing XDEF routing logical nets.
Writing XDEF routing special nets.
Write XDEF Complete: Time (s): cpu = 00:00:00 ; elapsed = 00:00:02 . Memory (MB): peak = 1825.133 ; gain = 0.000
INFO: [Common 17-1381] The checkpoint 'H:/SOC_Project/SOC_AES_PROJECT/SOC_project_core2/SOC_AES_ECB_2/project_1.runs/impl_1/AES_ECB_wrapper_physopt.dcp' has been generated.
write_checkpoint: Time (s): cpu = 00:00:01 ; elapsed = 00:00:05 . Memory (MB): peak = 1825.133 ; gain = 0.000
Command: route_design
Attempting to get a license for feature 'Implementation' and/or device 'xc7z010'
INFO: [Common 17-349] Got license for feature 'Implementation' and/or device 'xc7z010'
Running DRC as a precondition to command route_design
INFO: [DRC 23-27] Running DRC with 2 threads
INFO: [Vivado_Tcl 4-198] DRC finished with 0 Errors
INFO: [Vivado_Tcl 4-199] Please refer to the DRC report (report_drc) for more information.


Starting Routing Task
INFO: [Route 35-254] Multithreading enabled for route_design using a maximum of 2 CPUs
Checksum: PlaceDB: 57f7f966 ConstDB: 0 ShapeSum: 98450e7 RouteDB: 0

Phase 1 Build RT Design
Phase 1 Build RT Design | Checksum: 13fa08be6

Time (s): cpu = 00:00:06 ; elapsed = 00:00:06 . Memory (MB): peak = 1825.133 ; gain = 0.000
Post Restoration Checksum: NetGraph: d7a5b5e2 NumContArr: 67fad604 Constraints: 0 Timing: 0

Phase 2 Router Initialization

Phase 2.1 Create Timer
Phase 2.1 Create Timer | Checksum: 13fa08be6

Time (s): cpu = 00:00:06 ; elapsed = 00:00:06 . Memory (MB): peak = 1825.133 ; gain = 0.000

Phase 2.2 Fix Topology Constraints
Phase 2.2 Fix Topology Constraints | Checksum: 13fa08be6

Time (s): cpu = 00:00:06 ; elapsed = 00:00:06 . Memory (MB): peak = 1825.133 ; gain = 0.000

Phase 2.3 Pre Route Cleanup
Phase 2.3 Pre Route Cleanup | Checksum: 13fa08be6

Time (s): cpu = 00:00:06 ; elapsed = 00:00:06 . Memory (MB): peak = 1825.133 ; gain = 0.000
 Number of Nodes with overlaps = 0

Phase 2.4 Update Timing
Phase 2.4 Update Timing | Checksum: 13cf902d2

Time (s): cpu = 00:00:06 ; elapsed = 00:00:06 . Memory (MB): peak = 1825.133 ; gain = 0.000
INFO: [Route 35-416] Intermediate Timing Summary | WNS=12.469 | TNS=0.000  | WHS=-0.143 | THS=-19.381|

Phase 2 Router Initialization | Checksum: 1530c2cc2

Time (s): cpu = 00:00:06 ; elapsed = 00:00:06 . Memory (MB): peak = 1825.133 ; gain = 0.000

Router Utilization Summary
  Global Vertical Routing Utilization    = 0 %
  Global Horizontal Routing Utilization  = 0 %
  Routable Net Status*
  *Does not include unroutable nets such as driverless and loadless.
  Run report_route_status for detailed report.
  Number of Failed Nets               = 2263
    (Failed Nets is the sum of unrouted and partially routed nets)
  Number of Unrouted Nets             = 2263
  Number of Partially Routed Nets     = 0
  Number of Node Overlaps             = 0


Phase 3 Initial Routing
Phase 3 Initial Routing | Checksum: 1769585ff

Time (s): cpu = 00:00:07 ; elapsed = 00:00:06 . Memory (MB): peak = 1825.133 ; gain = 0.000

Phase 4 Rip-up And Reroute

Phase 4.1 Global Iteration 0
 Number of Nodes with overlaps = 231
 Number of Nodes with overlaps = 1
 Number of Nodes with overlaps = 0
INFO: [Route 35-416] Intermediate Timing Summary | WNS=11.250 | TNS=0.000  | WHS=N/A    | THS=N/A    |

Phase 4.1 Global Iteration 0 | Checksum: 14972eb52

Time (s): cpu = 00:00:07 ; elapsed = 00:00:07 . Memory (MB): peak = 1825.133 ; gain = 0.000

Phase 4.2 Global Iteration 1
 Number of Nodes with overlaps = 0
INFO: [Route 35-416] Intermediate Timing Summary | WNS=11.250 | TNS=0.000  | WHS=N/A    | THS=N/A    |

Phase 4.2 Global Iteration 1 | Checksum: 1a036e03a

Time (s): cpu = 00:00:07 ; elapsed = 00:00:07 . Memory (MB): peak = 1825.133 ; gain = 0.000
Phase 4 Rip-up And Reroute | Checksum: 1a036e03a

Time (s): cpu = 00:00:07 ; elapsed = 00:00:07 . Memory (MB): peak = 1825.133 ; gain = 0.000

Phase 5 Delay and Skew Optimization

Phase 5.1 Delay CleanUp
Phase 5.1 Delay CleanUp | Checksum: 1a036e03a

Time (s): cpu = 00:00:07 ; elapsed = 00:00:07 . Memory (MB): peak = 1825.133 ; gain = 0.000

Phase 5.2 Clock Skew Optimization
Phase 5.2 Clock Skew Optimization | Checksum: 1a036e03a

Time (s): cpu = 00:00:07 ; elapsed = 00:00:07 . Memory (MB): peak = 1825.133 ; gain = 0.000
Phase 5 Delay and Skew Optimization | Checksum: 1a036e03a

Time (s): cpu = 00:00:07 ; elapsed = 00:00:07 . Memory (MB): peak = 1825.133 ; gain = 0.000

Phase 6 Post Hold Fix

Phase 6.1 Hold Fix Iter

Phase 6.1.1 Update Timing
Phase 6.1.1 Update Timing | Checksum: 1a0f4a587

Time (s): cpu = 00:00:08 ; elapsed = 00:00:07 . Memory (MB): peak = 1825.133 ; gain = 0.000
INFO: [Route 35-416] Intermediate Timing Summary | WNS=11.263 | TNS=0.000  | WHS=0.050  | THS=0.000  |

Phase 6.1 Hold Fix Iter | Checksum: 14e420844

Time (s): cpu = 00:00:08 ; elapsed = 00:00:07 . Memory (MB): peak = 1825.133 ; gain = 0.000
Phase 6 Post Hold Fix | Checksum: 14e420844

Time (s): cpu = 00:00:08 ; elapsed = 00:00:07 . Memory (MB): peak = 1825.133 ; gain = 0.000

Phase 7 Route finalize

Router Utilization Summary
  Global Vertical Routing Utilization    = 1.17539 %
  Global Horizontal Routing Utilization  = 1.58042 %
  Routable Net Status*
  *Does not include unroutable nets such as driverless and loadless.
  Run report_route_status for detailed report.
  Number of Failed Nets               = 0
    (Failed Nets is the sum of unrouted and partially routed nets)
  Number of Unrouted Nets             = 0
  Number of Partially Routed Nets     = 0
  Number of Node Overlaps             = 0

Phase 7 Route finalize | Checksum: 1759313a3

Time (s): cpu = 00:00:08 ; elapsed = 00:00:07 . Memory (MB): peak = 1825.133 ; gain = 0.000

Phase 8 Verifying routed nets

 Verification completed successfully
Phase 8 Verifying routed nets | Checksum: 1759313a3

Time (s): cpu = 00:00:08 ; elapsed = 00:00:07 . Memory (MB): peak = 1825.133 ; gain = 0.000

Phase 9 Depositing Routes
Phase 9 Depositing Routes | Checksum: 16e89f03f

Time (s): cpu = 00:00:08 ; elapsed = 00:00:07 . Memory (MB): peak = 1825.133 ; gain = 0.000

Phase 10 Post Router Timing
INFO: [Route 35-57] Estimated Timing Summary | WNS=11.263 | TNS=0.000  | WHS=0.050  | THS=0.000  |

INFO: [Route 35-327] The final timing numbers are based on the router estimated timing analysis. For a complete and accurate timing signoff, please run report_timing_summary.
Phase 10 Post Router Timing | Checksum: 16e89f03f

Time (s): cpu = 00:00:08 ; elapsed = 00:00:07 . Memory (MB): peak = 1825.133 ; gain = 0.000
INFO: [Route 35-16] Router Completed Successfully

Time (s): cpu = 00:00:08 ; elapsed = 00:00:07 . Memory (MB): peak = 1825.133 ; gain = 0.000

Routing Is Done.
INFO: [Common 17-83] Releasing license: Implementation
95 Infos, 1 Warnings, 0 Critical Warnings and 0 Errors encountered.
route_design completed successfully
route_design: Time (s): cpu = 00:00:09 ; elapsed = 00:00:08 . Memory (MB): peak = 1825.133 ; gain = 0.000
Netlist sorting complete. Time (s): cpu = 00:00:00 ; elapsed = 00:00:00.001 . Memory (MB): peak = 1825.133 ; gain = 0.000
INFO: [Timing 38-480] Writing timing data to binary archive.
Writing placer database...
Writing XDEF routing.
Writing XDEF routing logical nets.
Writing XDEF routing special nets.
Write XDEF Complete: Time (s): cpu = 00:00:00 ; elapsed = 00:00:03 . Memory (MB): peak = 1825.133 ; gain = 0.000
INFO: [Common 17-1381] The checkpoint 'H:/SOC_Project/SOC_AES_PROJECT/SOC_project_core2/SOC_AES_ECB_2/project_1.runs/impl_1/AES_ECB_wrapper_routed.dcp' has been generated.
write_checkpoint: Time (s): cpu = 00:00:01 ; elapsed = 00:00:06 . Memory (MB): peak = 1825.133 ; gain = 0.000
INFO: [runtcl-4] Executing : report_drc -file AES_ECB_wrapper_drc_routed.rpt -pb AES_ECB_wrapper_drc_routed.pb -rpx AES_ECB_wrapper_drc_routed.rpx
Command: report_drc -file AES_ECB_wrapper_drc_routed.rpt -pb AES_ECB_wrapper_drc_routed.pb -rpx AES_ECB_wrapper_drc_routed.rpx
INFO: [IP_Flow 19-1839] IP Catalog is up to date.
INFO: [DRC 23-27] Running DRC with 2 threads
INFO: [Coretcl 2-168] The results of DRC are in file H:/SOC_Project/SOC_AES_PROJECT/SOC_project_core2/SOC_AES_ECB_2/project_1.runs/impl_1/AES_ECB_wrapper_drc_routed.rpt.
report_drc completed successfully
INFO: [runtcl-4] Executing : report_methodology -file AES_ECB_wrapper_methodology_drc_routed.rpt -pb AES_ECB_wrapper_methodology_drc_routed.pb -rpx AES_ECB_wrapper_methodology_drc_routed.rpx
Command: report_methodology -file AES_ECB_wrapper_methodology_drc_routed.rpt -pb AES_ECB_wrapper_methodology_drc_routed.pb -rpx AES_ECB_wrapper_methodology_drc_routed.rpx
INFO: [Timing 38-35] Done setting XDC timing constraints.
INFO: [DRC 23-133] Running Methodology with 2 threads
INFO: [Coretcl 2-1520] The results of Report Methodology are in file H:/SOC_Project/SOC_AES_PROJECT/SOC_project_core2/SOC_AES_ECB_2/project_1.runs/impl_1/AES_ECB_wrapper_methodology_drc_routed.rpt.
report_methodology completed successfully
INFO: [runtcl-4] Executing : report_power -file AES_ECB_wrapper_power_routed.rpt -pb AES_ECB_wrapper_power_summary_routed.pb -rpx AES_ECB_wrapper_power_routed.rpx
Command: report_power -file AES_ECB_wrapper_power_routed.rpt -pb AES_ECB_wrapper_power_summary_routed.pb -rpx AES_ECB_wrapper_power_routed.rpx
INFO: [Timing 38-35] Done setting XDC timing constraints.
Running Vector-less Activity Propagation...

Finished Running Vector-less Activity Propagation
107 Infos, 1 Warnings, 0 Critical Warnings and 0 Errors encountered.
report_power completed successfully
INFO: [runtcl-4] Executing : report_route_status -file AES_ECB_wrapper_route_status.rpt -pb AES_ECB_wrapper_route_status.pb
INFO: [runtcl-4] Executing : report_timing_summary -max_paths 10 -file AES_ECB_wrapper_timing_summary_routed.rpt -pb AES_ECB_wrapper_timing_summary_routed.pb -rpx AES_ECB_wrapper_timing_summary_routed.rpx -warn_on_violation 
INFO: [Timing 38-91] UpdateTimingParams: Speed grade: -1, Delay Type: min_max.
INFO: [Timing 38-191] Multithreading enabled for timing update using a maximum of 2 CPUs
INFO: [runtcl-4] Executing : report_incremental_reuse -file AES_ECB_wrapper_incremental_reuse_routed.rpt
INFO: [Vivado_Tcl 4-1062] Incremental flow is disabled. No incremental reuse Info to report.
INFO: [runtcl-4] Executing : report_clock_utilization -file AES_ECB_wrapper_clock_utilization_routed.rpt
INFO: [runtcl-4] Executing : report_bus_skew -warn_on_violation -file AES_ECB_wrapper_bus_skew_routed.rpt -pb AES_ECB_wrapper_bus_skew_routed.pb -rpx AES_ECB_wrapper_bus_skew_routed.rpx
INFO: [Timing 38-91] UpdateTimingParams: Speed grade: -1, Delay Type: min_max.
INFO: [Timing 38-191] Multithreading enabled for timing update using a maximum of 2 CPUs
Command: write_bitstream -force AES_ECB_wrapper.bit
Attempting to get a license for feature 'Implementation' and/or device 'xc7z010'
INFO: [Common 17-349] Got license for feature 'Implementation' and/or device 'xc7z010'
Running DRC as a precondition to command write_bitstream
INFO: [IP_Flow 19-1839] IP Catalog is up to date.
INFO: [DRC 23-27] Running DRC with 2 threads
INFO: [Vivado 12-3199] DRC finished with 0 Errors
INFO: [Vivado 12-3200] Please refer to the DRC report (report_drc) for more information.
INFO: [Designutils 20-2272] Running write_bitstream with 2 threads.
Loading data files...
Loading site data...
Loading route data...
Processing options...
Creating bitmap...
Creating bitstream...
Writing bitstream ./AES_ECB_wrapper.bit...
INFO: [Vivado 12-1842] Bitgen Completed Successfully.
INFO: [Project 1-118] WebTalk data collection is enabled (User setting is ON. Install Setting is ON.).
INFO: [Common 17-83] Releasing license: Implementation
126 Infos, 1 Warnings, 0 Critical Warnings and 0 Errors encountered.
write_bitstream completed successfully
write_bitstream: Time (s): cpu = 00:00:07 ; elapsed = 00:00:08 . Memory (MB): peak = 2249.375 ; gain = 413.316
INFO: [Common 17-206] Exiting Vivado at Thu Oct 24 17:56:42 2024...
