#-----------------------------------------------------------
# Vivado v2019.2 (64-bit)
# SW Build 2708876 on Wed Nov  6 21:40:23 MST 2019
# IP Build 2700528 on Thu Nov  7 00:09:20 MST 2019
# Start of session at: Wed Oct 16 08:15:33 2024
# Process ID: 6264
# Current directory: H:/project/SoC_project
# Command line: vivado.exe -gui_launcher_event rodinguilauncherevent11620 H:\project\SoC_project\SoC_project.xpr
# Log file: H:/project/SoC_project/vivado.log
# Journal file: H:/project/SoC_project\vivado.jou
#-----------------------------------------------------------
start_gui
open_project H:/project/SoC_project/SoC_project.xpr
Scanning sources...
Finished scanning sources
INFO: [IP_Flow 19-234] Refreshing IP repositories
INFO: [IP_Flow 19-1700] Loaded user IP repository 'h:/project/ip_repo/AES_IP_1.0'.
WARNING: [IP_Flow 19-2207] Repository 'h:/project/ip_repo/AES_IP_1.0' already exists; ignoring attempt to add it again.
INFO: [IP_Flow 19-1700] Loaded user IP repository 'h:/project/ip_repo/AES_IP_1.0'.
WARNING: [IP_Flow 19-2207] Repository 'h:/project/ip_repo/AES_IP_1.0' already exists; ignoring attempt to add it again.
INFO: [IP_Flow 19-1700] Loaded user IP repository 'h:/project/ip_repo/AES_IP_1.0'.
INFO: [IP_Flow 19-2313] Loaded Vivado IP repository 'C:/Xilinx/Vivado/2019.2/data/ip'.
open_project: Time (s): cpu = 00:00:08 ; elapsed = 00:00:07 . Memory (MB): peak = 970.914 ; gain = 247.246
update_compile_order -fileset sources_1
open_bd_design {H:/project/SoC_project/SoC_project.srcs/sources_1/bd/design_aes/design_aes.bd}
Adding component instance block -- xilinx.com:ip:processing_system7:5.5 - processing_system7_0
WARNING: [BD 41-176] The physical port 'S_AXI_GP2_rd_socket' specified in the portmap, is not found on the block! 
WARNING: [BD 41-176] The physical port 'S_AXI_GP2_wr_socket' specified in the portmap, is not found on the block! 
WARNING: [BD 41-176] The physical port 'S_AXI_GP3_rd_socket' specified in the portmap, is not found on the block! 
WARNING: [BD 41-176] The physical port 'S_AXI_GP3_wr_socket' specified in the portmap, is not found on the block! 
Adding component instance block -- xilinx.com:ip:axi_interconnect:2.1 - ps7_0_axi_periph
Adding component instance block -- xilinx.com:ip:axi_protocol_converter:2.1 - auto_pc
Adding component instance block -- xilinx.com:ip:proc_sys_reset:5.0 - rst_ps7_0_50M
Adding component instance block -- inpg.fr:user:AES_IP:1.0 - AES_IP_0
Successfully read diagram <design_aes> from BD file <H:/project/SoC_project/SoC_project.srcs/sources_1/bd/design_aes/design_aes.bd>
exit
INFO: [Common 17-206] Exiting Vivado at Wed Oct 16 08:18:00 2024...
