#-----------------------------------------------------------
# Vivado v2019.2 (64-bit)
# SW Build 2708876 on Wed Nov  6 21:40:23 MST 2019
# IP Build 2700528 on Thu Nov  7 00:09:20 MST 2019
# Start of session at: Wed Oct 23 08:37:38 2024
# Process ID: 784
# Current directory: H:/project/SoC_project
# Command line: vivado.exe -gui_launcher_event rodinguilauncherevent8148 H:\project\SoC_project\SoC_project.xpr
# Log file: H:/project/SoC_project/vivado.log
# Journal file: H:/project/SoC_project\vivado.jou
#-----------------------------------------------------------
start_gui
open_project H:/project/SoC_project/SoC_project.xpr
Scanning sources...
Finished scanning sources
INFO: [IP_Flow 19-234] Refreshing IP repositories
INFO: [IP_Flow 19-1700] Loaded user IP repository 'h:/project/ip_repo/AES_IP_1.0'.
WARNING: [IP_Flow 19-2207] Repository 'h:/project/ip_repo/AES_IP_1.0' already exists; ignoring attempt to add it again.
INFO: [IP_Flow 19-1700] Loaded user IP repository 'h:/project/ip_repo/AES_IP_1.0'.
WARNING: [IP_Flow 19-2207] Repository 'h:/project/ip_repo/AES_IP_1.0' already exists; ignoring attempt to add it again.
INFO: [IP_Flow 19-1700] Loaded user IP repository 'h:/project/ip_repo/AES_IP_1.0'.
INFO: [IP_Flow 19-2313] Loaded Vivado IP repository 'C:/Xilinx/Vivado/2019.2/data/ip'.
open_project: Time (s): cpu = 00:00:09 ; elapsed = 00:00:08 . Memory (MB): peak = 1006.066 ; gain = 270.793
update_compile_order -fileset sources_1
